CRITICAL - 2022-09-28 02:36:02 --> Undefined property: App\Controllers\Category::$ModelCategroy
in APPPATH\Controllers\Category.php on line 41.
 1 APPPATH\Controllers\Category.php(41): CodeIgniter\Debug\Exceptions->errorHandler(2, 'Undefined property: App\\Controllers\\Category::$ModelCategroy', 'APPPATH\\Controllers\\Category.php', 41)
 2 SYSTEMPATH\CodeIgniter.php(898): App\Controllers\Category->UpdateData('8')
 3 SYSTEMPATH\CodeIgniter.php(457): CodeIgniter\CodeIgniter->runController(Object(App\Controllers\Category))
 4 SYSTEMPATH\CodeIgniter.php(340): CodeIgniter\CodeIgniter->handleRequest(null, Object(Config\Cache), false)
 5 FCPATH\index.php(67): CodeIgniter\CodeIgniter->run()
CRITICAL - 2022-09-28 02:40:04 --> Undefined property: App\Controllers\Category::$ModelCategroy
in APPPATH\Controllers\Category.php on line 41.
 1 APPPATH\Controllers\Category.php(41): CodeIgniter\Debug\Exceptions->errorHandler(2, 'Undefined property: App\\Controllers\\Category::$ModelCategroy', 'APPPATH\\Controllers\\Category.php', 41)
 2 SYSTEMPATH\CodeIgniter.php(898): App\Controllers\Category->UpdateData('4')
 3 SYSTEMPATH\CodeIgniter.php(457): CodeIgniter\CodeIgniter->runController(Object(App\Controllers\Category))
 4 SYSTEMPATH\CodeIgniter.php(340): CodeIgniter\CodeIgniter->handleRequest(null, Object(Config\Cache), false)
 5 FCPATH\index.php(67): CodeIgniter\CodeIgniter->run()
CRITICAL - 2022-09-28 02:47:24 --> Undefined property: App\Controllers\Category::$ModelCategroy
in APPPATH\Controllers\Category.php on line 41.
 1 APPPATH\Controllers\Category.php(41): CodeIgniter\Debug\Exceptions->errorHandler(2, 'Undefined property: App\\Controllers\\Category::$ModelCategroy', 'APPPATH\\Controllers\\Category.php', 41)
 2 SYSTEMPATH\CodeIgniter.php(898): App\Controllers\Category->UpdateData('4')
 3 SYSTEMPATH\CodeIgniter.php(457): CodeIgniter\CodeIgniter->runController(Object(App\Controllers\Category))
 4 SYSTEMPATH\CodeIgniter.php(340): CodeIgniter\CodeIgniter->handleRequest(null, Object(Config\Cache), false)
 5 FCPATH\index.php(67): CodeIgniter\CodeIgniter->run()
CRITICAL - 2022-09-28 20:42:12 --> Undefined variable $conection
in APPPATH\Views\v_unit.php on line 35.
 1 APPPATH\Views\v_unit.php(35): CodeIgniter\Debug\Exceptions->errorHandler(2, 'Undefined variable $conection', 'APPPATH\\Views\\v_unit.php', 35)
 2 SYSTEMPATH\View\View.php(213): include('APPPATH\\Views\\v_unit.php')
 3 SYSTEMPATH\View\View.php(216): CodeIgniter\View\View->CodeIgniter\View\{closure}()
 4 SYSTEMPATH\Common.php(1137): CodeIgniter\View\View->render('v_unit', [], true)
 5 APPPATH\Views\v_template.php(313): view('v_unit')
 6 SYSTEMPATH\View\View.php(213): include('APPPATH\\Views\\v_template.php')
 7 SYSTEMPATH\View\View.php(216): CodeIgniter\View\View->CodeIgniter\View\{closure}()
 8 SYSTEMPATH\Common.php(1137): CodeIgniter\View\View->render('v_template', [], true)
 9 APPPATH\Controllers\Unit.php(25): view('v_template', [...])
10 SYSTEMPATH\CodeIgniter.php(898): App\Controllers\Unit->index()
11 SYSTEMPATH\CodeIgniter.php(457): CodeIgniter\CodeIgniter->runController(Object(App\Controllers\Unit))
12 SYSTEMPATH\CodeIgniter.php(340): CodeIgniter\CodeIgniter->handleRequest(null, Object(Config\Cache), false)
13 FCPATH\index.php(67): CodeIgniter\CodeIgniter->run()
CRITICAL - 2022-09-28 20:45:18 --> mysqli_query(): Argument #1 ($mysql) must be of type mysqli, array given
in APPPATH\Views\v_unit.php on line 35.
 1 APPPATH\Views\v_unit.php(35): mysqli_query([...], 'SELECT * From tbl_unit')
 2 SYSTEMPATH\View\View.php(213): include('APPPATH\\Views\\v_unit.php')
 3 SYSTEMPATH\View\View.php(216): CodeIgniter\View\View->CodeIgniter\View\{closure}()
 4 SYSTEMPATH\Common.php(1137): CodeIgniter\View\View->render('v_unit', [], true)
 5 APPPATH\Views\v_template.php(313): view('v_unit')
 6 SYSTEMPATH\View\View.php(213): include('APPPATH\\Views\\v_template.php')
 7 SYSTEMPATH\View\View.php(216): CodeIgniter\View\View->CodeIgniter\View\{closure}()
 8 SYSTEMPATH\Common.php(1137): CodeIgniter\View\View->render('v_template', [], true)
 9 APPPATH\Controllers\Unit.php(25): view('v_template', [...])
10 SYSTEMPATH\CodeIgniter.php(898): App\Controllers\Unit->index()
11 SYSTEMPATH\CodeIgniter.php(457): CodeIgniter\CodeIgniter->runController(Object(App\Controllers\Unit))
12 SYSTEMPATH\CodeIgniter.php(340): CodeIgniter\CodeIgniter->handleRequest(null, Object(Config\Cache), false)
13 FCPATH\index.php(67): CodeIgniter\CodeIgniter->run()
CRITICAL - 2022-09-28 20:52:14 --> Call to a member function result() on array
in APPPATH\Views\v_unit.php on line 37.
 1 SYSTEMPATH\View\View.php(213): include()
 2 SYSTEMPATH\View\View.php(216): CodeIgniter\View\View->CodeIgniter\View\{closure}()
 3 SYSTEMPATH\Common.php(1137): CodeIgniter\View\View->render('v_unit', [], true)
 4 APPPATH\Views\v_template.php(313): view('v_unit')
 5 SYSTEMPATH\View\View.php(213): include('APPPATH\\Views\\v_template.php')
 6 SYSTEMPATH\View\View.php(216): CodeIgniter\View\View->CodeIgniter\View\{closure}()
 7 SYSTEMPATH\Common.php(1137): CodeIgniter\View\View->render('v_template', [], true)
 8 APPPATH\Controllers\Unit.php(25): view('v_template', [...])
 9 SYSTEMPATH\CodeIgniter.php(898): App\Controllers\Unit->index()
10 SYSTEMPATH\CodeIgniter.php(457): CodeIgniter\CodeIgniter->runController(Object(App\Controllers\Unit))
11 SYSTEMPATH\CodeIgniter.php(340): CodeIgniter\CodeIgniter->handleRequest(null, Object(Config\Cache), false)
12 FCPATH\index.php(67): CodeIgniter\CodeIgniter->run()
CRITICAL - 2022-09-28 20:57:49 --> Undefined variable $value
in APPPATH\Views\v_unit.php on line 35.
 1 APPPATH\Views\v_unit.php(35): CodeIgniter\Debug\Exceptions->errorHandler(2, 'Undefined variable $value', 'APPPATH\\Views\\v_unit.php', 35)
 2 SYSTEMPATH\View\View.php(213): include('APPPATH\\Views\\v_unit.php')
 3 SYSTEMPATH\View\View.php(216): CodeIgniter\View\View->CodeIgniter\View\{closure}()
 4 SYSTEMPATH\Common.php(1137): CodeIgniter\View\View->render('v_unit', [], true)
 5 APPPATH\Views\v_template.php(313): view('v_unit')
 6 SYSTEMPATH\View\View.php(213): include('APPPATH\\Views\\v_template.php')
 7 SYSTEMPATH\View\View.php(216): CodeIgniter\View\View->CodeIgniter\View\{closure}()
 8 SYSTEMPATH\Common.php(1137): CodeIgniter\View\View->render('v_template', [], true)
 9 APPPATH\Controllers\Unit.php(25): view('v_template', [...])
10 SYSTEMPATH\CodeIgniter.php(898): App\Controllers\Unit->index()
11 SYSTEMPATH\CodeIgniter.php(457): CodeIgniter\CodeIgniter->runController(Object(App\Controllers\Unit))
12 SYSTEMPATH\CodeIgniter.php(340): CodeIgniter\CodeIgniter->handleRequest(null, Object(Config\Cache), false)
13 FCPATH\index.php(67): CodeIgniter\CodeIgniter->run()
CRITICAL - 2022-09-28 20:58:03 --> Undefined variable $data
in APPPATH\Views\v_unit.php on line 35.
 1 APPPATH\Views\v_unit.php(35): CodeIgniter\Debug\Exceptions->errorHandler(2, 'Undefined variable $data', 'APPPATH\\Views\\v_unit.php', 35)
 2 SYSTEMPATH\View\View.php(213): include('APPPATH\\Views\\v_unit.php')
 3 SYSTEMPATH\View\View.php(216): CodeIgniter\View\View->CodeIgniter\View\{closure}()
 4 SYSTEMPATH\Common.php(1137): CodeIgniter\View\View->render('v_unit', [], true)
 5 APPPATH\Views\v_template.php(313): view('v_unit')
 6 SYSTEMPATH\View\View.php(213): include('APPPATH\\Views\\v_template.php')
 7 SYSTEMPATH\View\View.php(216): CodeIgniter\View\View->CodeIgniter\View\{closure}()
 8 SYSTEMPATH\Common.php(1137): CodeIgniter\View\View->render('v_template', [], true)
 9 APPPATH\Controllers\Unit.php(25): view('v_template', [...])
10 SYSTEMPATH\CodeIgniter.php(898): App\Controllers\Unit->index()
11 SYSTEMPATH\CodeIgniter.php(457): CodeIgniter\CodeIgniter->runController(Object(App\Controllers\Unit))
12 SYSTEMPATH\CodeIgniter.php(340): CodeIgniter\CodeIgniter->handleRequest(null, Object(Config\Cache), false)
13 FCPATH\index.php(67): CodeIgniter\CodeIgniter->run()
CRITICAL - 2022-09-28 21:51:25 --> Undefined variable $page
in APPPATH\Views\v_template.php on line 312.
 1 APPPATH\Views\v_template.php(312): CodeIgniter\Debug\Exceptions->errorHandler(2, 'Undefined variable $page', 'APPPATH\\Views\\v_template.php', 312)
 2 SYSTEMPATH\View\View.php(213): include('APPPATH\\Views\\v_template.php')
 3 SYSTEMPATH\View\View.php(216): CodeIgniter\View\View->CodeIgniter\View\{closure}()
 4 SYSTEMPATH\Common.php(1137): CodeIgniter\View\View->render('v_template', [], true)
 5 APPPATH\Controllers\Product.php(23): view('v_template', [...])
 6 SYSTEMPATH\CodeIgniter.php(898): App\Controllers\Product->index()
 7 SYSTEMPATH\CodeIgniter.php(457): CodeIgniter\CodeIgniter->runController(Object(App\Controllers\Product))
 8 SYSTEMPATH\CodeIgniter.php(340): CodeIgniter\CodeIgniter->handleRequest(null, Object(Config\Cache), false)
 9 FCPATH\index.php(67): CodeIgniter\CodeIgniter->run()
CRITICAL - 2022-09-28 21:51:42 --> Undefined variable $page
in APPPATH\Views\v_template.php on line 312.
 1 APPPATH\Views\v_template.php(312): CodeIgniter\Debug\Exceptions->errorHandler(2, 'Undefined variable $page', 'APPPATH\\Views\\v_template.php', 312)
 2 SYSTEMPATH\View\View.php(213): include('APPPATH\\Views\\v_template.php')
 3 SYSTEMPATH\View\View.php(216): CodeIgniter\View\View->CodeIgniter\View\{closure}()
 4 SYSTEMPATH\Common.php(1137): CodeIgniter\View\View->render('v_template', [], true)
 5 APPPATH\Controllers\Product.php(23): view('v_template', [...])
 6 SYSTEMPATH\CodeIgniter.php(898): App\Controllers\Product->index()
 7 SYSTEMPATH\CodeIgniter.php(457): CodeIgniter\CodeIgniter->runController(Object(App\Controllers\Product))
 8 SYSTEMPATH\CodeIgniter.php(340): CodeIgniter\CodeIgniter->handleRequest(null, Object(Config\Cache), false)
 9 FCPATH\index.php(67): CodeIgniter\CodeIgniter->run()
CRITICAL - 2022-09-28 21:53:09 --> Undefined variable $page
in APPPATH\Views\v_template.php on line 312.
 1 APPPATH\Views\v_template.php(312): CodeIgniter\Debug\Exceptions->errorHandler(2, 'Undefined variable $page', 'APPPATH\\Views\\v_template.php', 312)
 2 SYSTEMPATH\View\View.php(213): include('APPPATH\\Views\\v_template.php')
 3 SYSTEMPATH\View\View.php(216): CodeIgniter\View\View->CodeIgniter\View\{closure}()
 4 SYSTEMPATH\Common.php(1137): CodeIgniter\View\View->render('v_template', [], true)
 5 APPPATH\Controllers\Product.php(23): view('v_template', [...])
 6 SYSTEMPATH\CodeIgniter.php(898): App\Controllers\Product->index()
 7 SYSTEMPATH\CodeIgniter.php(457): CodeIgniter\CodeIgniter->runController(Object(App\Controllers\Product))
 8 SYSTEMPATH\CodeIgniter.php(340): CodeIgniter\CodeIgniter->handleRequest(null, Object(Config\Cache), false)
 9 FCPATH\index.php(67): CodeIgniter\CodeIgniter->run()
CRITICAL - 2022-09-28 21:53:09 --> Undefined variable $page
in APPPATH\Views\v_template.php on line 312.
 1 APPPATH\Views\v_template.php(312): CodeIgniter\Debug\Exceptions->errorHandler(2, 'Undefined variable $page', 'APPPATH\\Views\\v_template.php', 312)
 2 SYSTEMPATH\View\View.php(213): include('APPPATH\\Views\\v_template.php')
 3 SYSTEMPATH\View\View.php(216): CodeIgniter\View\View->CodeIgniter\View\{closure}()
 4 SYSTEMPATH\Common.php(1137): CodeIgniter\View\View->render('v_template', [], true)
 5 APPPATH\Controllers\Product.php(23): view('v_template', [...])
 6 SYSTEMPATH\CodeIgniter.php(898): App\Controllers\Product->index()
 7 SYSTEMPATH\CodeIgniter.php(457): CodeIgniter\CodeIgniter->runController(Object(App\Controllers\Product))
 8 SYSTEMPATH\CodeIgniter.php(340): CodeIgniter\CodeIgniter->handleRequest(null, Object(Config\Cache), false)
 9 FCPATH\index.php(67): CodeIgniter\CodeIgniter->run()
CRITICAL - 2022-09-28 21:53:10 --> Undefined variable $page
in APPPATH\Views\v_template.php on line 312.
 1 APPPATH\Views\v_template.php(312): CodeIgniter\Debug\Exceptions->errorHandler(2, 'Undefined variable $page', 'APPPATH\\Views\\v_template.php', 312)
 2 SYSTEMPATH\View\View.php(213): include('APPPATH\\Views\\v_template.php')
 3 SYSTEMPATH\View\View.php(216): CodeIgniter\View\View->CodeIgniter\View\{closure}()
 4 SYSTEMPATH\Common.php(1137): CodeIgniter\View\View->render('v_template', [], true)
 5 APPPATH\Controllers\Product.php(23): view('v_template', [...])
 6 SYSTEMPATH\CodeIgniter.php(898): App\Controllers\Product->index()
 7 SYSTEMPATH\CodeIgniter.php(457): CodeIgniter\CodeIgniter->runController(Object(App\Controllers\Product))
 8 SYSTEMPATH\CodeIgniter.php(340): CodeIgniter\CodeIgniter->handleRequest(null, Object(Config\Cache), false)
 9 FCPATH\index.php(67): CodeIgniter\CodeIgniter->run()
CRITICAL - 2022-09-28 21:53:10 --> Undefined variable $page
in APPPATH\Views\v_template.php on line 312.
 1 APPPATH\Views\v_template.php(312): CodeIgniter\Debug\Exceptions->errorHandler(2, 'Undefined variable $page', 'APPPATH\\Views\\v_template.php', 312)
 2 SYSTEMPATH\View\View.php(213): include('APPPATH\\Views\\v_template.php')
 3 SYSTEMPATH\View\View.php(216): CodeIgniter\View\View->CodeIgniter\View\{closure}()
 4 SYSTEMPATH\Common.php(1137): CodeIgniter\View\View->render('v_template', [], true)
 5 APPPATH\Controllers\Product.php(23): view('v_template', [...])
 6 SYSTEMPATH\CodeIgniter.php(898): App\Controllers\Product->index()
 7 SYSTEMPATH\CodeIgniter.php(457): CodeIgniter\CodeIgniter->runController(Object(App\Controllers\Product))
 8 SYSTEMPATH\CodeIgniter.php(340): CodeIgniter\CodeIgniter->handleRequest(null, Object(Config\Cache), false)
 9 FCPATH\index.php(67): CodeIgniter\CodeIgniter->run()
CRITICAL - 2022-09-28 21:53:10 --> Undefined variable $page
in APPPATH\Views\v_template.php on line 312.
 1 APPPATH\Views\v_template.php(312): CodeIgniter\Debug\Exceptions->errorHandler(2, 'Undefined variable $page', 'APPPATH\\Views\\v_template.php', 312)
 2 SYSTEMPATH\View\View.php(213): include('APPPATH\\Views\\v_template.php')
 3 SYSTEMPATH\View\View.php(216): CodeIgniter\View\View->CodeIgniter\View\{closure}()
 4 SYSTEMPATH\Common.php(1137): CodeIgniter\View\View->render('v_template', [], true)
 5 APPPATH\Controllers\Product.php(23): view('v_template', [...])
 6 SYSTEMPATH\CodeIgniter.php(898): App\Controllers\Product->index()
 7 SYSTEMPATH\CodeIgniter.php(457): CodeIgniter\CodeIgniter->runController(Object(App\Controllers\Product))
 8 SYSTEMPATH\CodeIgniter.php(340): CodeIgniter\CodeIgniter->handleRequest(null, Object(Config\Cache), false)
 9 FCPATH\index.php(67): CodeIgniter\CodeIgniter->run()
CRITICAL - 2022-09-28 21:53:10 --> Undefined variable $page
in APPPATH\Views\v_template.php on line 312.
 1 APPPATH\Views\v_template.php(312): CodeIgniter\Debug\Exceptions->errorHandler(2, 'Undefined variable $page', 'APPPATH\\Views\\v_template.php', 312)
 2 SYSTEMPATH\View\View.php(213): include('APPPATH\\Views\\v_template.php')
 3 SYSTEMPATH\View\View.php(216): CodeIgniter\View\View->CodeIgniter\View\{closure}()
 4 SYSTEMPATH\Common.php(1137): CodeIgniter\View\View->render('v_template', [], true)
 5 APPPATH\Controllers\Product.php(23): view('v_template', [...])
 6 SYSTEMPATH\CodeIgniter.php(898): App\Controllers\Product->index()
 7 SYSTEMPATH\CodeIgniter.php(457): CodeIgniter\CodeIgniter->runController(Object(App\Controllers\Product))
 8 SYSTEMPATH\CodeIgniter.php(340): CodeIgniter\CodeIgniter->handleRequest(null, Object(Config\Cache), false)
 9 FCPATH\index.php(67): CodeIgniter\CodeIgniter->run()
CRITICAL - 2022-09-28 21:53:10 --> Undefined variable $page
in APPPATH\Views\v_template.php on line 312.
 1 APPPATH\Views\v_template.php(312): CodeIgniter\Debug\Exceptions->errorHandler(2, 'Undefined variable $page', 'APPPATH\\Views\\v_template.php', 312)
 2 SYSTEMPATH\View\View.php(213): include('APPPATH\\Views\\v_template.php')
 3 SYSTEMPATH\View\View.php(216): CodeIgniter\View\View->CodeIgniter\View\{closure}()
 4 SYSTEMPATH\Common.php(1137): CodeIgniter\View\View->render('v_template', [], true)
 5 APPPATH\Controllers\Product.php(23): view('v_template', [...])
 6 SYSTEMPATH\CodeIgniter.php(898): App\Controllers\Product->index()
 7 SYSTEMPATH\CodeIgniter.php(457): CodeIgniter\CodeIgniter->runController(Object(App\Controllers\Product))
 8 SYSTEMPATH\CodeIgniter.php(340): CodeIgniter\CodeIgniter->handleRequest(null, Object(Config\Cache), false)
 9 FCPATH\index.php(67): CodeIgniter\CodeIgniter->run()
CRITICAL - 2022-09-28 21:53:25 --> Undefined variable $page
in APPPATH\Views\v_template.php on line 312.
 1 APPPATH\Views\v_template.php(312): CodeIgniter\Debug\Exceptions->errorHandler(2, 'Undefined variable $page', 'APPPATH\\Views\\v_template.php', 312)
 2 SYSTEMPATH\View\View.php(213): include('APPPATH\\Views\\v_template.php')
 3 SYSTEMPATH\View\View.php(216): CodeIgniter\View\View->CodeIgniter\View\{closure}()
 4 SYSTEMPATH\Common.php(1137): CodeIgniter\View\View->render('v_template', [], true)
 5 APPPATH\Controllers\Product.php(23): view('v_template', [...])
 6 SYSTEMPATH\CodeIgniter.php(898): App\Controllers\Product->index()
 7 SYSTEMPATH\CodeIgniter.php(457): CodeIgniter\CodeIgniter->runController(Object(App\Controllers\Product))
 8 SYSTEMPATH\CodeIgniter.php(340): CodeIgniter\CodeIgniter->handleRequest(null, Object(Config\Cache), false)
 9 FCPATH\index.php(67): CodeIgniter\CodeIgniter->run()
CRITICAL - 2022-09-28 21:54:51 --> Invalid file: v_prduct.php
in SYSTEMPATH\Exceptions\FrameworkException.php on line 33.
 1 SYSTEMPATH\View\View.php(201): CodeIgniter\Exceptions\FrameworkException::forInvalidFile('v_prduct.php')
 2 SYSTEMPATH\Common.php(1137): CodeIgniter\View\View->render('v_prduct', [], true)
 3 APPPATH\Views\v_template.php(313): view('v_prduct')
 4 SYSTEMPATH\View\View.php(213): include('APPPATH\\Views\\v_template.php')
 5 SYSTEMPATH\View\View.php(216): CodeIgniter\View\View->CodeIgniter\View\{closure}()
 6 SYSTEMPATH\Common.php(1137): CodeIgniter\View\View->render('v_template', [], true)
 7 APPPATH\Controllers\Product.php(24): view('v_template', [...])
 8 SYSTEMPATH\CodeIgniter.php(898): App\Controllers\Product->index()
 9 SYSTEMPATH\CodeIgniter.php(457): CodeIgniter\CodeIgniter->runController(Object(App\Controllers\Product))
10 SYSTEMPATH\CodeIgniter.php(340): CodeIgniter\CodeIgniter->handleRequest(null, Object(Config\Cache), false)
11 FCPATH\index.php(67): CodeIgniter\CodeIgniter->run()
CRITICAL - 2022-09-28 21:55:00 --> Undefined variable $Unit
in APPPATH\Views\v_product.php on line 44.
 1 APPPATH\Views\v_product.php(44): CodeIgniter\Debug\Exceptions->errorHandler(2, 'Undefined variable $Unit', 'APPPATH\\Views\\v_product.php', 44)
 2 SYSTEMPATH\View\View.php(213): include('APPPATH\\Views\\v_product.php')
 3 SYSTEMPATH\View\View.php(216): CodeIgniter\View\View->CodeIgniter\View\{closure}()
 4 SYSTEMPATH\Common.php(1137): CodeIgniter\View\View->render('v_product', [], true)
 5 APPPATH\Views\v_template.php(313): view('v_product')
 6 SYSTEMPATH\View\View.php(213): include('APPPATH\\Views\\v_template.php')
 7 SYSTEMPATH\View\View.php(216): CodeIgniter\View\View->CodeIgniter\View\{closure}()
 8 SYSTEMPATH\Common.php(1137): CodeIgniter\View\View->render('v_template', [], true)
 9 APPPATH\Controllers\Product.php(24): view('v_template', [...])
10 SYSTEMPATH\CodeIgniter.php(898): App\Controllers\Product->index()
11 SYSTEMPATH\CodeIgniter.php(457): CodeIgniter\CodeIgniter->runController(Object(App\Controllers\Product))
12 SYSTEMPATH\CodeIgniter.php(340): CodeIgniter\CodeIgniter->handleRequest(null, Object(Config\Cache), false)
13 FCPATH\index.php(67): CodeIgniter\CodeIgniter->run()
CRITICAL - 2022-09-28 22:07:21 --> Undefined array key "purchase_selling"
in APPPATH\Views\v_product.php on line 51.
 1 APPPATH\Views\v_product.php(51): CodeIgniter\Debug\Exceptions->errorHandler(2, 'Undefined array key "purchase_selling"', 'APPPATH\\Views\\v_product.php', 51)
 2 SYSTEMPATH\View\View.php(213): include('APPPATH\\Views\\v_product.php')
 3 SYSTEMPATH\View\View.php(216): CodeIgniter\View\View->CodeIgniter\View\{closure}()
 4 SYSTEMPATH\Common.php(1137): CodeIgniter\View\View->render('v_product', [], true)
 5 APPPATH\Views\v_template.php(313): view('v_product')
 6 SYSTEMPATH\View\View.php(213): include('APPPATH\\Views\\v_template.php')
 7 SYSTEMPATH\View\View.php(216): CodeIgniter\View\View->CodeIgniter\View\{closure}()
 8 SYSTEMPATH\Common.php(1137): CodeIgniter\View\View->render('v_template', [], true)
 9 APPPATH\Controllers\Product.php(24): view('v_template', [...])
10 SYSTEMPATH\CodeIgniter.php(898): App\Controllers\Product->index()
11 SYSTEMPATH\CodeIgniter.php(457): CodeIgniter\CodeIgniter->runController(Object(App\Controllers\Product))
12 SYSTEMPATH\CodeIgniter.php(340): CodeIgniter\CodeIgniter->handleRequest(null, Object(Config\Cache), false)
13 FCPATH\index.php(67): CodeIgniter\CodeIgniter->run()
CRITICAL - 2022-09-28 22:19:49 --> Undefined array key "name_user"
in APPPATH\Views\v_product.php on line 83.
 1 APPPATH\Views\v_product.php(83): CodeIgniter\Debug\Exceptions->errorHandler(2, 'Undefined array key "name_user"', 'APPPATH\\Views\\v_product.php', 83)
 2 SYSTEMPATH\View\View.php(213): include('APPPATH\\Views\\v_product.php')
 3 SYSTEMPATH\View\View.php(216): CodeIgniter\View\View->CodeIgniter\View\{closure}()
 4 SYSTEMPATH\Common.php(1137): CodeIgniter\View\View->render('v_product', [], true)
 5 APPPATH\Views\v_template.php(313): view('v_product')
 6 SYSTEMPATH\View\View.php(213): include('APPPATH\\Views\\v_template.php')
 7 SYSTEMPATH\View\View.php(216): CodeIgniter\View\View->CodeIgniter\View\{closure}()
 8 SYSTEMPATH\Common.php(1137): CodeIgniter\View\View->render('v_template', [], true)
 9 APPPATH\Controllers\Product.php(24): view('v_template', [...])
10 SYSTEMPATH\CodeIgniter.php(898): App\Controllers\Product->index()
11 SYSTEMPATH\CodeIgniter.php(457): CodeIgniter\CodeIgniter->runController(Object(App\Controllers\Product))
12 SYSTEMPATH\CodeIgniter.php(340): CodeIgniter\CodeIgniter->handleRequest(null, Object(Config\Cache), false)
13 FCPATH\index.php(67): CodeIgniter\CodeIgniter->run()
CRITICAL - 2022-09-28 22:20:57 --> Undefined array key "name_user"
in APPPATH\Views\v_product.php on line 83.
 1 APPPATH\Views\v_product.php(83): CodeIgniter\Debug\Exceptions->errorHandler(2, 'Undefined array key "name_user"', 'APPPATH\\Views\\v_product.php', 83)
 2 SYSTEMPATH\View\View.php(213): include('APPPATH\\Views\\v_product.php')
 3 SYSTEMPATH\View\View.php(216): CodeIgniter\View\View->CodeIgniter\View\{closure}()
 4 SYSTEMPATH\Common.php(1137): CodeIgniter\View\View->render('v_product', [], true)
 5 APPPATH\Views\v_template.php(313): view('v_product')
 6 SYSTEMPATH\View\View.php(213): include('APPPATH\\Views\\v_template.php')
 7 SYSTEMPATH\View\View.php(216): CodeIgniter\View\View->CodeIgniter\View\{closure}()
 8 SYSTEMPATH\Common.php(1137): CodeIgniter\View\View->render('v_template', [], true)
 9 APPPATH\Controllers\Product.php(24): view('v_template', [...])
10 SYSTEMPATH\CodeIgniter.php(898): App\Controllers\Product->index()
11 SYSTEMPATH\CodeIgniter.php(457): CodeIgniter\CodeIgniter->runController(Object(App\Controllers\Product))
12 SYSTEMPATH\CodeIgniter.php(340): CodeIgniter\CodeIgniter->handleRequest(null, Object(Config\Cache), false)
13 FCPATH\index.php(67): CodeIgniter\CodeIgniter->run()
CRITICAL - 2022-09-28 22:21:16 --> Undefined array key "name_user"
in APPPATH\Views\v_product.php on line 83.
 1 APPPATH\Views\v_product.php(83): CodeIgniter\Debug\Exceptions->errorHandler(2, 'Undefined array key "name_user"', 'APPPATH\\Views\\v_product.php', 83)
 2 SYSTEMPATH\View\View.php(213): include('APPPATH\\Views\\v_product.php')
 3 SYSTEMPATH\View\View.php(216): CodeIgniter\View\View->CodeIgniter\View\{closure}()
 4 SYSTEMPATH\Common.php(1137): CodeIgniter\View\View->render('v_product', [], true)
 5 APPPATH\Views\v_template.php(313): view('v_product')
 6 SYSTEMPATH\View\View.php(213): include('APPPATH\\Views\\v_template.php')
 7 SYSTEMPATH\View\View.php(216): CodeIgniter\View\View->CodeIgniter\View\{closure}()
 8 SYSTEMPATH\Common.php(1137): CodeIgniter\View\View->render('v_template', [], true)
 9 APPPATH\Controllers\Product.php(24): view('v_template', [...])
10 SYSTEMPATH\CodeIgniter.php(898): App\Controllers\Product->index()
11 SYSTEMPATH\CodeIgniter.php(457): CodeIgniter\CodeIgniter->runController(Object(App\Controllers\Product))
12 SYSTEMPATH\CodeIgniter.php(340): CodeIgniter\CodeIgniter->handleRequest(null, Object(Config\Cache), false)
13 FCPATH\index.php(67): CodeIgniter\CodeIgniter->run()
CRITICAL - 2022-09-28 22:21:20 --> Undefined array key "name_user"
in APPPATH\Views\v_product.php on line 83.
 1 APPPATH\Views\v_product.php(83): CodeIgniter\Debug\Exceptions->errorHandler(2, 'Undefined array key "name_user"', 'APPPATH\\Views\\v_product.php', 83)
 2 SYSTEMPATH\View\View.php(213): include('APPPATH\\Views\\v_product.php')
 3 SYSTEMPATH\View\View.php(216): CodeIgniter\View\View->CodeIgniter\View\{closure}()
 4 SYSTEMPATH\Common.php(1137): CodeIgniter\View\View->render('v_product', [], true)
 5 APPPATH\Views\v_template.php(313): view('v_product')
 6 SYSTEMPATH\View\View.php(213): include('APPPATH\\Views\\v_template.php')
 7 SYSTEMPATH\View\View.php(216): CodeIgniter\View\View->CodeIgniter\View\{closure}()
 8 SYSTEMPATH\Common.php(1137): CodeIgniter\View\View->render('v_template', [], true)
 9 APPPATH\Controllers\Product.php(24): view('v_template', [...])
10 SYSTEMPATH\CodeIgniter.php(898): App\Controllers\Product->index()
11 SYSTEMPATH\CodeIgniter.php(457): CodeIgniter\CodeIgniter->runController(Object(App\Controllers\Product))
12 SYSTEMPATH\CodeIgniter.php(340): CodeIgniter\CodeIgniter->handleRequest(null, Object(Config\Cache), false)
13 FCPATH\index.php(67): CodeIgniter\CodeIgniter->run()
CRITICAL - 2022-09-28 22:27:17 --> Undefined variable $User
in APPPATH\Views\v_product.php on line 117.
 1 APPPATH\Views\v_product.php(117): CodeIgniter\Debug\Exceptions->errorHandler(2, 'Undefined variable $User', 'APPPATH\\Views\\v_product.php', 117)
 2 SYSTEMPATH\View\View.php(213): include('APPPATH\\Views\\v_product.php')
 3 SYSTEMPATH\View\View.php(216): CodeIgniter\View\View->CodeIgniter\View\{closure}()
 4 SYSTEMPATH\Common.php(1137): CodeIgniter\View\View->render('v_product', [], true)
 5 APPPATH\Views\v_template.php(313): view('v_product')
 6 SYSTEMPATH\View\View.php(213): include('APPPATH\\Views\\v_template.php')
 7 SYSTEMPATH\View\View.php(216): CodeIgniter\View\View->CodeIgniter\View\{closure}()
 8 SYSTEMPATH\Common.php(1137): CodeIgniter\View\View->render('v_template', [], true)
 9 APPPATH\Controllers\Product.php(24): view('v_template', [...])
10 SYSTEMPATH\CodeIgniter.php(898): App\Controllers\Product->index()
11 SYSTEMPATH\CodeIgniter.php(457): CodeIgniter\CodeIgniter->runController(Object(App\Controllers\Product))
12 SYSTEMPATH\CodeIgniter.php(340): CodeIgniter\CodeIgniter->handleRequest(null, Object(Config\Cache), false)
13 FCPATH\index.php(67): CodeIgniter\CodeIgniter->run()
CRITICAL - 2022-09-28 22:27:40 --> Undefined array key "name_user"
in APPPATH\Views\v_product.php on line 131.
 1 APPPATH\Views\v_product.php(131): CodeIgniter\Debug\Exceptions->errorHandler(2, 'Undefined array key "name_user"', 'APPPATH\\Views\\v_product.php', 131)
 2 SYSTEMPATH\View\View.php(213): include('APPPATH\\Views\\v_product.php')
 3 SYSTEMPATH\View\View.php(216): CodeIgniter\View\View->CodeIgniter\View\{closure}()
 4 SYSTEMPATH\Common.php(1137): CodeIgniter\View\View->render('v_product', [], true)
 5 APPPATH\Views\v_template.php(313): view('v_product')
 6 SYSTEMPATH\View\View.php(213): include('APPPATH\\Views\\v_template.php')
 7 SYSTEMPATH\View\View.php(216): CodeIgniter\View\View->CodeIgniter\View\{closure}()
 8 SYSTEMPATH\Common.php(1137): CodeIgniter\View\View->render('v_template', [], true)
 9 APPPATH\Controllers\Product.php(24): view('v_template', [...])
10 SYSTEMPATH\CodeIgniter.php(898): App\Controllers\Product->index()
11 SYSTEMPATH\CodeIgniter.php(457): CodeIgniter\CodeIgniter->runController(Object(App\Controllers\Product))
12 SYSTEMPATH\CodeIgniter.php(340): CodeIgniter\CodeIgniter->handleRequest(null, Object(Config\Cache), false)
13 FCPATH\index.php(67): CodeIgniter\CodeIgniter->run()
CRITICAL - 2022-09-28 22:44:10 --> Undefined variable $category
in APPPATH\Views\v_product.php on line 94.
 1 APPPATH\Views\v_product.php(94): CodeIgniter\Debug\Exceptions->errorHandler(2, 'Undefined variable $category', 'APPPATH\\Views\\v_product.php', 94)
 2 SYSTEMPATH\View\View.php(213): include('APPPATH\\Views\\v_product.php')
 3 SYSTEMPATH\View\View.php(216): CodeIgniter\View\View->CodeIgniter\View\{closure}()
 4 SYSTEMPATH\Common.php(1137): CodeIgniter\View\View->render('v_product', [], true)
 5 APPPATH\Views\v_template.php(313): view('v_product')
 6 SYSTEMPATH\View\View.php(213): include('APPPATH\\Views\\v_template.php')
 7 SYSTEMPATH\View\View.php(216): CodeIgniter\View\View->CodeIgniter\View\{closure}()
 8 SYSTEMPATH\Common.php(1137): CodeIgniter\View\View->render('v_template', [], true)
 9 APPPATH\Controllers\Product.php(30): view('v_template', [...])
10 SYSTEMPATH\CodeIgniter.php(898): App\Controllers\Product->index()
11 SYSTEMPATH\CodeIgniter.php(457): CodeIgniter\CodeIgniter->runController(Object(App\Controllers\Product))
12 SYSTEMPATH\CodeIgniter.php(340): CodeIgniter\CodeIgniter->handleRequest(null, Object(Config\Cache), false)
13 FCPATH\index.php(67): CodeIgniter\CodeIgniter->run()
CRITICAL - 2022-09-28 22:49:01 --> Undefined array key "name_product"
in APPPATH\Views\v_product.php on line 110.
 1 APPPATH\Views\v_product.php(110): CodeIgniter\Debug\Exceptions->errorHandler(2, 'Undefined array key "name_product"', 'APPPATH\\Views\\v_product.php', 110)
 2 SYSTEMPATH\View\View.php(213): include('APPPATH\\Views\\v_product.php')
 3 SYSTEMPATH\View\View.php(216): CodeIgniter\View\View->CodeIgniter\View\{closure}()
 4 SYSTEMPATH\Common.php(1137): CodeIgniter\View\View->render('v_product', [], true)
 5 APPPATH\Views\v_template.php(313): view('v_product')
 6 SYSTEMPATH\View\View.php(213): include('APPPATH\\Views\\v_template.php')
 7 SYSTEMPATH\View\View.php(216): CodeIgniter\View\View->CodeIgniter\View\{closure}()
 8 SYSTEMPATH\Common.php(1137): CodeIgniter\View\View->render('v_template', [], true)
 9 APPPATH\Controllers\Product.php(30): view('v_template', [...])
10 SYSTEMPATH\CodeIgniter.php(898): App\Controllers\Product->index()
11 SYSTEMPATH\CodeIgniter.php(457): CodeIgniter\CodeIgniter->runController(Object(App\Controllers\Product))
12 SYSTEMPATH\CodeIgniter.php(340): CodeIgniter\CodeIgniter->handleRequest(null, Object(Config\Cache), false)
13 FCPATH\index.php(67): CodeIgniter\CodeIgniter->run()
CRITICAL - 2022-09-28 22:49:13 --> Undefined array key "purchase_price"
in APPPATH\Views\v_product.php on line 110.
 1 APPPATH\Views\v_product.php(110): CodeIgniter\Debug\Exceptions->errorHandler(2, 'Undefined array key "purchase_price"', 'APPPATH\\Views\\v_product.php', 110)
 2 SYSTEMPATH\View\View.php(213): include('APPPATH\\Views\\v_product.php')
 3 SYSTEMPATH\View\View.php(216): CodeIgniter\View\View->CodeIgniter\View\{closure}()
 4 SYSTEMPATH\Common.php(1137): CodeIgniter\View\View->render('v_product', [], true)
 5 APPPATH\Views\v_template.php(313): view('v_product')
 6 SYSTEMPATH\View\View.php(213): include('APPPATH\\Views\\v_template.php')
 7 SYSTEMPATH\View\View.php(216): CodeIgniter\View\View->CodeIgniter\View\{closure}()
 8 SYSTEMPATH\Common.php(1137): CodeIgniter\View\View->render('v_template', [], true)
 9 APPPATH\Controllers\Product.php(30): view('v_template', [...])
10 SYSTEMPATH\CodeIgniter.php(898): App\Controllers\Product->index()
11 SYSTEMPATH\CodeIgniter.php(457): CodeIgniter\CodeIgniter->runController(Object(App\Controllers\Product))
12 SYSTEMPATH\CodeIgniter.php(340): CodeIgniter\CodeIgniter->handleRequest(null, Object(Config\Cache), false)
13 FCPATH\index.php(67): CodeIgniter\CodeIgniter->run()
CRITICAL - 2022-09-28 22:49:44 --> Undefined array key "purchase_price"
in APPPATH\Views\v_product.php on line 110.
 1 APPPATH\Views\v_product.php(110): CodeIgniter\Debug\Exceptions->errorHandler(2, 'Undefined array key "purchase_price"', 'APPPATH\\Views\\v_product.php', 110)
 2 SYSTEMPATH\View\View.php(213): include('APPPATH\\Views\\v_product.php')
 3 SYSTEMPATH\View\View.php(216): CodeIgniter\View\View->CodeIgniter\View\{closure}()
 4 SYSTEMPATH\Common.php(1137): CodeIgniter\View\View->render('v_product', [], true)
 5 APPPATH\Views\v_template.php(313): view('v_product')
 6 SYSTEMPATH\View\View.php(213): include('APPPATH\\Views\\v_template.php')
 7 SYSTEMPATH\View\View.php(216): CodeIgniter\View\View->CodeIgniter\View\{closure}()
 8 SYSTEMPATH\Common.php(1137): CodeIgniter\View\View->render('v_template', [], true)
 9 APPPATH\Controllers\Product.php(30): view('v_template', [...])
10 SYSTEMPATH\CodeIgniter.php(898): App\Controllers\Product->index()
11 SYSTEMPATH\CodeIgniter.php(457): CodeIgniter\CodeIgniter->runController(Object(App\Controllers\Product))
12 SYSTEMPATH\CodeIgniter.php(340): CodeIgniter\CodeIgniter->handleRequest(null, Object(Config\Cache), false)
13 FCPATH\index.php(67): CodeIgniter\CodeIgniter->run()
CRITICAL - 2022-09-28 22:50:20 --> Undefined array key "purchase_price"
in APPPATH\Views\v_product.php on line 110.
 1 APPPATH\Views\v_product.php(110): CodeIgniter\Debug\Exceptions->errorHandler(2, 'Undefined array key "purchase_price"', 'APPPATH\\Views\\v_product.php', 110)
 2 SYSTEMPATH\View\View.php(213): include('APPPATH\\Views\\v_product.php')
 3 SYSTEMPATH\View\View.php(216): CodeIgniter\View\View->CodeIgniter\View\{closure}()
 4 SYSTEMPATH\Common.php(1137): CodeIgniter\View\View->render('v_product', [], true)
 5 APPPATH\Views\v_template.php(313): view('v_product')
 6 SYSTEMPATH\View\View.php(213): include('APPPATH\\Views\\v_template.php')
 7 SYSTEMPATH\View\View.php(216): CodeIgniter\View\View->CodeIgniter\View\{closure}()
 8 SYSTEMPATH\Common.php(1137): CodeIgniter\View\View->render('v_template', [], true)
 9 APPPATH\Controllers\Product.php(30): view('v_template', [...])
10 SYSTEMPATH\CodeIgniter.php(898): App\Controllers\Product->index()
11 SYSTEMPATH\CodeIgniter.php(457): CodeIgniter\CodeIgniter->runController(Object(App\Controllers\Product))
12 SYSTEMPATH\CodeIgniter.php(340): CodeIgniter\CodeIgniter->handleRequest(null, Object(Config\Cache), false)
13 FCPATH\index.php(67): CodeIgniter\CodeIgniter->run()
