CRITICAL - 2022-10-06 00:24:10 --> Call to undefined method App\Models\ModelCategory::order_by
in SYSTEMPATH\Model.php on line 773.
 1 APPPATH\Models\ModelCategory.php(77): CodeIgniter\Model->__call('order_by', [...])
 2 APPPATH\Models\ModelCategory.php(88): App\Models\ModelCategory->_get_datatables_query()
 3 APPPATH\Controllers\Category.php(54): App\Models\ModelCategory->get_datatables()
 4 SYSTEMPATH\CodeIgniter.php(898): App\Controllers\Category->ajax_list()
 5 SYSTEMPATH\CodeIgniter.php(457): CodeIgniter\CodeIgniter->runController(Object(App\Controllers\Category))
 6 SYSTEMPATH\CodeIgniter.php(340): CodeIgniter\CodeIgniter->handleRequest(null, Object(Config\Cache), false)
 7 FCPATH\index.php(67): CodeIgniter\CodeIgniter->run()
CRITICAL - 2022-10-06 00:24:22 --> Call to undefined method App\Models\ModelCategory::order_by
in SYSTEMPATH\Model.php on line 773.
 1 APPPATH\Models\ModelCategory.php(77): CodeIgniter\Model->__call('order_by', [...])
 2 APPPATH\Models\ModelCategory.php(88): App\Models\ModelCategory->_get_datatables_query()
 3 APPPATH\Controllers\Category.php(54): App\Models\ModelCategory->get_datatables()
 4 SYSTEMPATH\CodeIgniter.php(898): App\Controllers\Category->ajax_list()
 5 SYSTEMPATH\CodeIgniter.php(457): CodeIgniter\CodeIgniter->runController(Object(App\Controllers\Category))
 6 SYSTEMPATH\CodeIgniter.php(340): CodeIgniter\CodeIgniter->handleRequest(null, Object(Config\Cache), false)
 7 FCPATH\index.php(67): CodeIgniter\CodeIgniter->run()
CRITICAL - 2022-10-06 00:27:34 --> Call to undefined method App\Models\ModelCategory::order_by
in SYSTEMPATH\Model.php on line 773.
 1 APPPATH\Models\ModelCategory.php(78): CodeIgniter\Model->__call('order_by', [...])
 2 APPPATH\Models\ModelCategory.php(89): App\Models\ModelCategory->_get_datatables_query()
 3 APPPATH\Controllers\Category.php(54): App\Models\ModelCategory->get_datatables()
 4 SYSTEMPATH\CodeIgniter.php(898): App\Controllers\Category->ajax_list()
 5 SYSTEMPATH\CodeIgniter.php(457): CodeIgniter\CodeIgniter->runController(Object(App\Controllers\Category))
 6 SYSTEMPATH\CodeIgniter.php(340): CodeIgniter\CodeIgniter->handleRequest(null, Object(Config\Cache), false)
 7 FCPATH\index.php(67): CodeIgniter\CodeIgniter->run()
CRITICAL - 2022-10-06 00:30:44 --> CodeIgniter\Database\BaseBuilder::orderBy(): Argument #1 ($orderBy) must be of type string, null given, called in C:\xampp\htdocs\kasir-ci4\system\Model.php on line 771
in SYSTEMPATH\Database\BaseBuilder.php on line 1408.
 1 SYSTEMPATH\Model.php(771): CodeIgniter\Database\BaseBuilder->orderBy(null, 'asc')
 2 APPPATH\Models\ModelCategory.php(78): CodeIgniter\Model->__call('orderBy', [...])
 3 APPPATH\Models\ModelCategory.php(89): App\Models\ModelCategory->_get_datatables_query()
 4 APPPATH\Controllers\Category.php(54): App\Models\ModelCategory->get_datatables()
 5 SYSTEMPATH\CodeIgniter.php(898): App\Controllers\Category->ajax_list()
 6 SYSTEMPATH\CodeIgniter.php(457): CodeIgniter\CodeIgniter->runController(Object(App\Controllers\Category))
 7 SYSTEMPATH\CodeIgniter.php(340): CodeIgniter\CodeIgniter->handleRequest(null, Object(Config\Cache), false)
 8 FCPATH\index.php(67): CodeIgniter\CodeIgniter->run()
CRITICAL - 2022-10-06 00:34:29 --> CodeIgniter\Database\BaseBuilder::orderBy(): Argument #1 ($orderBy) must be of type string, null given, called in C:\xampp\htdocs\kasir-ci4\system\Model.php on line 771
in SYSTEMPATH\Database\BaseBuilder.php on line 1408.
 1 SYSTEMPATH\Model.php(771): CodeIgniter\Database\BaseBuilder->orderBy(null, 'asc')
 2 APPPATH\Models\ModelCategory.php(77): CodeIgniter\Model->__call('orderBy', [...])
 3 APPPATH\Models\ModelCategory.php(88): App\Models\ModelCategory->_get_datatables_query()
 4 APPPATH\Controllers\Category.php(54): App\Models\ModelCategory->get_datatables()
 5 SYSTEMPATH\CodeIgniter.php(898): App\Controllers\Category->ajax_list()
 6 SYSTEMPATH\CodeIgniter.php(457): CodeIgniter\CodeIgniter->runController(Object(App\Controllers\Category))
 7 SYSTEMPATH\CodeIgniter.php(340): CodeIgniter\CodeIgniter->handleRequest(null, Object(Config\Cache), false)
 8 FCPATH\index.php(67): CodeIgniter\CodeIgniter->run()
CRITICAL - 2022-10-06 00:45:37 --> CodeIgniter\Database\BaseBuilder::orderBy(): Argument #1 ($orderBy) must be of type string, null given, called in C:\xampp\htdocs\kasir-ci4\system\Model.php on line 771
in SYSTEMPATH\Database\BaseBuilder.php on line 1408.
 1 SYSTEMPATH\Model.php(771): CodeIgniter\Database\BaseBuilder->orderBy(null, 'asc')
 2 APPPATH\Models\ModelCategory.php(78): CodeIgniter\Model->__call('orderBy', [...])
 3 APPPATH\Models\ModelCategory.php(89): App\Models\ModelCategory->_get_datatables_query()
 4 APPPATH\Controllers\Category.php(54): App\Models\ModelCategory->get_datatables()
 5 SYSTEMPATH\CodeIgniter.php(898): App\Controllers\Category->ajax_list()
 6 SYSTEMPATH\CodeIgniter.php(457): CodeIgniter\CodeIgniter->runController(Object(App\Controllers\Category))
 7 SYSTEMPATH\CodeIgniter.php(340): CodeIgniter\CodeIgniter->handleRequest(null, Object(Config\Cache), false)
 8 FCPATH\index.php(67): CodeIgniter\CodeIgniter->run()
CRITICAL - 2022-10-06 00:45:44 --> Undefined array key "search"
in APPPATH\Models\ModelCategory.php on line 57.
 1 APPPATH\Models\ModelCategory.php(57): CodeIgniter\Debug\Exceptions->errorHandler(2, 'Undefined array key "search"', 'APPPATH\\Models\\ModelCategory.php', 57)
 2 APPPATH\Models\ModelCategory.php(89): App\Models\ModelCategory->_get_datatables_query()
 3 APPPATH\Controllers\Category.php(54): App\Models\ModelCategory->get_datatables()
 4 SYSTEMPATH\CodeIgniter.php(898): App\Controllers\Category->ajax_list()
 5 SYSTEMPATH\CodeIgniter.php(457): CodeIgniter\CodeIgniter->runController(Object(App\Controllers\Category))
 6 SYSTEMPATH\CodeIgniter.php(340): CodeIgniter\CodeIgniter->handleRequest(null, Object(Config\Cache), false)
 7 FCPATH\index.php(67): CodeIgniter\CodeIgniter->run()
CRITICAL - 2022-10-06 00:50:47 --> Undefined array key "search"
in APPPATH\Models\ModelCategory.php on line 57.
 1 APPPATH\Models\ModelCategory.php(57): CodeIgniter\Debug\Exceptions->errorHandler(2, 'Undefined array key "search"', 'APPPATH\\Models\\ModelCategory.php', 57)
 2 APPPATH\Models\ModelCategory.php(89): App\Models\ModelCategory->_get_datatables_query()
 3 APPPATH\Controllers\Category.php(54): App\Models\ModelCategory->get_datatables()
 4 SYSTEMPATH\CodeIgniter.php(898): App\Controllers\Category->ajax_list()
 5 SYSTEMPATH\CodeIgniter.php(457): CodeIgniter\CodeIgniter->runController(Object(App\Controllers\Category))
 6 SYSTEMPATH\CodeIgniter.php(340): CodeIgniter\CodeIgniter->handleRequest(null, Object(Config\Cache), false)
 7 FCPATH\index.php(67): CodeIgniter\CodeIgniter->run()
CRITICAL - 2022-10-06 00:50:52 --> CodeIgniter\Database\BaseBuilder::orderBy(): Argument #1 ($orderBy) must be of type string, null given, called in C:\xampp\htdocs\kasir-ci4\system\Model.php on line 771
in SYSTEMPATH\Database\BaseBuilder.php on line 1408.
 1 SYSTEMPATH\Model.php(771): CodeIgniter\Database\BaseBuilder->orderBy(null, 'asc')
 2 APPPATH\Models\ModelCategory.php(78): CodeIgniter\Model->__call('orderBy', [...])
 3 APPPATH\Models\ModelCategory.php(89): App\Models\ModelCategory->_get_datatables_query()
 4 APPPATH\Controllers\Category.php(54): App\Models\ModelCategory->get_datatables()
 5 SYSTEMPATH\CodeIgniter.php(898): App\Controllers\Category->ajax_list()
 6 SYSTEMPATH\CodeIgniter.php(457): CodeIgniter\CodeIgniter->runController(Object(App\Controllers\Category))
 7 SYSTEMPATH\CodeIgniter.php(340): CodeIgniter\CodeIgniter->handleRequest(null, Object(Config\Cache), false)
 8 FCPATH\index.php(67): CodeIgniter\CodeIgniter->run()
CRITICAL - 2022-10-06 01:02:41 --> Call to undefined method App\Models\ModelCategory::getDatatablesQuery
in SYSTEMPATH\Model.php on line 773.
 1 APPPATH\Models\ModelCategory.php(80): CodeIgniter\Model->__call('getDatatablesQuery', [])
 2 APPPATH\Controllers\Category.php(60): App\Models\ModelCategory->getDatatables()
 3 SYSTEMPATH\CodeIgniter.php(898): App\Controllers\Category->ajaxList()
 4 SYSTEMPATH\CodeIgniter.php(457): CodeIgniter\CodeIgniter->runController(Object(App\Controllers\Category))
 5 SYSTEMPATH\CodeIgniter.php(340): CodeIgniter\CodeIgniter->handleRequest(null, Object(Config\Cache), false)
 6 FCPATH\index.php(67): CodeIgniter\CodeIgniter->run()
CRITICAL - 2022-10-06 01:07:48 --> Call to a member function getPost() on null
in APPPATH\Models\ModelCategory.php on line 56.
 1 APPPATH\Models\ModelCategory.php(80): App\Models\ModelCategory->getDatatablesQuery()
 2 APPPATH\Controllers\Category.php(60): App\Models\ModelCategory->getDatatables()
 3 SYSTEMPATH\CodeIgniter.php(898): App\Controllers\Category->ajaxList()
 4 SYSTEMPATH\CodeIgniter.php(457): CodeIgniter\CodeIgniter->runController(Object(App\Controllers\Category))
 5 SYSTEMPATH\CodeIgniter.php(340): CodeIgniter\CodeIgniter->handleRequest(null, Object(Config\Cache), false)
 6 FCPATH\index.php(67): CodeIgniter\CodeIgniter->run()
CRITICAL - 2022-10-06 01:08:33 --> Call to a member function getPost() on null
in APPPATH\Models\ModelCategory.php on line 56.
 1 APPPATH\Models\ModelCategory.php(80): App\Models\ModelCategory->getDatatablesQuery()
 2 APPPATH\Controllers\Category.php(60): App\Models\ModelCategory->getDatatables()
 3 SYSTEMPATH\CodeIgniter.php(898): App\Controllers\Category->ajaxList()
 4 SYSTEMPATH\CodeIgniter.php(457): CodeIgniter\CodeIgniter->runController(Object(App\Controllers\Category))
 5 SYSTEMPATH\CodeIgniter.php(340): CodeIgniter\CodeIgniter->handleRequest(null, Object(Config\Cache), false)
 6 FCPATH\index.php(67): CodeIgniter\CodeIgniter->run()
CRITICAL - 2022-10-06 01:09:53 --> Call to a member function getPost() on null
in APPPATH\Models\ModelCategory.php on line 56.
 1 APPPATH\Models\ModelCategory.php(80): App\Models\ModelCategory->getDatatablesQuery()
 2 APPPATH\Controllers\Category.php(60): App\Models\ModelCategory->getDatatables()
 3 SYSTEMPATH\CodeIgniter.php(898): App\Controllers\Category->ajaxList()
 4 SYSTEMPATH\CodeIgniter.php(457): CodeIgniter\CodeIgniter->runController(Object(App\Controllers\Category))
 5 SYSTEMPATH\CodeIgniter.php(340): CodeIgniter\CodeIgniter->handleRequest(null, Object(Config\Cache), false)
 6 FCPATH\index.php(67): CodeIgniter\CodeIgniter->run()
CRITICAL - 2022-10-06 01:11:41 --> Call to a member function getPost() on null
in APPPATH\Models\ModelCategory.php on line 56.
 1 APPPATH\Models\ModelCategory.php(80): App\Models\ModelCategory->getDatatablesQuery()
 2 APPPATH\Controllers\Category.php(60): App\Models\ModelCategory->getDatatables()
 3 SYSTEMPATH\CodeIgniter.php(898): App\Controllers\Category->ajaxList()
 4 SYSTEMPATH\CodeIgniter.php(457): CodeIgniter\CodeIgniter->runController(Object(App\Controllers\Category))
 5 SYSTEMPATH\CodeIgniter.php(340): CodeIgniter\CodeIgniter->handleRequest(null, Object(Config\Cache), false)
 6 FCPATH\index.php(67): CodeIgniter\CodeIgniter->run()
CRITICAL - 2022-10-06 01:30:12 --> Too few arguments to function App\Models\ModelCategory::__construct(), 0 passed in C:\xampp\htdocs\kasir-ci4\app\Controllers\Product.php on line 15 and exactly 1 expected
in APPPATH\Models\ModelCategory.php on line 19.
 1 APPPATH\Controllers\Product.php(15): App\Models\ModelCategory->__construct()
 2 SYSTEMPATH\CodeIgniter.php(860): App\Controllers\Product->__construct()
 3 SYSTEMPATH\CodeIgniter.php(448): CodeIgniter\CodeIgniter->createController()
 4 SYSTEMPATH\CodeIgniter.php(340): CodeIgniter\CodeIgniter->handleRequest(null, Object(Config\Cache), false)
 5 FCPATH\index.php(67): CodeIgniter\CodeIgniter->run()
CRITICAL - 2022-10-06 01:30:45 --> Too few arguments to function App\Models\ModelCategory::__construct(), 0 passed in C:\xampp\htdocs\kasir-ci4\app\Controllers\Product.php on line 15 and exactly 1 expected
in APPPATH\Models\ModelCategory.php on line 19.
 1 APPPATH\Controllers\Product.php(15): App\Models\ModelCategory->__construct()
 2 SYSTEMPATH\CodeIgniter.php(860): App\Controllers\Product->__construct()
 3 SYSTEMPATH\CodeIgniter.php(448): CodeIgniter\CodeIgniter->createController()
 4 SYSTEMPATH\CodeIgniter.php(340): CodeIgniter\CodeIgniter->handleRequest(null, Object(Config\Cache), false)
 5 FCPATH\index.php(67): CodeIgniter\CodeIgniter->run()
CRITICAL - 2022-10-06 01:42:38 --> Too few arguments to function App\Models\ModelCategory::__construct(), 0 passed in C:\xampp\htdocs\kasir-ci4\app\Controllers\Product.php on line 15 and exactly 1 expected
in APPPATH\Models\ModelCategory.php on line 19.
 1 APPPATH\Controllers\Product.php(15): App\Models\ModelCategory->__construct()
 2 SYSTEMPATH\CodeIgniter.php(860): App\Controllers\Product->__construct()
 3 SYSTEMPATH\CodeIgniter.php(448): CodeIgniter\CodeIgniter->createController()
 4 SYSTEMPATH\CodeIgniter.php(340): CodeIgniter\CodeIgniter->handleRequest(null, Object(Config\Cache), false)
 5 FCPATH\index.php(67): CodeIgniter\CodeIgniter->run()
CRITICAL - 2022-10-06 01:42:52 --> Too few arguments to function App\Models\ModelCategory::__construct(), 0 passed in C:\xampp\htdocs\kasir-ci4\app\Controllers\Product.php on line 15 and exactly 1 expected
in APPPATH\Models\ModelCategory.php on line 19.
 1 APPPATH\Controllers\Product.php(15): App\Models\ModelCategory->__construct()
 2 SYSTEMPATH\CodeIgniter.php(860): App\Controllers\Product->__construct()
 3 SYSTEMPATH\CodeIgniter.php(448): CodeIgniter\CodeIgniter->createController()
 4 SYSTEMPATH\CodeIgniter.php(340): CodeIgniter\CodeIgniter->handleRequest(null, Object(Config\Cache), false)
 5 FCPATH\index.php(67): CodeIgniter\CodeIgniter->run()
CRITICAL - 2022-10-06 01:43:35 --> CodeIgniter\Model::__construct(): Argument #1 ($db) must be of type ?CodeIgniter\Database\ConnectionInterface, CodeIgniter\HTTP\IncomingRequest given, called in C:\xampp\htdocs\kasir-ci4\app\Controllers\Product.php on line 16
in SYSTEMPATH\Model.php on line 131.
 1 APPPATH\Controllers\Product.php(16): CodeIgniter\Model->__construct(Object(CodeIgniter\HTTP\IncomingRequest))
 2 SYSTEMPATH\CodeIgniter.php(860): App\Controllers\Product->__construct()
 3 SYSTEMPATH\CodeIgniter.php(448): CodeIgniter\CodeIgniter->createController()
 4 SYSTEMPATH\CodeIgniter.php(340): CodeIgniter\CodeIgniter->handleRequest(null, Object(Config\Cache), false)
 5 FCPATH\index.php(67): CodeIgniter\CodeIgniter->run()
CRITICAL - 2022-10-06 01:44:04 --> You must set the database table to be used with your query.
in SYSTEMPATH\Database\BaseConnection.php on line 872.
 1 APPPATH\Models\ModelProduct.php(16): CodeIgniter\Database\BaseConnection->table(null)
 2 APPPATH\Controllers\Product.php(16): App\Models\ModelProduct->__construct(Object(CodeIgniter\HTTP\IncomingRequest))
 3 SYSTEMPATH\CodeIgniter.php(860): App\Controllers\Product->__construct()
 4 SYSTEMPATH\CodeIgniter.php(448): CodeIgniter\CodeIgniter->createController()
 5 SYSTEMPATH\CodeIgniter.php(340): CodeIgniter\CodeIgniter->handleRequest(null, Object(Config\Cache), false)
 6 FCPATH\index.php(67): CodeIgniter\CodeIgniter->run()
CRITICAL - 2022-10-06 03:26:29 --> Undefined property: App\Controllers\Report::$ModelProduct
in APPPATH\Controllers\Report.php on line 27.
 1 APPPATH\Controllers\Report.php(27): CodeIgniter\Debug\Exceptions->errorHandler(2, 'Undefined property: App\\Controllers\\Report::$ModelProduct', 'APPPATH\\Controllers\\Report.php', 27)
 2 SYSTEMPATH\CodeIgniter.php(898): App\Controllers\Report->PrintDataProduct()
 3 SYSTEMPATH\CodeIgniter.php(457): CodeIgniter\CodeIgniter->runController(Object(App\Controllers\Report))
 4 SYSTEMPATH\CodeIgniter.php(340): CodeIgniter\CodeIgniter->handleRequest(null, Object(Config\Cache), false)
 5 FCPATH\index.php(67): CodeIgniter\CodeIgniter->run()
CRITICAL - 2022-10-06 03:27:38 --> Undefined variable $Product
in APPPATH\Views\report\v_print_report_product.php on line 20.
 1 APPPATH\Views\report\v_print_report_product.php(20): CodeIgniter\Debug\Exceptions->errorHandler(2, 'Undefined variable $Product', 'APPPATH\\Views\\report\\v_print_report_product.php', 20)
 2 SYSTEMPATH\View\View.php(213): include('APPPATH\\Views\\report\\v_print_report_product.php')
 3 SYSTEMPATH\View\View.php(216): CodeIgniter\View\View->CodeIgniter\View\{closure}()
 4 SYSTEMPATH\Common.php(1137): CodeIgniter\View\View->render('report/v_print_report_product', [], true)
 5 APPPATH\Views\report\v_template_print_report.php(49): view('report/v_print_report_product')
 6 SYSTEMPATH\View\View.php(213): include('APPPATH\\Views\\report\\v_template_print_report.php')
 7 SYSTEMPATH\View\View.php(216): CodeIgniter\View\View->CodeIgniter\View\{closure}()
 8 SYSTEMPATH\Common.php(1137): CodeIgniter\View\View->render('report/v_template_print_report', [], true)
 9 APPPATH\Controllers\Report.php(31): view('report/v_template_print_report', [...])
10 SYSTEMPATH\CodeIgniter.php(898): App\Controllers\Report->PrintDataProduct()
11 SYSTEMPATH\CodeIgniter.php(457): CodeIgniter\CodeIgniter->runController(Object(App\Controllers\Report))
12 SYSTEMPATH\CodeIgniter.php(340): CodeIgniter\CodeIgniter->handleRequest(null, Object(Config\Cache), false)
13 FCPATH\index.php(67): CodeIgniter\CodeIgniter->run()
CRITICAL - 2022-10-06 03:30:28 --> Undefined variable $Report
in APPPATH\Views\report\v_print_report_product.php on line 20.
 1 APPPATH\Views\report\v_print_report_product.php(20): CodeIgniter\Debug\Exceptions->errorHandler(2, 'Undefined variable $Report', 'APPPATH\\Views\\report\\v_print_report_product.php', 20)
 2 SYSTEMPATH\View\View.php(213): include('APPPATH\\Views\\report\\v_print_report_product.php')
 3 SYSTEMPATH\View\View.php(216): CodeIgniter\View\View->CodeIgniter\View\{closure}()
 4 SYSTEMPATH\Common.php(1137): CodeIgniter\View\View->render('report/v_print_report_product', [], true)
 5 APPPATH\Views\report\v_template_print_report.php(49): view('report/v_print_report_product')
 6 SYSTEMPATH\View\View.php(213): include('APPPATH\\Views\\report\\v_template_print_report.php')
 7 SYSTEMPATH\View\View.php(216): CodeIgniter\View\View->CodeIgniter\View\{closure}()
 8 SYSTEMPATH\Common.php(1137): CodeIgniter\View\View->render('report/v_template_print_report', [], true)
 9 APPPATH\Controllers\Report.php(31): view('report/v_template_print_report', [...])
10 SYSTEMPATH\CodeIgniter.php(898): App\Controllers\Report->PrintDataProduct()
11 SYSTEMPATH\CodeIgniter.php(457): CodeIgniter\CodeIgniter->runController(Object(App\Controllers\Report))
12 SYSTEMPATH\CodeIgniter.php(340): CodeIgniter\CodeIgniter->handleRequest(null, Object(Config\Cache), false)
13 FCPATH\index.php(67): CodeIgniter\CodeIgniter->run()
CRITICAL - 2022-10-06 20:42:33 --> Cannot access offset of type string on string
in APPPATH\Controllers\Selling.php on line 105.
 1 SYSTEMPATH\CodeIgniter.php(898): App\Controllers\Selling->SaveTransaction()
 2 SYSTEMPATH\CodeIgniter.php(457): CodeIgniter\CodeIgniter->runController(Object(App\Controllers\Selling))
 3 SYSTEMPATH\CodeIgniter.php(340): CodeIgniter\CodeIgniter->handleRequest(null, Object(Config\Cache), false)
 4 FCPATH\index.php(67): CodeIgniter\CodeIgniter->run()
CRITICAL - 2022-10-06 22:33:31 --> Undefined property: App\Controllers\Report::$ModelReport
in APPPATH\Controllers\Report.php on line 52.
 1 APPPATH\Controllers\Report.php(52): CodeIgniter\Debug\Exceptions->errorHandler(2, 'Undefined property: App\\Controllers\\Report::$ModelReport', 'APPPATH\\Controllers\\Report.php', 52)
 2 SYSTEMPATH\CodeIgniter.php(898): App\Controllers\Report->ViewReportDays()
 3 SYSTEMPATH\CodeIgniter.php(457): CodeIgniter\CodeIgniter->runController(Object(App\Controllers\Report))
 4 SYSTEMPATH\CodeIgniter.php(340): CodeIgniter\CodeIgniter->handleRequest(null, Object(Config\Cache), false)
 5 FCPATH\index.php(67): CodeIgniter\CodeIgniter->run()
CRITICAL - 2022-10-06 22:34:20 --> Too few arguments to function App\Models\ModelReport::DataDays(), 0 passed in C:\xampp\htdocs\kasir-ci4\app\Controllers\Report.php on line 52 and exactly 1 expected
in APPPATH\Models\ModelReport.php on line 9.
 1 APPPATH\Controllers\Report.php(52): App\Models\ModelReport->DataDays()
 2 SYSTEMPATH\CodeIgniter.php(898): App\Controllers\Report->ViewReportDays()
 3 SYSTEMPATH\CodeIgniter.php(457): CodeIgniter\CodeIgniter->runController(Object(App\Controllers\Report))
 4 SYSTEMPATH\CodeIgniter.php(340): CodeIgniter\CodeIgniter->handleRequest(null, Object(Config\Cache), false)
 5 FCPATH\index.php(67): CodeIgniter\CodeIgniter->run()
ERROR - 2022-10-06 23:06:34 --> mysqli_sql_exception: Unknown column 'tbl_product.modal' in 'field list' in C:\xampp\htdocs\kasir-ci4\system\Database\MySQLi\Connection.php:292
Stack trace:
#0 C:\xampp\htdocs\kasir-ci4\system\Database\MySQLi\Connection.php(292): mysqli->query('SELECT `tbl_det...', 0)
#1 C:\xampp\htdocs\kasir-ci4\system\Database\BaseConnection.php(693): CodeIgniter\Database\MySQLi\Connection->execute('SELECT `tbl_det...')
#2 C:\xampp\htdocs\kasir-ci4\system\Database\BaseConnection.php(620): CodeIgniter\Database\BaseConnection->simpleQuery('SELECT `tbl_det...')
#3 C:\xampp\htdocs\kasir-ci4\system\Database\BaseBuilder.php(1585): CodeIgniter\Database\BaseConnection->query('SELECT `tbl_det...', Array, false)
#4 C:\xampp\htdocs\kasir-ci4\app\Models\ModelReport.php(23): CodeIgniter\Database\BaseBuilder->get()
#5 C:\xampp\htdocs\kasir-ci4\app\Controllers\Report.php(53): App\Models\ModelReport->DataDays('2022-10-06')
#6 C:\xampp\htdocs\kasir-ci4\system\CodeIgniter.php(898): App\Controllers\Report->ViewReportDays()
#7 C:\xampp\htdocs\kasir-ci4\system\CodeIgniter.php(457): CodeIgniter\CodeIgniter->runController(Object(App\Controllers\Report))
#8 C:\xampp\htdocs\kasir-ci4\system\CodeIgniter.php(340): CodeIgniter\CodeIgniter->handleRequest(NULL, Object(Config\Cache), false)
#9 C:\xampp\htdocs\kasir-ci4\public\index.php(67): CodeIgniter\CodeIgniter->run()
#10 {main}
CRITICAL - 2022-10-06 23:06:34 --> Unknown column 'tbl_product.modal' in 'field list'
in SYSTEMPATH\Database\MySQLi\Connection.php on line 292.
 1 SYSTEMPATH\Database\MySQLi\Connection.php(292): mysqli->query('SELECT `tbl_detail_sell`.`code_product`, `tbl_product`.`name_product`, `tbl_product`.`modal`, `tbl_product`.`selling_price`, SUM(`tbl_detail_sell`.`qty`) AS `qty`, SUM(`tbl_detail_sell`.`total_price`) AS `total_price`, SUM(`tbl_detail_sell`.`profit`) AS `profit`
FROM `tbl_detail_sell`
JOIN `tbl_product` ON `tbl_product`.`code_product`=`tbl_detail_sell`.`code_product`
JOIN `tbl_sell` ON `tbl_sell`.`no_code`=`tbl_detail_sell`.`no_code`
WHERE `tbl_sell`.`date_sell` = \'2022-10-06\'
GROUP BY `tbl_detail_sell`.`code_product`', 0)
 2 SYSTEMPATH\Database\BaseConnection.php(693): CodeIgniter\Database\MySQLi\Connection->execute('SELECT `tbl_detail_sell`.`code_product`, `tbl_product`.`name_product`, `tbl_product`.`modal`, `tbl_product`.`selling_price`, SUM(`tbl_detail_sell`.`qty`) AS `qty`, SUM(`tbl_detail_sell`.`total_price`) AS `total_price`, SUM(`tbl_detail_sell`.`profit`) AS `profit`
FROM `tbl_detail_sell`
JOIN `tbl_product` ON `tbl_product`.`code_product`=`tbl_detail_sell`.`code_product`
JOIN `tbl_sell` ON `tbl_sell`.`no_code`=`tbl_detail_sell`.`no_code`
WHERE `tbl_sell`.`date_sell` = \'2022-10-06\'
GROUP BY `tbl_detail_sell`.`code_product`')
 3 SYSTEMPATH\Database\BaseConnection.php(620): CodeIgniter\Database\BaseConnection->simpleQuery('SELECT `tbl_detail_sell`.`code_product`, `tbl_product`.`name_product`, `tbl_product`.`modal`, `tbl_product`.`selling_price`, SUM(`tbl_detail_sell`.`qty`) AS `qty`, SUM(`tbl_detail_sell`.`total_price`) AS `total_price`, SUM(`tbl_detail_sell`.`profit`) AS `profit`
FROM `tbl_detail_sell`
JOIN `tbl_product` ON `tbl_product`.`code_product`=`tbl_detail_sell`.`code_product`
JOIN `tbl_sell` ON `tbl_sell`.`no_code`=`tbl_detail_sell`.`no_code`
WHERE `tbl_sell`.`date_sell` = \'2022-10-06\'
GROUP BY `tbl_detail_sell`.`code_product`')
 4 SYSTEMPATH\Database\BaseBuilder.php(1585): CodeIgniter\Database\BaseConnection->query('SELECT `tbl_detail_sell`.`code_product`, `tbl_product`.`name_product`, `tbl_product`.`modal`, `tbl_product`.`selling_price`, SUM(`tbl_detail_sell`.`qty`) AS `qty`, SUM(`tbl_detail_sell`.`total_price`) AS `total_price`, SUM(`tbl_detail_sell`.`profit`) AS `profit`
FROM `tbl_detail_sell`
JOIN `tbl_product` ON `tbl_product`.`code_product`=`tbl_detail_sell`.`code_product`
JOIN `tbl_sell` ON `tbl_sell`.`no_code`=`tbl_detail_sell`.`no_code`
WHERE `tbl_sell`.`date_sell` = :tbl_sell.date_sell:
GROUP BY `tbl_detail_sell`.`code_product`', [...], false)
 5 APPPATH\Models\ModelReport.php(23): CodeIgniter\Database\BaseBuilder->get()
 6 APPPATH\Controllers\Report.php(53): App\Models\ModelReport->DataDays('2022-10-06')
 7 SYSTEMPATH\CodeIgniter.php(898): App\Controllers\Report->ViewReportDays()
 8 SYSTEMPATH\CodeIgniter.php(457): CodeIgniter\CodeIgniter->runController(Object(App\Controllers\Report))
 9 SYSTEMPATH\CodeIgniter.php(340): CodeIgniter\CodeIgniter->handleRequest(null, Object(Config\Cache), false)
10 FCPATH\index.php(67): CodeIgniter\CodeIgniter->run()
CRITICAL - 2022-10-06 23:20:53 --> Undefined variable $DataDays
in APPPATH\Views\report\v_table_report_days.php on line 2.
 1 APPPATH\Views\report\v_table_report_days.php(2): CodeIgniter\Debug\Exceptions->errorHandler(2, 'Undefined variable $DataDays', 'APPPATH\\Views\\report\\v_table_report_days.php', 2)
 2 SYSTEMPATH\View\View.php(213): include('APPPATH\\Views\\report\\v_table_report_days.php')
 3 SYSTEMPATH\View\View.php(216): CodeIgniter\View\View->CodeIgniter\View\{closure}()
 4 SYSTEMPATH\Common.php(1137): CodeIgniter\View\View->render('report/v_table_report_days', [], true)
 5 APPPATH\Controllers\Report.php(57): view('report/v_table_report_days', [...])
 6 SYSTEMPATH\CodeIgniter.php(898): App\Controllers\Report->ViewReportDays()
 7 SYSTEMPATH\CodeIgniter.php(457): CodeIgniter\CodeIgniter->runController(Object(App\Controllers\Report))
 8 SYSTEMPATH\CodeIgniter.php(340): CodeIgniter\CodeIgniter->handleRequest(null, Object(Config\Cache), false)
 9 FCPATH\index.php(67): CodeIgniter\CodeIgniter->run()
CRITICAL - 2022-10-06 23:24:14 --> Undefined variable $ViewReportDays
in APPPATH\Views\report\v_report_days.php on line 31.
 1 APPPATH\Views\report\v_report_days.php(31): CodeIgniter\Debug\Exceptions->errorHandler(2, 'Undefined variable $ViewReportDays', 'APPPATH\\Views\\report\\v_report_days.php', 31)
 2 SYSTEMPATH\View\View.php(213): include('APPPATH\\Views\\report\\v_report_days.php')
 3 SYSTEMPATH\View\View.php(216): CodeIgniter\View\View->CodeIgniter\View\{closure}()
 4 SYSTEMPATH\Common.php(1137): CodeIgniter\View\View->render('Report/v_report_days', [], true)
 5 APPPATH\Views\v_template.php(516): view('Report/v_report_days')
 6 SYSTEMPATH\View\View.php(213): include('APPPATH\\Views\\v_template.php')
 7 SYSTEMPATH\View\View.php(216): CodeIgniter\View\View->CodeIgniter\View\{closure}()
 8 SYSTEMPATH\Common.php(1137): CodeIgniter\View\View->render('v_template', [], true)
 9 APPPATH\Controllers\Report.php(46): view('v_template', [...])
10 SYSTEMPATH\CodeIgniter.php(898): App\Controllers\Report->ReportDays('ViewReportDays')
11 SYSTEMPATH\CodeIgniter.php(457): CodeIgniter\CodeIgniter->runController(Object(App\Controllers\Report))
12 SYSTEMPATH\CodeIgniter.php(340): CodeIgniter\CodeIgniter->handleRequest(null, Object(Config\Cache), false)
13 FCPATH\index.php(67): CodeIgniter\CodeIgniter->run()
CRITICAL - 2022-10-06 23:24:15 --> Undefined variable $ViewReportDays
in APPPATH\Views\report\v_report_days.php on line 31.
 1 APPPATH\Views\report\v_report_days.php(31): CodeIgniter\Debug\Exceptions->errorHandler(2, 'Undefined variable $ViewReportDays', 'APPPATH\\Views\\report\\v_report_days.php', 31)
 2 SYSTEMPATH\View\View.php(213): include('APPPATH\\Views\\report\\v_report_days.php')
 3 SYSTEMPATH\View\View.php(216): CodeIgniter\View\View->CodeIgniter\View\{closure}()
 4 SYSTEMPATH\Common.php(1137): CodeIgniter\View\View->render('Report/v_report_days', [], true)
 5 APPPATH\Views\v_template.php(516): view('Report/v_report_days')
 6 SYSTEMPATH\View\View.php(213): include('APPPATH\\Views\\v_template.php')
 7 SYSTEMPATH\View\View.php(216): CodeIgniter\View\View->CodeIgniter\View\{closure}()
 8 SYSTEMPATH\Common.php(1137): CodeIgniter\View\View->render('v_template', [], true)
 9 APPPATH\Controllers\Report.php(46): view('v_template', [...])
10 SYSTEMPATH\CodeIgniter.php(898): App\Controllers\Report->ReportDays('plugins', 'jquery-ui', 'jquery-ui.min.js')
11 SYSTEMPATH\CodeIgniter.php(457): CodeIgniter\CodeIgniter->runController(Object(App\Controllers\Report))
12 SYSTEMPATH\CodeIgniter.php(340): CodeIgniter\CodeIgniter->handleRequest(null, Object(Config\Cache), false)
13 FCPATH\index.php(67): CodeIgniter\CodeIgniter->run()
CRITICAL - 2022-10-06 23:25:36 --> Undefined variable $dataDays
in APPPATH\Views\report\v_report_days.php on line 31.
 1 APPPATH\Views\report\v_report_days.php(31): CodeIgniter\Debug\Exceptions->errorHandler(2, 'Undefined variable $dataDays', 'APPPATH\\Views\\report\\v_report_days.php', 31)
 2 SYSTEMPATH\View\View.php(213): include('APPPATH\\Views\\report\\v_report_days.php')
 3 SYSTEMPATH\View\View.php(216): CodeIgniter\View\View->CodeIgniter\View\{closure}()
 4 SYSTEMPATH\Common.php(1137): CodeIgniter\View\View->render('Report/v_report_days', [], true)
 5 APPPATH\Views\v_template.php(516): view('Report/v_report_days')
 6 SYSTEMPATH\View\View.php(213): include('APPPATH\\Views\\v_template.php')
 7 SYSTEMPATH\View\View.php(216): CodeIgniter\View\View->CodeIgniter\View\{closure}()
 8 SYSTEMPATH\Common.php(1137): CodeIgniter\View\View->render('v_template', [], true)
 9 APPPATH\Controllers\Report.php(46): view('v_template', [...])
10 SYSTEMPATH\CodeIgniter.php(898): App\Controllers\Report->ReportDays('ViewReportDays')
11 SYSTEMPATH\CodeIgniter.php(457): CodeIgniter\CodeIgniter->runController(Object(App\Controllers\Report))
12 SYSTEMPATH\CodeIgniter.php(340): CodeIgniter\CodeIgniter->handleRequest(null, Object(Config\Cache), false)
13 FCPATH\index.php(67): CodeIgniter\CodeIgniter->run()
CRITICAL - 2022-10-06 23:25:36 --> Undefined variable $dataDays
in APPPATH\Views\report\v_report_days.php on line 31.
 1 APPPATH\Views\report\v_report_days.php(31): CodeIgniter\Debug\Exceptions->errorHandler(2, 'Undefined variable $dataDays', 'APPPATH\\Views\\report\\v_report_days.php', 31)
 2 SYSTEMPATH\View\View.php(213): include('APPPATH\\Views\\report\\v_report_days.php')
 3 SYSTEMPATH\View\View.php(216): CodeIgniter\View\View->CodeIgniter\View\{closure}()
 4 SYSTEMPATH\Common.php(1137): CodeIgniter\View\View->render('Report/v_report_days', [], true)
 5 APPPATH\Views\v_template.php(516): view('Report/v_report_days')
 6 SYSTEMPATH\View\View.php(213): include('APPPATH\\Views\\v_template.php')
 7 SYSTEMPATH\View\View.php(216): CodeIgniter\View\View->CodeIgniter\View\{closure}()
 8 SYSTEMPATH\Common.php(1137): CodeIgniter\View\View->render('v_template', [], true)
 9 APPPATH\Controllers\Report.php(46): view('v_template', [...])
10 SYSTEMPATH\CodeIgniter.php(898): App\Controllers\Report->ReportDays('plugins', 'jquery-ui', 'jquery-ui.min.js')
11 SYSTEMPATH\CodeIgniter.php(457): CodeIgniter\CodeIgniter->runController(Object(App\Controllers\Report))
12 SYSTEMPATH\CodeIgniter.php(340): CodeIgniter\CodeIgniter->handleRequest(null, Object(Config\Cache), false)
13 FCPATH\index.php(67): CodeIgniter\CodeIgniter->run()
