CRITICAL - 2022-09-27 01:55:16 --> Undefined variable $menu
in APPPATH\Views\v_template.php on line 155.
 1 APPPATH\Views\v_template.php(155): CodeIgniter\Debug\Exceptions->errorHandler(2, 'Undefined variable $menu', 'APPPATH\\Views\\v_template.php', 155)
 2 SYSTEMPATH\View\View.php(213): include('APPPATH\\Views\\v_template.php')
 3 SYSTEMPATH\View\View.php(216): CodeIgniter\View\View->CodeIgniter\View\{closure}()
 4 SYSTEMPATH\Common.php(1137): CodeIgniter\View\View->render('v_template', [], true)
 5 APPPATH\Controllers\Product.php(14): view('v_template', [...])
 6 SYSTEMPATH\CodeIgniter.php(898): App\Controllers\Product->index()
 7 SYSTEMPATH\CodeIgniter.php(457): CodeIgniter\CodeIgniter->runController(Object(App\Controllers\Product))
 8 SYSTEMPATH\CodeIgniter.php(340): CodeIgniter\CodeIgniter->handleRequest(null, Object(Config\Cache), false)
 9 FCPATH\index.php(67): CodeIgniter\CodeIgniter->run()
CRITICAL - 2022-09-27 02:27:20 --> Undefined variable $title
in APPPATH\Views\v_template.php on line 33.
 1 APPPATH\Views\v_template.php(33): CodeIgniter\Debug\Exceptions->errorHandler(2, 'Undefined variable $title', 'APPPATH\\Views\\v_template.php', 33)
 2 SYSTEMPATH\View\View.php(213): include('APPPATH\\Views\\v_template.php')
 3 SYSTEMPATH\View\View.php(216): CodeIgniter\View\View->CodeIgniter\View\{closure}()
 4 SYSTEMPATH\Common.php(1137): CodeIgniter\View\View->render('v_template', [], true)
 5 APPPATH\Controllers\Admin.php(30): view('v_template', [...])
 6 SYSTEMPATH\CodeIgniter.php(898): App\Controllers\Admin->Setting()
 7 SYSTEMPATH\CodeIgniter.php(457): CodeIgniter\CodeIgniter->runController(Object(App\Controllers\Admin))
 8 SYSTEMPATH\CodeIgniter.php(340): CodeIgniter\CodeIgniter->handleRequest(null, Object(Config\Cache), false)
 9 FCPATH\index.php(67): CodeIgniter\CodeIgniter->run()
CRITICAL - 2022-09-27 02:28:12 --> Undefined variable $subTitle
in APPPATH\Views\v_template.php on line 36.
 1 APPPATH\Views\v_template.php(36): CodeIgniter\Debug\Exceptions->errorHandler(2, 'Undefined variable $subTitle', 'APPPATH\\Views\\v_template.php', 36)
 2 SYSTEMPATH\View\View.php(213): include('APPPATH\\Views\\v_template.php')
 3 SYSTEMPATH\View\View.php(216): CodeIgniter\View\View->CodeIgniter\View\{closure}()
 4 SYSTEMPATH\Common.php(1137): CodeIgniter\View\View->render('v_template', [], true)
 5 APPPATH\Controllers\Admin.php(30): view('v_template', [...])
 6 SYSTEMPATH\CodeIgniter.php(898): App\Controllers\Admin->Setting()
 7 SYSTEMPATH\CodeIgniter.php(457): CodeIgniter\CodeIgniter->runController(Object(App\Controllers\Admin))
 8 SYSTEMPATH\CodeIgniter.php(340): CodeIgniter\CodeIgniter->handleRequest(null, Object(Config\Cache), false)
 9 FCPATH\index.php(67): CodeIgniter\CodeIgniter->run()
CRITICAL - 2022-09-27 04:33:26 --> Class "app\Models\ModelUnit" not found
in APPPATH\Controllers\Unit.php on line 12.
 1 SYSTEMPATH\CodeIgniter.php(860): App\Controllers\Unit->__construct()
 2 SYSTEMPATH\CodeIgniter.php(448): CodeIgniter\CodeIgniter->createController()
 3 SYSTEMPATH\CodeIgniter.php(340): CodeIgniter\CodeIgniter->handleRequest(null, Object(Config\Cache), false)
 4 FCPATH\index.php(67): CodeIgniter\CodeIgniter->run()
CRITICAL - 2022-09-27 04:34:47 --> Undefined variable $unit
in APPPATH\Views\v_unit.php on line 20.
 1 APPPATH\Views\v_unit.php(20): CodeIgniter\Debug\Exceptions->errorHandler(2, 'Undefined variable $unit', 'APPPATH\\Views\\v_unit.php', 20)
 2 SYSTEMPATH\View\View.php(213): include('APPPATH\\Views\\v_unit.php')
 3 SYSTEMPATH\View\View.php(216): CodeIgniter\View\View->CodeIgniter\View\{closure}()
 4 SYSTEMPATH\Common.php(1137): CodeIgniter\View\View->render('v_unit', [], true)
 5 APPPATH\Views\v_template.php(258): view('v_unit')
 6 SYSTEMPATH\View\View.php(213): include('APPPATH\\Views\\v_template.php')
 7 SYSTEMPATH\View\View.php(216): CodeIgniter\View\View->CodeIgniter\View\{closure}()
 8 SYSTEMPATH\Common.php(1137): CodeIgniter\View\View->render('v_template', [], true)
 9 APPPATH\Controllers\Unit.php(25): view('v_template', [...])
10 SYSTEMPATH\CodeIgniter.php(898): App\Controllers\Unit->index()
11 SYSTEMPATH\CodeIgniter.php(457): CodeIgniter\CodeIgniter->runController(Object(App\Controllers\Unit))
12 SYSTEMPATH\CodeIgniter.php(340): CodeIgniter\CodeIgniter->handleRequest(null, Object(Config\Cache), false)
13 FCPATH\index.php(67): CodeIgniter\CodeIgniter->run()
CRITICAL - 2022-09-27 20:05:53 --> Undefined variable $unit
in APPPATH\Views\v_unit.php on line 24.
 1 APPPATH\Views\v_unit.php(24): CodeIgniter\Debug\Exceptions->errorHandler(2, 'Undefined variable $unit', 'APPPATH\\Views\\v_unit.php', 24)
 2 SYSTEMPATH\View\View.php(213): include('APPPATH\\Views\\v_unit.php')
 3 SYSTEMPATH\View\View.php(216): CodeIgniter\View\View->CodeIgniter\View\{closure}()
 4 SYSTEMPATH\Common.php(1137): CodeIgniter\View\View->render('v_unit', [], true)
 5 APPPATH\Views\v_template.php(258): view('v_unit')
 6 SYSTEMPATH\View\View.php(213): include('APPPATH\\Views\\v_template.php')
 7 SYSTEMPATH\View\View.php(216): CodeIgniter\View\View->CodeIgniter\View\{closure}()
 8 SYSTEMPATH\Common.php(1137): CodeIgniter\View\View->render('v_template', [], true)
 9 APPPATH\Controllers\Unit.php(25): view('v_template', [...])
10 SYSTEMPATH\CodeIgniter.php(898): App\Controllers\Unit->index()
11 SYSTEMPATH\CodeIgniter.php(457): CodeIgniter\CodeIgniter->runController(Object(App\Controllers\Unit))
12 SYSTEMPATH\CodeIgniter.php(340): CodeIgniter\CodeIgniter->handleRequest(null, Object(Config\Cache), false)
13 FCPATH\index.php(67): CodeIgniter\CodeIgniter->run()
CRITICAL - 2022-09-27 21:10:10 --> Undefined variable $session
in APPPATH\Views\v_unit.php on line 16.
 1 APPPATH\Views\v_unit.php(16): CodeIgniter\Debug\Exceptions->errorHandler(2, 'Undefined variable $session', 'APPPATH\\Views\\v_unit.php', 16)
 2 SYSTEMPATH\View\View.php(213): include('APPPATH\\Views\\v_unit.php')
 3 SYSTEMPATH\View\View.php(216): CodeIgniter\View\View->CodeIgniter\View\{closure}()
 4 SYSTEMPATH\Common.php(1137): CodeIgniter\View\View->render('v_unit', [], true)
 5 APPPATH\Views\v_template.php(258): view('v_unit')
 6 SYSTEMPATH\View\View.php(213): include('APPPATH\\Views\\v_template.php')
 7 SYSTEMPATH\View\View.php(216): CodeIgniter\View\View->CodeIgniter\View\{closure}()
 8 SYSTEMPATH\Common.php(1137): CodeIgniter\View\View->render('v_template', [], true)
 9 APPPATH\Controllers\Unit.php(25): view('v_template', [...])
10 SYSTEMPATH\CodeIgniter.php(898): App\Controllers\Unit->index()
11 SYSTEMPATH\CodeIgniter.php(457): CodeIgniter\CodeIgniter->runController(Object(App\Controllers\Unit))
12 SYSTEMPATH\CodeIgniter.php(340): CodeIgniter\CodeIgniter->handleRequest(null, Object(Config\Cache), false)
13 FCPATH\index.php(67): CodeIgniter\CodeIgniter->run()
CRITICAL - 2022-09-27 21:11:02 --> Undefined variable $session
in APPPATH\Views\v_unit.php on line 16.
 1 APPPATH\Views\v_unit.php(16): CodeIgniter\Debug\Exceptions->errorHandler(2, 'Undefined variable $session', 'APPPATH\\Views\\v_unit.php', 16)
 2 SYSTEMPATH\View\View.php(213): include('APPPATH\\Views\\v_unit.php')
 3 SYSTEMPATH\View\View.php(216): CodeIgniter\View\View->CodeIgniter\View\{closure}()
 4 SYSTEMPATH\Common.php(1137): CodeIgniter\View\View->render('v_unit', [], true)
 5 APPPATH\Views\v_template.php(258): view('v_unit')
 6 SYSTEMPATH\View\View.php(213): include('APPPATH\\Views\\v_template.php')
 7 SYSTEMPATH\View\View.php(216): CodeIgniter\View\View->CodeIgniter\View\{closure}()
 8 SYSTEMPATH\Common.php(1137): CodeIgniter\View\View->render('v_template', [], true)
 9 APPPATH\Controllers\Unit.php(25): view('v_template', [...])
10 SYSTEMPATH\CodeIgniter.php(898): App\Controllers\Unit->index()
11 SYSTEMPATH\CodeIgniter.php(457): CodeIgniter\CodeIgniter->runController(Object(App\Controllers\Unit))
12 SYSTEMPATH\CodeIgniter.php(340): CodeIgniter\CodeIgniter->handleRequest(null, Object(Config\Cache), false)
13 FCPATH\index.php(67): CodeIgniter\CodeIgniter->run()
CRITICAL - 2022-09-27 21:11:42 --> Undefined variable $session
in APPPATH\Views\v_unit.php on line 18.
 1 APPPATH\Views\v_unit.php(18): CodeIgniter\Debug\Exceptions->errorHandler(2, 'Undefined variable $session', 'APPPATH\\Views\\v_unit.php', 18)
 2 SYSTEMPATH\View\View.php(213): include('APPPATH\\Views\\v_unit.php')
 3 SYSTEMPATH\View\View.php(216): CodeIgniter\View\View->CodeIgniter\View\{closure}()
 4 SYSTEMPATH\Common.php(1137): CodeIgniter\View\View->render('v_unit', [], true)
 5 APPPATH\Views\v_template.php(258): view('v_unit')
 6 SYSTEMPATH\View\View.php(213): include('APPPATH\\Views\\v_template.php')
 7 SYSTEMPATH\View\View.php(216): CodeIgniter\View\View->CodeIgniter\View\{closure}()
 8 SYSTEMPATH\Common.php(1137): CodeIgniter\View\View->render('v_template', [], true)
 9 APPPATH\Controllers\Unit.php(25): view('v_template', [...])
10 SYSTEMPATH\CodeIgniter.php(898): App\Controllers\Unit->index()
11 SYSTEMPATH\CodeIgniter.php(457): CodeIgniter\CodeIgniter->runController(Object(App\Controllers\Unit))
12 SYSTEMPATH\CodeIgniter.php(340): CodeIgniter\CodeIgniter->handleRequest(null, Object(Config\Cache), false)
13 FCPATH\index.php(67): CodeIgniter\CodeIgniter->run()
CRITICAL - 2022-09-27 21:12:08 --> Undefined variable $session
in APPPATH\Views\v_unit.php on line 18.
 1 APPPATH\Views\v_unit.php(18): CodeIgniter\Debug\Exceptions->errorHandler(2, 'Undefined variable $session', 'APPPATH\\Views\\v_unit.php', 18)
 2 SYSTEMPATH\View\View.php(213): include('APPPATH\\Views\\v_unit.php')
 3 SYSTEMPATH\View\View.php(216): CodeIgniter\View\View->CodeIgniter\View\{closure}()
 4 SYSTEMPATH\Common.php(1137): CodeIgniter\View\View->render('v_unit', [], true)
 5 APPPATH\Views\v_template.php(258): view('v_unit')
 6 SYSTEMPATH\View\View.php(213): include('APPPATH\\Views\\v_template.php')
 7 SYSTEMPATH\View\View.php(216): CodeIgniter\View\View->CodeIgniter\View\{closure}()
 8 SYSTEMPATH\Common.php(1137): CodeIgniter\View\View->render('v_template', [], true)
 9 APPPATH\Controllers\Unit.php(25): view('v_template', [...])
10 SYSTEMPATH\CodeIgniter.php(898): App\Controllers\Unit->index()
11 SYSTEMPATH\CodeIgniter.php(457): CodeIgniter\CodeIgniter->runController(Object(App\Controllers\Unit))
12 SYSTEMPATH\CodeIgniter.php(340): CodeIgniter\CodeIgniter->handleRequest(null, Object(Config\Cache), false)
13 FCPATH\index.php(67): CodeIgniter\CodeIgniter->run()
CRITICAL - 2022-09-27 21:57:30 --> Undefined array key "id_init"
in APPPATH\Models\ModelUnit.php on line 23.
 1 APPPATH\Models\ModelUnit.php(23): CodeIgniter\Debug\Exceptions->errorHandler(2, 'Undefined array key "id_init"', 'APPPATH\\Models\\ModelUnit.php', 23)
 2 APPPATH\Controllers\Unit.php(43): App\Models\ModelUnit->UpdateData([...])
 3 SYSTEMPATH\CodeIgniter.php(898): App\Controllers\Unit->UpdateData('1')
 4 SYSTEMPATH\CodeIgniter.php(457): CodeIgniter\CodeIgniter->runController(Object(App\Controllers\Unit))
 5 SYSTEMPATH\CodeIgniter.php(340): CodeIgniter\CodeIgniter->handleRequest(null, Object(Config\Cache), false)
 6 FCPATH\index.php(67): CodeIgniter\CodeIgniter->run()
ERROR - 2022-09-27 21:58:18 --> mysqli_sql_exception: Unknown column '$data' in 'field list' in C:\xampp\htdocs\kasir-ci4\system\Database\MySQLi\Connection.php:292
Stack trace:
#0 C:\xampp\htdocs\kasir-ci4\system\Database\MySQLi\Connection.php(292): mysqli->query('UPDATE `tbl_uni...', 0)
#1 C:\xampp\htdocs\kasir-ci4\system\Database\BaseConnection.php(693): CodeIgniter\Database\MySQLi\Connection->execute('UPDATE `tbl_uni...')
#2 C:\xampp\htdocs\kasir-ci4\system\Database\BaseConnection.php(620): CodeIgniter\Database\BaseConnection->simpleQuery('UPDATE `tbl_uni...')
#3 C:\xampp\htdocs\kasir-ci4\system\Database\BaseBuilder.php(2078): CodeIgniter\Database\BaseConnection->query('UPDATE `tbl_uni...', Array, false)
#4 C:\xampp\htdocs\kasir-ci4\app\Models\ModelUnit.php(24): CodeIgniter\Database\BaseBuilder->update('$data')
#5 C:\xampp\htdocs\kasir-ci4\app\Controllers\Unit.php(43): App\Models\ModelUnit->UpdateData(Array)
#6 C:\xampp\htdocs\kasir-ci4\system\CodeIgniter.php(898): App\Controllers\Unit->UpdateData('1')
#7 C:\xampp\htdocs\kasir-ci4\system\CodeIgniter.php(457): CodeIgniter\CodeIgniter->runController(Object(App\Controllers\Unit))
#8 C:\xampp\htdocs\kasir-ci4\system\CodeIgniter.php(340): CodeIgniter\CodeIgniter->handleRequest(NULL, Object(Config\Cache), false)
#9 C:\xampp\htdocs\kasir-ci4\public\index.php(67): CodeIgniter\CodeIgniter->run()
#10 {main}
CRITICAL - 2022-09-27 21:58:18 --> Unknown column '$data' in 'field list'
in SYSTEMPATH\Database\MySQLi\Connection.php on line 292.
 1 SYSTEMPATH\Database\MySQLi\Connection.php(292): mysqli->query('UPDATE `tbl_unit` SET `$data` = \'\'
WHERE `id_unit` = \'1\'', 0)
 2 SYSTEMPATH\Database\BaseConnection.php(693): CodeIgniter\Database\MySQLi\Connection->execute('UPDATE `tbl_unit` SET `$data` = \'\'
WHERE `id_unit` = \'1\'')
 3 SYSTEMPATH\Database\BaseConnection.php(620): CodeIgniter\Database\BaseConnection->simpleQuery('UPDATE `tbl_unit` SET `$data` = \'\'
WHERE `id_unit` = \'1\'')
 4 SYSTEMPATH\Database\BaseBuilder.php(2078): CodeIgniter\Database\BaseConnection->query('UPDATE `tbl_unit` SET `$data` = :$data:
WHERE `id_unit` = :id_unit:', [...], false)
 5 APPPATH\Models\ModelUnit.php(24): CodeIgniter\Database\BaseBuilder->update('$data')
 6 APPPATH\Controllers\Unit.php(43): App\Models\ModelUnit->UpdateData([...])
 7 SYSTEMPATH\CodeIgniter.php(898): App\Controllers\Unit->UpdateData('1')
 8 SYSTEMPATH\CodeIgniter.php(457): CodeIgniter\CodeIgniter->runController(Object(App\Controllers\Unit))
 9 SYSTEMPATH\CodeIgniter.php(340): CodeIgniter\CodeIgniter->handleRequest(null, Object(Config\Cache), false)
10 FCPATH\index.php(67): CodeIgniter\CodeIgniter->run()
CRITICAL - 2022-09-27 22:31:34 --> Undefined variable $Category
in APPPATH\Views\v_category.php on line 34.
 1 APPPATH\Views\v_category.php(34): CodeIgniter\Debug\Exceptions->errorHandler(2, 'Undefined variable $Category', 'APPPATH\\Views\\v_category.php', 34)
 2 SYSTEMPATH\View\View.php(213): include('APPPATH\\Views\\v_category.php')
 3 SYSTEMPATH\View\View.php(216): CodeIgniter\View\View->CodeIgniter\View\{closure}()
 4 SYSTEMPATH\Common.php(1137): CodeIgniter\View\View->render('v_category', [], true)
 5 APPPATH\Views\v_template.php(258): view('v_category')
 6 SYSTEMPATH\View\View.php(213): include('APPPATH\\Views\\v_template.php')
 7 SYSTEMPATH\View\View.php(216): CodeIgniter\View\View->CodeIgniter\View\{closure}()
 8 SYSTEMPATH\Common.php(1137): CodeIgniter\View\View->render('v_template', [], true)
 9 APPPATH\Controllers\Category.php(18): view('v_template', [...])
10 SYSTEMPATH\CodeIgniter.php(898): App\Controllers\Category->index()
11 SYSTEMPATH\CodeIgniter.php(457): CodeIgniter\CodeIgniter->runController(Object(App\Controllers\Category))
12 SYSTEMPATH\CodeIgniter.php(340): CodeIgniter\CodeIgniter->handleRequest(null, Object(Config\Cache), false)
13 FCPATH\index.php(67): CodeIgniter\CodeIgniter->run()
CRITICAL - 2022-09-27 22:33:59 --> Undefined variable $Category
in APPPATH\Views\v_category.php on line 34.
 1 APPPATH\Views\v_category.php(34): CodeIgniter\Debug\Exceptions->errorHandler(2, 'Undefined variable $Category', 'APPPATH\\Views\\v_category.php', 34)
 2 SYSTEMPATH\View\View.php(213): include('APPPATH\\Views\\v_category.php')
 3 SYSTEMPATH\View\View.php(216): CodeIgniter\View\View->CodeIgniter\View\{closure}()
 4 SYSTEMPATH\Common.php(1137): CodeIgniter\View\View->render('v_category', [], true)
 5 APPPATH\Views\v_template.php(258): view('v_category')
 6 SYSTEMPATH\View\View.php(213): include('APPPATH\\Views\\v_template.php')
 7 SYSTEMPATH\View\View.php(216): CodeIgniter\View\View->CodeIgniter\View\{closure}()
 8 SYSTEMPATH\Common.php(1137): CodeIgniter\View\View->render('v_template', [], true)
 9 APPPATH\Controllers\Category.php(18): view('v_template', [...])
10 SYSTEMPATH\CodeIgniter.php(898): App\Controllers\Category->index()
11 SYSTEMPATH\CodeIgniter.php(457): CodeIgniter\CodeIgniter->runController(Object(App\Controllers\Category))
12 SYSTEMPATH\CodeIgniter.php(340): CodeIgniter\CodeIgniter->handleRequest(null, Object(Config\Cache), false)
13 FCPATH\index.php(67): CodeIgniter\CodeIgniter->run()
CRITICAL - 2022-09-27 22:35:48 --> Undefined property: App\Controllers\Category::$ModelCategory
in APPPATH\Controllers\Category.php on line 17.
 1 APPPATH\Controllers\Category.php(17): CodeIgniter\Debug\Exceptions->errorHandler(2, 'Undefined property: App\\Controllers\\Category::$ModelCategory', 'APPPATH\\Controllers\\Category.php', 17)
 2 SYSTEMPATH\CodeIgniter.php(898): App\Controllers\Category->index()
 3 SYSTEMPATH\CodeIgniter.php(457): CodeIgniter\CodeIgniter->runController(Object(App\Controllers\Category))
 4 SYSTEMPATH\CodeIgniter.php(340): CodeIgniter\CodeIgniter->handleRequest(null, Object(Config\Cache), false)
 5 FCPATH\index.php(67): CodeIgniter\CodeIgniter->run()
CRITICAL - 2022-09-27 22:36:36 --> Undefined property: App\Controllers\Category::$ModelCategory
in APPPATH\Controllers\Category.php on line 17.
 1 APPPATH\Controllers\Category.php(17): CodeIgniter\Debug\Exceptions->errorHandler(2, 'Undefined property: App\\Controllers\\Category::$ModelCategory', 'APPPATH\\Controllers\\Category.php', 17)
 2 SYSTEMPATH\CodeIgniter.php(898): App\Controllers\Category->index()
 3 SYSTEMPATH\CodeIgniter.php(457): CodeIgniter\CodeIgniter->runController(Object(App\Controllers\Category))
 4 SYSTEMPATH\CodeIgniter.php(340): CodeIgniter\CodeIgniter->handleRequest(null, Object(Config\Cache), false)
 5 FCPATH\index.php(67): CodeIgniter\CodeIgniter->run()
CRITICAL - 2022-09-27 22:38:03 --> Undefined array key "id_Cctegory"
in APPPATH\Views\v_category.php on line 116.
 1 APPPATH\Views\v_category.php(116): CodeIgniter\Debug\Exceptions->errorHandler(2, 'Undefined array key "id_Cctegory"', 'APPPATH\\Views\\v_category.php', 116)
 2 SYSTEMPATH\View\View.php(213): include('APPPATH\\Views\\v_category.php')
 3 SYSTEMPATH\View\View.php(216): CodeIgniter\View\View->CodeIgniter\View\{closure}()
 4 SYSTEMPATH\Common.php(1137): CodeIgniter\View\View->render('v_category', [], true)
 5 APPPATH\Views\v_template.php(258): view('v_category')
 6 SYSTEMPATH\View\View.php(213): include('APPPATH\\Views\\v_template.php')
 7 SYSTEMPATH\View\View.php(216): CodeIgniter\View\View->CodeIgniter\View\{closure}()
 8 SYSTEMPATH\Common.php(1137): CodeIgniter\View\View->render('v_template', [], true)
 9 APPPATH\Controllers\Category.php(24): view('v_template', [...])
10 SYSTEMPATH\CodeIgniter.php(898): App\Controllers\Category->index()
11 SYSTEMPATH\CodeIgniter.php(457): CodeIgniter\CodeIgniter->runController(Object(App\Controllers\Category))
12 SYSTEMPATH\CodeIgniter.php(340): CodeIgniter\CodeIgniter->handleRequest(null, Object(Config\Cache), false)
13 FCPATH\index.php(67): CodeIgniter\CodeIgniter->run()
CRITICAL - 2022-09-27 22:53:13 --> Undefined property: App\Controllers\User::$ModelUser
in APPPATH\Controllers\User.php on line 23.
 1 APPPATH\Controllers\User.php(23): CodeIgniter\Debug\Exceptions->errorHandler(2, 'Undefined property: App\\Controllers\\User::$ModelUser', 'APPPATH\\Controllers\\User.php', 23)
 2 SYSTEMPATH\CodeIgniter.php(898): App\Controllers\User->index()
 3 SYSTEMPATH\CodeIgniter.php(457): CodeIgniter\CodeIgniter->runController(Object(App\Controllers\User))
 4 SYSTEMPATH\CodeIgniter.php(340): CodeIgniter\CodeIgniter->handleRequest(null, Object(Config\Cache), false)
 5 FCPATH\index.php(67): CodeIgniter\CodeIgniter->run()
CRITICAL - 2022-09-27 22:53:36 --> Undefined property: App\Controllers\User::$ModelUser
in APPPATH\Controllers\User.php on line 23.
 1 APPPATH\Controllers\User.php(23): CodeIgniter\Debug\Exceptions->errorHandler(2, 'Undefined property: App\\Controllers\\User::$ModelUser', 'APPPATH\\Controllers\\User.php', 23)
 2 SYSTEMPATH\CodeIgniter.php(898): App\Controllers\User->index()
 3 SYSTEMPATH\CodeIgniter.php(457): CodeIgniter\CodeIgniter->runController(Object(App\Controllers\User))
 4 SYSTEMPATH\CodeIgniter.php(340): CodeIgniter\CodeIgniter->handleRequest(null, Object(Config\Cache), false)
 5 FCPATH\index.php(67): CodeIgniter\CodeIgniter->run()
CRITICAL - 2022-09-27 22:53:47 --> Undefined property: App\Controllers\User::$ModelUser
in APPPATH\Controllers\User.php on line 23.
 1 APPPATH\Controllers\User.php(23): CodeIgniter\Debug\Exceptions->errorHandler(2, 'Undefined property: App\\Controllers\\User::$ModelUser', 'APPPATH\\Controllers\\User.php', 23)
 2 SYSTEMPATH\CodeIgniter.php(898): App\Controllers\User->index()
 3 SYSTEMPATH\CodeIgniter.php(457): CodeIgniter\CodeIgniter->runController(Object(App\Controllers\User))
 4 SYSTEMPATH\CodeIgniter.php(340): CodeIgniter\CodeIgniter->handleRequest(null, Object(Config\Cache), false)
 5 FCPATH\index.php(67): CodeIgniter\CodeIgniter->run()
CRITICAL - 2022-09-27 22:54:28 --> You must set the database table to be used with your query.
in SYSTEMPATH\Database\BaseConnection.php on line 872.
 1 SYSTEMPATH\Model.php(586): CodeIgniter\Database\BaseConnection->table(null)
 2 SYSTEMPATH\Model.php(763): CodeIgniter\Model->builder()
 3 APPPATH\Controllers\User.php(23): CodeIgniter\Model->__call('AllData', [])
 4 SYSTEMPATH\CodeIgniter.php(898): App\Controllers\User->index()
 5 SYSTEMPATH\CodeIgniter.php(457): CodeIgniter\CodeIgniter->runController(Object(App\Controllers\User))
 6 SYSTEMPATH\CodeIgniter.php(340): CodeIgniter\CodeIgniter->handleRequest(null, Object(Config\Cache), false)
 7 FCPATH\index.php(67): CodeIgniter\CodeIgniter->run()
CRITICAL - 2022-09-27 22:57:14 --> You must set the database table to be used with your query.
in SYSTEMPATH\Database\BaseConnection.php on line 872.
 1 SYSTEMPATH\Model.php(586): CodeIgniter\Database\BaseConnection->table(null)
 2 SYSTEMPATH\Model.php(763): CodeIgniter\Model->builder()
 3 APPPATH\Controllers\User.php(23): CodeIgniter\Model->__call('AllData', [])
 4 SYSTEMPATH\CodeIgniter.php(898): App\Controllers\User->index()
 5 SYSTEMPATH\CodeIgniter.php(457): CodeIgniter\CodeIgniter->runController(Object(App\Controllers\User))
 6 SYSTEMPATH\CodeIgniter.php(340): CodeIgniter\CodeIgniter->handleRequest(null, Object(Config\Cache), false)
 7 FCPATH\index.php(67): CodeIgniter\CodeIgniter->run()
CRITICAL - 2022-09-27 22:57:16 --> You must set the database table to be used with your query.
in SYSTEMPATH\Database\BaseConnection.php on line 872.
 1 SYSTEMPATH\Model.php(586): CodeIgniter\Database\BaseConnection->table(null)
 2 SYSTEMPATH\Model.php(763): CodeIgniter\Model->builder()
 3 APPPATH\Controllers\User.php(23): CodeIgniter\Model->__call('AllData', [])
 4 SYSTEMPATH\CodeIgniter.php(898): App\Controllers\User->index()
 5 SYSTEMPATH\CodeIgniter.php(457): CodeIgniter\CodeIgniter->runController(Object(App\Controllers\User))
 6 SYSTEMPATH\CodeIgniter.php(340): CodeIgniter\CodeIgniter->handleRequest(null, Object(Config\Cache), false)
 7 FCPATH\index.php(67): CodeIgniter\CodeIgniter->run()
CRITICAL - 2022-09-27 22:57:37 --> You must set the database table to be used with your query.
in SYSTEMPATH\Database\BaseConnection.php on line 872.
 1 SYSTEMPATH\Model.php(586): CodeIgniter\Database\BaseConnection->table(null)
 2 SYSTEMPATH\Model.php(763): CodeIgniter\Model->builder()
 3 APPPATH\Controllers\User.php(23): CodeIgniter\Model->__call('AllData', [])
 4 SYSTEMPATH\CodeIgniter.php(898): App\Controllers\User->index()
 5 SYSTEMPATH\CodeIgniter.php(457): CodeIgniter\CodeIgniter->runController(Object(App\Controllers\User))
 6 SYSTEMPATH\CodeIgniter.php(340): CodeIgniter\CodeIgniter->handleRequest(null, Object(Config\Cache), false)
 7 FCPATH\index.php(67): CodeIgniter\CodeIgniter->run()
CRITICAL - 2022-09-27 22:58:30 --> Undefined variable $Category
in APPPATH\Views\v_user.php on line 37.
 1 APPPATH\Views\v_user.php(37): CodeIgniter\Debug\Exceptions->errorHandler(2, 'Undefined variable $Category', 'APPPATH\\Views\\v_user.php', 37)
 2 SYSTEMPATH\View\View.php(213): include('APPPATH\\Views\\v_user.php')
 3 SYSTEMPATH\View\View.php(216): CodeIgniter\View\View->CodeIgniter\View\{closure}()
 4 SYSTEMPATH\Common.php(1137): CodeIgniter\View\View->render('v_user', [], true)
 5 APPPATH\Views\v_template.php(258): view('v_user')
 6 SYSTEMPATH\View\View.php(213): include('APPPATH\\Views\\v_template.php')
 7 SYSTEMPATH\View\View.php(216): CodeIgniter\View\View->CodeIgniter\View\{closure}()
 8 SYSTEMPATH\Common.php(1137): CodeIgniter\View\View->render('v_template', [], true)
 9 APPPATH\Controllers\User.php(25): view('v_template', [...])
10 SYSTEMPATH\CodeIgniter.php(898): App\Controllers\User->index()
11 SYSTEMPATH\CodeIgniter.php(457): CodeIgniter\CodeIgniter->runController(Object(App\Controllers\User))
12 SYSTEMPATH\CodeIgniter.php(340): CodeIgniter\CodeIgniter->handleRequest(null, Object(Config\Cache), false)
13 FCPATH\index.php(67): CodeIgniter\CodeIgniter->run()
CRITICAL - 2022-09-27 22:58:49 --> Undefined variable $Category
in APPPATH\Views\v_user.php on line 37.
 1 APPPATH\Views\v_user.php(37): CodeIgniter\Debug\Exceptions->errorHandler(2, 'Undefined variable $Category', 'APPPATH\\Views\\v_user.php', 37)
 2 SYSTEMPATH\View\View.php(213): include('APPPATH\\Views\\v_user.php')
 3 SYSTEMPATH\View\View.php(216): CodeIgniter\View\View->CodeIgniter\View\{closure}()
 4 SYSTEMPATH\Common.php(1137): CodeIgniter\View\View->render('v_user', [], true)
 5 APPPATH\Views\v_template.php(258): view('v_user')
 6 SYSTEMPATH\View\View.php(213): include('APPPATH\\Views\\v_template.php')
 7 SYSTEMPATH\View\View.php(216): CodeIgniter\View\View->CodeIgniter\View\{closure}()
 8 SYSTEMPATH\Common.php(1137): CodeIgniter\View\View->render('v_template', [], true)
 9 APPPATH\Controllers\User.php(25): view('v_template', [...])
10 SYSTEMPATH\CodeIgniter.php(898): App\Controllers\User->index()
11 SYSTEMPATH\CodeIgniter.php(457): CodeIgniter\CodeIgniter->runController(Object(App\Controllers\User))
12 SYSTEMPATH\CodeIgniter.php(340): CodeIgniter\CodeIgniter->handleRequest(null, Object(Config\Cache), false)
13 FCPATH\index.php(67): CodeIgniter\CodeIgniter->run()
CRITICAL - 2022-09-27 22:58:52 --> Undefined variable $Category
in APPPATH\Views\v_user.php on line 37.
 1 APPPATH\Views\v_user.php(37): CodeIgniter\Debug\Exceptions->errorHandler(2, 'Undefined variable $Category', 'APPPATH\\Views\\v_user.php', 37)
 2 SYSTEMPATH\View\View.php(213): include('APPPATH\\Views\\v_user.php')
 3 SYSTEMPATH\View\View.php(216): CodeIgniter\View\View->CodeIgniter\View\{closure}()
 4 SYSTEMPATH\Common.php(1137): CodeIgniter\View\View->render('v_user', [], true)
 5 APPPATH\Views\v_template.php(258): view('v_user')
 6 SYSTEMPATH\View\View.php(213): include('APPPATH\\Views\\v_template.php')
 7 SYSTEMPATH\View\View.php(216): CodeIgniter\View\View->CodeIgniter\View\{closure}()
 8 SYSTEMPATH\Common.php(1137): CodeIgniter\View\View->render('v_template', [], true)
 9 APPPATH\Controllers\User.php(25): view('v_template', [...])
10 SYSTEMPATH\CodeIgniter.php(898): App\Controllers\User->index()
11 SYSTEMPATH\CodeIgniter.php(457): CodeIgniter\CodeIgniter->runController(Object(App\Controllers\User))
12 SYSTEMPATH\CodeIgniter.php(340): CodeIgniter\CodeIgniter->handleRequest(null, Object(Config\Cache), false)
13 FCPATH\index.php(67): CodeIgniter\CodeIgniter->run()
CRITICAL - 2022-09-27 23:00:37 --> Undefined variable $Category
in APPPATH\Views\v_user.php on line 37.
 1 APPPATH\Views\v_user.php(37): CodeIgniter\Debug\Exceptions->errorHandler(2, 'Undefined variable $Category', 'APPPATH\\Views\\v_user.php', 37)
 2 SYSTEMPATH\View\View.php(213): include('APPPATH\\Views\\v_user.php')
 3 SYSTEMPATH\View\View.php(216): CodeIgniter\View\View->CodeIgniter\View\{closure}()
 4 SYSTEMPATH\Common.php(1137): CodeIgniter\View\View->render('v_user', [], true)
 5 APPPATH\Views\v_template.php(258): view('v_user')
 6 SYSTEMPATH\View\View.php(213): include('APPPATH\\Views\\v_template.php')
 7 SYSTEMPATH\View\View.php(216): CodeIgniter\View\View->CodeIgniter\View\{closure}()
 8 SYSTEMPATH\Common.php(1137): CodeIgniter\View\View->render('v_template', [], true)
 9 APPPATH\Controllers\User.php(25): view('v_template', [...])
10 SYSTEMPATH\CodeIgniter.php(898): App\Controllers\User->index()
11 SYSTEMPATH\CodeIgniter.php(457): CodeIgniter\CodeIgniter->runController(Object(App\Controllers\User))
12 SYSTEMPATH\CodeIgniter.php(340): CodeIgniter\CodeIgniter->handleRequest(null, Object(Config\Cache), false)
13 FCPATH\index.php(67): CodeIgniter\CodeIgniter->run()
CRITICAL - 2022-09-27 23:00:45 --> Undefined array key "id_category"
in APPPATH\Views\v_user.php on line 46.
 1 APPPATH\Views\v_user.php(46): CodeIgniter\Debug\Exceptions->errorHandler(2, 'Undefined array key "id_category"', 'APPPATH\\Views\\v_user.php', 46)
 2 SYSTEMPATH\View\View.php(213): include('APPPATH\\Views\\v_user.php')
 3 SYSTEMPATH\View\View.php(216): CodeIgniter\View\View->CodeIgniter\View\{closure}()
 4 SYSTEMPATH\Common.php(1137): CodeIgniter\View\View->render('v_user', [], true)
 5 APPPATH\Views\v_template.php(258): view('v_user')
 6 SYSTEMPATH\View\View.php(213): include('APPPATH\\Views\\v_template.php')
 7 SYSTEMPATH\View\View.php(216): CodeIgniter\View\View->CodeIgniter\View\{closure}()
 8 SYSTEMPATH\Common.php(1137): CodeIgniter\View\View->render('v_template', [], true)
 9 APPPATH\Controllers\User.php(25): view('v_template', [...])
10 SYSTEMPATH\CodeIgniter.php(898): App\Controllers\User->index()
11 SYSTEMPATH\CodeIgniter.php(457): CodeIgniter\CodeIgniter->runController(Object(App\Controllers\User))
12 SYSTEMPATH\CodeIgniter.php(340): CodeIgniter\CodeIgniter->handleRequest(null, Object(Config\Cache), false)
13 FCPATH\index.php(67): CodeIgniter\CodeIgniter->run()
