CRITICAL - 2022-10-05 04:06:18 --> You must set the database table to be used with your query.
in SYSTEMPATH\Database\BaseConnection.php on line 872.
 1 SYSTEMPATH\Model.php(586): CodeIgniter\Database\BaseConnection->table(null)
 2 SYSTEMPATH\Model.php(763): CodeIgniter\Model->builder()
 3 APPPATH\Models\ModelCategory.php(14): CodeIgniter\Model->__call('table', [...])
 4 APPPATH\Controllers\Category.php(36): App\Models\ModelCategory->showData('ROOTPATH\\public', '0', '10')
 5 SYSTEMPATH\CodeIgniter.php(898): App\Controllers\Category->categoryAjax()
 6 SYSTEMPATH\CodeIgniter.php(457): CodeIgniter\CodeIgniter->runController(Object(App\Controllers\Category))
 7 SYSTEMPATH\CodeIgniter.php(340): CodeIgniter\CodeIgniter->handleRequest(null, Object(Config\Cache), false)
 8 FCPATH\index.php(67): CodeIgniter\CodeIgniter->run()
CRITICAL - 2022-10-05 04:07:45 --> You must set the database table to be used with your query.
in SYSTEMPATH\Database\BaseConnection.php on line 872.
 1 SYSTEMPATH\Model.php(586): CodeIgniter\Database\BaseConnection->table(null)
 2 SYSTEMPATH\Model.php(763): CodeIgniter\Model->builder()
 3 APPPATH\Models\ModelCategory.php(14): CodeIgniter\Model->__call('table', [...])
 4 APPPATH\Controllers\Category.php(36): App\Models\ModelCategory->showData('ROOTPATH\\public', '0', '10')
 5 SYSTEMPATH\CodeIgniter.php(898): App\Controllers\Category->categoryAjax()
 6 SYSTEMPATH\CodeIgniter.php(457): CodeIgniter\CodeIgniter->runController(Object(App\Controllers\Category))
 7 SYSTEMPATH\CodeIgniter.php(340): CodeIgniter\CodeIgniter->handleRequest(null, Object(Config\Cache), false)
 8 FCPATH\index.php(67): CodeIgniter\CodeIgniter->run()
CRITICAL - 2022-10-05 04:14:51 --> You must set the database table to be used with your query.
in SYSTEMPATH\Database\BaseConnection.php on line 872.
 1 SYSTEMPATH\Model.php(586): CodeIgniter\Database\BaseConnection->table(null)
 2 SYSTEMPATH\Model.php(763): CodeIgniter\Model->builder()
 3 APPPATH\Models\ModelCategory.php(14): CodeIgniter\Model->__call('table', [...])
 4 APPPATH\Controllers\Category.php(36): App\Models\ModelCategory->showData('ROOTPATH\\public', '0', '10')
 5 SYSTEMPATH\CodeIgniter.php(898): App\Controllers\Category->categoryAjax()
 6 SYSTEMPATH\CodeIgniter.php(457): CodeIgniter\CodeIgniter->runController(Object(App\Controllers\Category))
 7 SYSTEMPATH\CodeIgniter.php(340): CodeIgniter\CodeIgniter->handleRequest(null, Object(Config\Cache), false)
 8 FCPATH\index.php(67): CodeIgniter\CodeIgniter->run()
CRITICAL - 2022-10-05 04:17:28 --> You must set the database table to be used with your query.
in SYSTEMPATH\Database\BaseConnection.php on line 872.
 1 SYSTEMPATH\Model.php(586): CodeIgniter\Database\BaseConnection->table(null)
 2 SYSTEMPATH\Model.php(763): CodeIgniter\Model->builder()
 3 APPPATH\Models\ModelCategory.php(14): CodeIgniter\Model->__call('table', [...])
 4 APPPATH\Controllers\Category.php(36): App\Models\ModelCategory->showData('ROOTPATH\\public', '0', '10')
 5 SYSTEMPATH\CodeIgniter.php(898): App\Controllers\Category->categoryAjax()
 6 SYSTEMPATH\CodeIgniter.php(457): CodeIgniter\CodeIgniter->runController(Object(App\Controllers\Category))
 7 SYSTEMPATH\CodeIgniter.php(340): CodeIgniter\CodeIgniter->handleRequest(null, Object(Config\Cache), false)
 8 FCPATH\index.php(67): CodeIgniter\CodeIgniter->run()
CRITICAL - 2022-10-05 04:20:15 --> You must set the database table to be used with your query.
in SYSTEMPATH\Database\BaseConnection.php on line 872.
 1 SYSTEMPATH\Model.php(586): CodeIgniter\Database\BaseConnection->table(null)
 2 SYSTEMPATH\Model.php(763): CodeIgniter\Model->builder()
 3 APPPATH\Models\ModelCategory.php(14): CodeIgniter\Model->__call('table', [...])
 4 APPPATH\Controllers\Category.php(36): App\Models\ModelCategory->showData('ROOTPATH\\public', '0', '10')
 5 SYSTEMPATH\CodeIgniter.php(898): App\Controllers\Category->categoryAjax()
 6 SYSTEMPATH\CodeIgniter.php(457): CodeIgniter\CodeIgniter->runController(Object(App\Controllers\Category))
 7 SYSTEMPATH\CodeIgniter.php(340): CodeIgniter\CodeIgniter->handleRequest(null, Object(Config\Cache), false)
 8 FCPATH\index.php(67): CodeIgniter\CodeIgniter->run()
CRITICAL - 2022-10-05 04:24:50 --> You must set the database table to be used with your query.
in SYSTEMPATH\Database\BaseConnection.php on line 872.
 1 SYSTEMPATH\Model.php(586): CodeIgniter\Database\BaseConnection->table(null)
 2 SYSTEMPATH\Model.php(763): CodeIgniter\Model->builder()
 3 APPPATH\Models\ModelCategory.php(14): CodeIgniter\Model->__call('table', [...])
 4 APPPATH\Controllers\Category.php(37): App\Models\ModelCategory->showData('ROOTPATH\\public', '0', '10')
 5 SYSTEMPATH\CodeIgniter.php(898): App\Controllers\Category->categoryAjax()
 6 SYSTEMPATH\CodeIgniter.php(457): CodeIgniter\CodeIgniter->runController(Object(App\Controllers\Category))
 7 SYSTEMPATH\CodeIgniter.php(340): CodeIgniter\CodeIgniter->handleRequest(null, Object(Config\Cache), false)
 8 FCPATH\index.php(67): CodeIgniter\CodeIgniter->run()
CRITICAL - 2022-10-05 04:25:02 --> You must set the database table to be used with your query.
in SYSTEMPATH\Database\BaseConnection.php on line 872.
 1 SYSTEMPATH\Model.php(586): CodeIgniter\Database\BaseConnection->table(null)
 2 SYSTEMPATH\Model.php(763): CodeIgniter\Model->builder()
 3 APPPATH\Models\ModelCategory.php(14): CodeIgniter\Model->__call('table', [...])
 4 APPPATH\Controllers\Category.php(37): App\Models\ModelCategory->showData('ROOTPATH\\public', '0', '10')
 5 SYSTEMPATH\CodeIgniter.php(898): App\Controllers\Category->categoryAjax()
 6 SYSTEMPATH\CodeIgniter.php(457): CodeIgniter\CodeIgniter->runController(Object(App\Controllers\Category))
 7 SYSTEMPATH\CodeIgniter.php(340): CodeIgniter\CodeIgniter->handleRequest(null, Object(Config\Cache), false)
 8 FCPATH\index.php(67): CodeIgniter\CodeIgniter->run()
CRITICAL - 2022-10-05 04:25:30 --> You must set the database table to be used with your query.
in SYSTEMPATH\Database\BaseConnection.php on line 872.
 1 SYSTEMPATH\Model.php(586): CodeIgniter\Database\BaseConnection->table(null)
 2 SYSTEMPATH\Model.php(763): CodeIgniter\Model->builder()
 3 APPPATH\Models\ModelCategory.php(14): CodeIgniter\Model->__call('table', [...])
 4 APPPATH\Controllers\Category.php(37): App\Models\ModelCategory->showData('ROOTPATH\\public', 'ROOTPATH\\public', 'ROOTPATH\\public')
 5 SYSTEMPATH\CodeIgniter.php(898): App\Controllers\Category->categoryAjax()
 6 SYSTEMPATH\CodeIgniter.php(457): CodeIgniter\CodeIgniter->runController(Object(App\Controllers\Category))
 7 SYSTEMPATH\CodeIgniter.php(340): CodeIgniter\CodeIgniter->handleRequest(null, Object(Config\Cache), false)
 8 FCPATH\index.php(67): CodeIgniter\CodeIgniter->run()
CRITICAL - 2022-10-05 04:25:55 --> You must set the database table to be used with your query.
in SYSTEMPATH\Database\BaseConnection.php on line 872.
 1 SYSTEMPATH\Model.php(586): CodeIgniter\Database\BaseConnection->table(null)
 2 SYSTEMPATH\Model.php(763): CodeIgniter\Model->builder()
 3 APPPATH\Models\ModelCategory.php(14): CodeIgniter\Model->__call('table', [...])
 4 APPPATH\Controllers\Category.php(37): App\Models\ModelCategory->showData('ROOTPATH\\public', 'ROOTPATH\\public', 'ROOTPATH\\public')
 5 SYSTEMPATH\CodeIgniter.php(898): App\Controllers\Category->categoryAjax()
 6 SYSTEMPATH\CodeIgniter.php(457): CodeIgniter\CodeIgniter->runController(Object(App\Controllers\Category))
 7 SYSTEMPATH\CodeIgniter.php(340): CodeIgniter\CodeIgniter->handleRequest(null, Object(Config\Cache), false)
 8 FCPATH\index.php(67): CodeIgniter\CodeIgniter->run()
CRITICAL - 2022-10-05 04:29:28 --> You must set the database table to be used with your query.
in SYSTEMPATH\Database\BaseConnection.php on line 872.
 1 SYSTEMPATH\Model.php(586): CodeIgniter\Database\BaseConnection->table(null)
 2 SYSTEMPATH\Model.php(763): CodeIgniter\Model->builder()
 3 APPPATH\Models\ModelCategory.php(14): CodeIgniter\Model->__call('table', [...])
 4 APPPATH\Controllers\Category.php(37): App\Models\ModelCategory->showData('ROOTPATH\\public', '0', '10')
 5 SYSTEMPATH\CodeIgniter.php(898): App\Controllers\Category->categoryAjax()
 6 SYSTEMPATH\CodeIgniter.php(457): CodeIgniter\CodeIgniter->runController(Object(App\Controllers\Category))
 7 SYSTEMPATH\CodeIgniter.php(340): CodeIgniter\CodeIgniter->handleRequest(null, Object(Config\Cache), false)
 8 FCPATH\index.php(67): CodeIgniter\CodeIgniter->run()
CRITICAL - 2022-10-05 04:34:43 --> You must set the database table to be used with your query.
in SYSTEMPATH\Database\BaseConnection.php on line 872.
 1 SYSTEMPATH\Model.php(586): CodeIgniter\Database\BaseConnection->table(null)
 2 SYSTEMPATH\Model.php(763): CodeIgniter\Model->builder()
 3 APPPATH\Models\ModelCategory.php(14): CodeIgniter\Model->__call('table', [...])
 4 APPPATH\Controllers\Category.php(38): App\Models\ModelCategory->showData('ROOTPATH\\public', '0', '10')
 5 SYSTEMPATH\CodeIgniter.php(898): App\Controllers\Category->categoryAjax()
 6 SYSTEMPATH\CodeIgniter.php(457): CodeIgniter\CodeIgniter->runController(Object(App\Controllers\Category))
 7 SYSTEMPATH\CodeIgniter.php(340): CodeIgniter\CodeIgniter->handleRequest(null, Object(Config\Cache), false)
 8 FCPATH\index.php(67): CodeIgniter\CodeIgniter->run()
CRITICAL - 2022-10-05 04:35:56 --> You must set the database table to be used with your query.
in SYSTEMPATH\Database\BaseConnection.php on line 872.
 1 SYSTEMPATH\Model.php(586): CodeIgniter\Database\BaseConnection->table(null)
 2 SYSTEMPATH\Model.php(763): CodeIgniter\Model->builder()
 3 APPPATH\Models\ModelCategory.php(14): CodeIgniter\Model->__call('table', [...])
 4 APPPATH\Controllers\Category.php(38): App\Models\ModelCategory->showData('ROOTPATH\\public', '0', '10')
 5 SYSTEMPATH\CodeIgniter.php(898): App\Controllers\Category->categoryAjax()
 6 SYSTEMPATH\CodeIgniter.php(457): CodeIgniter\CodeIgniter->runController(Object(App\Controllers\Category))
 7 SYSTEMPATH\CodeIgniter.php(340): CodeIgniter\CodeIgniter->handleRequest(null, Object(Config\Cache), false)
 8 FCPATH\index.php(67): CodeIgniter\CodeIgniter->run()
CRITICAL - 2022-10-05 04:35:58 --> You must set the database table to be used with your query.
in SYSTEMPATH\Database\BaseConnection.php on line 872.
 1 SYSTEMPATH\Model.php(586): CodeIgniter\Database\BaseConnection->table(null)
 2 SYSTEMPATH\Model.php(763): CodeIgniter\Model->builder()
 3 APPPATH\Models\ModelCategory.php(14): CodeIgniter\Model->__call('table', [...])
 4 APPPATH\Controllers\Category.php(38): App\Models\ModelCategory->showData('ROOTPATH\\public', '0', '10')
 5 SYSTEMPATH\CodeIgniter.php(898): App\Controllers\Category->categoryAjax()
 6 SYSTEMPATH\CodeIgniter.php(457): CodeIgniter\CodeIgniter->runController(Object(App\Controllers\Category))
 7 SYSTEMPATH\CodeIgniter.php(340): CodeIgniter\CodeIgniter->handleRequest(null, Object(Config\Cache), false)
 8 FCPATH\index.php(67): CodeIgniter\CodeIgniter->run()
CRITICAL - 2022-10-05 04:36:06 --> You must set the database table to be used with your query.
in SYSTEMPATH\Database\BaseConnection.php on line 872.
 1 SYSTEMPATH\Model.php(586): CodeIgniter\Database\BaseConnection->table(null)
 2 SYSTEMPATH\Model.php(763): CodeIgniter\Model->builder()
 3 APPPATH\Models\ModelCategory.php(14): CodeIgniter\Model->__call('table', [...])
 4 APPPATH\Controllers\Category.php(38): App\Models\ModelCategory->showData('ROOTPATH\\public', 'ROOTPATH\\public', 'ROOTPATH\\public')
 5 SYSTEMPATH\CodeIgniter.php(898): App\Controllers\Category->categoryAjax()
 6 SYSTEMPATH\CodeIgniter.php(457): CodeIgniter\CodeIgniter->runController(Object(App\Controllers\Category))
 7 SYSTEMPATH\CodeIgniter.php(340): CodeIgniter\CodeIgniter->handleRequest(null, Object(Config\Cache), false)
 8 FCPATH\index.php(67): CodeIgniter\CodeIgniter->run()
CRITICAL - 2022-10-05 04:39:11 --> You must set the database table to be used with your query.
in SYSTEMPATH\Database\BaseConnection.php on line 872.
 1 SYSTEMPATH\Model.php(586): CodeIgniter\Database\BaseConnection->table(null)
 2 SYSTEMPATH\Model.php(763): CodeIgniter\Model->builder()
 3 APPPATH\Models\ModelCategory.php(14): CodeIgniter\Model->__call('table', [...])
 4 APPPATH\Controllers\Category.php(38): App\Models\ModelCategory->showData('ROOTPATH\\public', '0', '10')
 5 SYSTEMPATH\CodeIgniter.php(898): App\Controllers\Category->categoryAjax()
 6 SYSTEMPATH\CodeIgniter.php(457): CodeIgniter\CodeIgniter->runController(Object(App\Controllers\Category))
 7 SYSTEMPATH\CodeIgniter.php(340): CodeIgniter\CodeIgniter->handleRequest(null, Object(Config\Cache), false)
 8 FCPATH\index.php(67): CodeIgniter\CodeIgniter->run()
CRITICAL - 2022-10-05 04:40:08 --> You must set the database table to be used with your query.
in SYSTEMPATH\Database\BaseConnection.php on line 872.
 1 SYSTEMPATH\Model.php(586): CodeIgniter\Database\BaseConnection->table(null)
 2 SYSTEMPATH\Model.php(763): CodeIgniter\Model->builder()
 3 APPPATH\Models\ModelCategory.php(16): CodeIgniter\Model->__call('table', [...])
 4 APPPATH\Controllers\Category.php(38): App\Models\ModelCategory->showData('ROOTPATH\\public', '0', '10')
 5 SYSTEMPATH\CodeIgniter.php(898): App\Controllers\Category->categoryAjax()
 6 SYSTEMPATH\CodeIgniter.php(457): CodeIgniter\CodeIgniter->runController(Object(App\Controllers\Category))
 7 SYSTEMPATH\CodeIgniter.php(340): CodeIgniter\CodeIgniter->handleRequest(null, Object(Config\Cache), false)
 8 FCPATH\index.php(67): CodeIgniter\CodeIgniter->run()
CRITICAL - 2022-10-05 04:47:44 --> You must set the database table to be used with your query.
in SYSTEMPATH\Database\BaseConnection.php on line 872.
 1 SYSTEMPATH\Model.php(586): CodeIgniter\Database\BaseConnection->table(null)
 2 SYSTEMPATH\Model.php(763): CodeIgniter\Model->builder()
 3 APPPATH\Models\ModelCategory.php(15): CodeIgniter\Model->__call('table', [...])
 4 APPPATH\Controllers\Category.php(38): App\Models\ModelCategory->showData('ROOTPATH\\public', '0', '10')
 5 SYSTEMPATH\CodeIgniter.php(898): App\Controllers\Category->categoryAjax()
 6 SYSTEMPATH\CodeIgniter.php(457): CodeIgniter\CodeIgniter->runController(Object(App\Controllers\Category))
 7 SYSTEMPATH\CodeIgniter.php(340): CodeIgniter\CodeIgniter->handleRequest(null, Object(Config\Cache), false)
 8 FCPATH\index.php(67): CodeIgniter\CodeIgniter->run()
CRITICAL - 2022-10-05 04:48:00 --> You must set the database table to be used with your query.
in SYSTEMPATH\Database\BaseConnection.php on line 872.
 1 SYSTEMPATH\Model.php(586): CodeIgniter\Database\BaseConnection->table(null)
 2 SYSTEMPATH\Model.php(763): CodeIgniter\Model->builder()
 3 APPPATH\Models\ModelCategory.php(15): CodeIgniter\Model->__call('table', [...])
 4 APPPATH\Controllers\Category.php(38): App\Models\ModelCategory->showData('ROOTPATH\\public', 'ROOTPATH\\public', 'ROOTPATH\\public')
 5 SYSTEMPATH\CodeIgniter.php(898): App\Controllers\Category->categoryAjax()
 6 SYSTEMPATH\CodeIgniter.php(457): CodeIgniter\CodeIgniter->runController(Object(App\Controllers\Category))
 7 SYSTEMPATH\CodeIgniter.php(340): CodeIgniter\CodeIgniter->handleRequest(null, Object(Config\Cache), false)
 8 FCPATH\index.php(67): CodeIgniter\CodeIgniter->run()
CRITICAL - 2022-10-05 04:52:41 --> You must set the database table to be used with your query.
in SYSTEMPATH\Database\BaseConnection.php on line 872.
 1 SYSTEMPATH\Model.php(586): CodeIgniter\Database\BaseConnection->table(null)
 2 SYSTEMPATH\Model.php(763): CodeIgniter\Model->builder()
 3 APPPATH\Models\ModelCategory.php(15): CodeIgniter\Model->__call('table', [...])
 4 APPPATH\Controllers\Category.php(38): App\Models\ModelCategory->showData('ROOTPATH\\public', '0', '10')
 5 SYSTEMPATH\CodeIgniter.php(898): App\Controllers\Category->categoryAjax()
 6 SYSTEMPATH\CodeIgniter.php(457): CodeIgniter\CodeIgniter->runController(Object(App\Controllers\Category))
 7 SYSTEMPATH\CodeIgniter.php(340): CodeIgniter\CodeIgniter->handleRequest(null, Object(Config\Cache), false)
 8 FCPATH\index.php(67): CodeIgniter\CodeIgniter->run()
CRITICAL - 2022-10-05 04:54:42 --> Undefined property: App\Controllers\Category::$model
in APPPATH\Controllers\Category.php on line 39.
 1 APPPATH\Controllers\Category.php(39): CodeIgniter\Debug\Exceptions->errorHandler(2, 'Undefined property: App\\Controllers\\Category::$model', 'APPPATH\\Controllers\\Category.php', 39)
 2 SYSTEMPATH\CodeIgniter.php(898): App\Controllers\Category->categoryAjax()
 3 SYSTEMPATH\CodeIgniter.php(457): CodeIgniter\CodeIgniter->runController(Object(App\Controllers\Category))
 4 SYSTEMPATH\CodeIgniter.php(340): CodeIgniter\CodeIgniter->handleRequest(null, Object(Config\Cache), false)
 5 FCPATH\index.php(67): CodeIgniter\CodeIgniter->run()
CRITICAL - 2022-10-05 04:54:57 --> CodeIgniter\Database\BaseBuilder::limit(): Argument #1 ($value) must be of type ?int, string given, called in C:\xampp\htdocs\kasir-ci4\system\Model.php on line 771
in SYSTEMPATH\Database\BaseBuilder.php on line 1460.
 1 SYSTEMPATH\Model.php(771): CodeIgniter\Database\BaseBuilder->limit('ROOTPATH\\public', 'ROOTPATH\\public')
 2 APPPATH\Models\ModelCategory.php(24): CodeIgniter\Model->__call('limit', [...])
 3 APPPATH\Controllers\Category.php(38): App\Models\ModelCategory->showData('ROOTPATH\\public', 'ROOTPATH\\public', 'ROOTPATH\\public')
 4 SYSTEMPATH\CodeIgniter.php(898): App\Controllers\Category->categoryAjax()
 5 SYSTEMPATH\CodeIgniter.php(457): CodeIgniter\CodeIgniter->runController(Object(App\Controllers\Category))
 6 SYSTEMPATH\CodeIgniter.php(340): CodeIgniter\CodeIgniter->handleRequest(null, Object(Config\Cache), false)
 7 FCPATH\index.php(67): CodeIgniter\CodeIgniter->run()
CRITICAL - 2022-10-05 05:33:18 --> Undefined property: App\Controllers\Product::$ModelUnit
in APPPATH\Controllers\Product.php on line 28.
 1 APPPATH\Controllers\Product.php(28): CodeIgniter\Debug\Exceptions->errorHandler(2, 'Undefined property: App\\Controllers\\Product::$ModelUnit', 'APPPATH\\Controllers\\Product.php', 28)
 2 SYSTEMPATH\CodeIgniter.php(898): App\Controllers\Product->index()
 3 SYSTEMPATH\CodeIgniter.php(457): CodeIgniter\CodeIgniter->runController(Object(App\Controllers\Product))
 4 SYSTEMPATH\CodeIgniter.php(340): CodeIgniter\CodeIgniter->handleRequest(null, Object(Config\Cache), false)
 5 FCPATH\index.php(67): CodeIgniter\CodeIgniter->run()
CRITICAL - 2022-10-05 05:35:12 --> Undefined property: App\Controllers\Product::$ModelUnit
in APPPATH\Controllers\Product.php on line 28.
 1 APPPATH\Controllers\Product.php(28): CodeIgniter\Debug\Exceptions->errorHandler(2, 'Undefined property: App\\Controllers\\Product::$ModelUnit', 'APPPATH\\Controllers\\Product.php', 28)
 2 SYSTEMPATH\CodeIgniter.php(898): App\Controllers\Product->index()
 3 SYSTEMPATH\CodeIgniter.php(457): CodeIgniter\CodeIgniter->runController(Object(App\Controllers\Product))
 4 SYSTEMPATH\CodeIgniter.php(340): CodeIgniter\CodeIgniter->handleRequest(null, Object(Config\Cache), false)
 5 FCPATH\index.php(67): CodeIgniter\CodeIgniter->run()
CRITICAL - 2022-10-05 05:36:08 --> Undefined property: App\Controllers\Product::$ModelUnit
in APPPATH\Controllers\Product.php on line 28.
 1 APPPATH\Controllers\Product.php(28): CodeIgniter\Debug\Exceptions->errorHandler(2, 'Undefined property: App\\Controllers\\Product::$ModelUnit', 'APPPATH\\Controllers\\Product.php', 28)
 2 SYSTEMPATH\CodeIgniter.php(898): App\Controllers\Product->index()
 3 SYSTEMPATH\CodeIgniter.php(457): CodeIgniter\CodeIgniter->runController(Object(App\Controllers\Product))
 4 SYSTEMPATH\CodeIgniter.php(340): CodeIgniter\CodeIgniter->handleRequest(null, Object(Config\Cache), false)
 5 FCPATH\index.php(67): CodeIgniter\CodeIgniter->run()
CRITICAL - 2022-10-05 05:38:04 --> Undefined variable $Unit
in APPPATH\Views\v_product.php on line 121.
 1 APPPATH\Views\v_product.php(121): CodeIgniter\Debug\Exceptions->errorHandler(2, 'Undefined variable $Unit', 'APPPATH\\Views\\v_product.php', 121)
 2 SYSTEMPATH\View\View.php(213): include('APPPATH\\Views\\v_product.php')
 3 SYSTEMPATH\View\View.php(216): CodeIgniter\View\View->CodeIgniter\View\{closure}()
 4 SYSTEMPATH\Common.php(1137): CodeIgniter\View\View->render('v_product', [], true)
 5 APPPATH\Views\v_template.php(503): view('v_product')
 6 SYSTEMPATH\View\View.php(213): include('APPPATH\\Views\\v_template.php')
 7 SYSTEMPATH\View\View.php(216): CodeIgniter\View\View->CodeIgniter\View\{closure}()
 8 SYSTEMPATH\Common.php(1137): CodeIgniter\View\View->render('v_template', [], true)
 9 APPPATH\Controllers\Product.php(30): view('v_template', [...])
10 SYSTEMPATH\CodeIgniter.php(898): App\Controllers\Product->index()
11 SYSTEMPATH\CodeIgniter.php(457): CodeIgniter\CodeIgniter->runController(Object(App\Controllers\Product))
12 SYSTEMPATH\CodeIgniter.php(340): CodeIgniter\CodeIgniter->handleRequest(null, Object(Config\Cache), false)
13 FCPATH\index.php(67): CodeIgniter\CodeIgniter->run()
CRITICAL - 2022-10-05 23:21:23 --> CodeIgniter\Database\BaseBuilder::limit(): Argument #1 ($value) must be of type ?int, string given, called in C:\xampp\htdocs\kasir-ci4\system\Model.php on line 771
in SYSTEMPATH\Database\BaseBuilder.php on line 1460.
 1 SYSTEMPATH\Model.php(771): CodeIgniter\Database\BaseBuilder->limit('ROOTPATH\\public', 'ROOTPATH\\public')
 2 APPPATH\Models\ModelCategory.php(24): CodeIgniter\Model->__call('limit', [...])
 3 APPPATH\Controllers\Category.php(38): App\Models\ModelCategory->showData('ROOTPATH\\public', 'ROOTPATH\\public', 'ROOTPATH\\public')
 4 SYSTEMPATH\CodeIgniter.php(898): App\Controllers\Category->categoryAjax()
 5 SYSTEMPATH\CodeIgniter.php(457): CodeIgniter\CodeIgniter->runController(Object(App\Controllers\Category))
 6 SYSTEMPATH\CodeIgniter.php(340): CodeIgniter\CodeIgniter->handleRequest(null, Object(Config\Cache), false)
 7 FCPATH\index.php(67): CodeIgniter\CodeIgniter->run()
CRITICAL - 2022-10-05 23:21:26 --> CodeIgniter\Database\BaseBuilder::limit(): Argument #1 ($value) must be of type ?int, string given, called in C:\xampp\htdocs\kasir-ci4\system\Model.php on line 771
in SYSTEMPATH\Database\BaseBuilder.php on line 1460.
 1 SYSTEMPATH\Model.php(771): CodeIgniter\Database\BaseBuilder->limit('ROOTPATH\\public', 'ROOTPATH\\public')
 2 APPPATH\Models\ModelCategory.php(24): CodeIgniter\Model->__call('limit', [...])
 3 APPPATH\Controllers\Category.php(38): App\Models\ModelCategory->showData('ROOTPATH\\public', 'ROOTPATH\\public', 'ROOTPATH\\public')
 4 SYSTEMPATH\CodeIgniter.php(898): App\Controllers\Category->categoryAjax()
 5 SYSTEMPATH\CodeIgniter.php(457): CodeIgniter\CodeIgniter->runController(Object(App\Controllers\Category))
 6 SYSTEMPATH\CodeIgniter.php(340): CodeIgniter\CodeIgniter->handleRequest(null, Object(Config\Cache), false)
 7 FCPATH\index.php(67): CodeIgniter\CodeIgniter->run()
CRITICAL - 2022-10-05 23:21:50 --> CodeIgniter\Database\BaseBuilder::limit(): Argument #1 ($value) must be of type ?int, string given, called in C:\xampp\htdocs\kasir-ci4\system\Model.php on line 771
in SYSTEMPATH\Database\BaseBuilder.php on line 1460.
 1 SYSTEMPATH\Model.php(771): CodeIgniter\Database\BaseBuilder->limit('ROOTPATH\\public', 'ROOTPATH\\public')
 2 APPPATH\Models\ModelCategory.php(24): CodeIgniter\Model->__call('limit', [...])
 3 APPPATH\Controllers\Category.php(38): App\Models\ModelCategory->showData('ROOTPATH\\public', 'ROOTPATH\\public', 'ROOTPATH\\public')
 4 SYSTEMPATH\CodeIgniter.php(898): App\Controllers\Category->categoryAjax()
 5 SYSTEMPATH\CodeIgniter.php(457): CodeIgniter\CodeIgniter->runController(Object(App\Controllers\Category))
 6 SYSTEMPATH\CodeIgniter.php(340): CodeIgniter\CodeIgniter->handleRequest(null, Object(Config\Cache), false)
 7 FCPATH\index.php(67): CodeIgniter\CodeIgniter->run()
CRITICAL - 2022-10-05 23:42:02 --> Undefined property: App\Controllers\Category::$model
in APPPATH\Controllers\Category.php on line 39.
 1 APPPATH\Controllers\Category.php(39): CodeIgniter\Debug\Exceptions->errorHandler(2, 'Undefined property: App\\Controllers\\Category::$model', 'APPPATH\\Controllers\\Category.php', 39)
 2 SYSTEMPATH\CodeIgniter.php(898): App\Controllers\Category->categoryAjax()
 3 SYSTEMPATH\CodeIgniter.php(457): CodeIgniter\CodeIgniter->runController(Object(App\Controllers\Category))
 4 SYSTEMPATH\CodeIgniter.php(340): CodeIgniter\CodeIgniter->handleRequest(null, Object(Config\Cache), false)
 5 FCPATH\index.php(67): CodeIgniter\CodeIgniter->run()
CRITICAL - 2022-10-05 23:42:45 --> Undefined property: App\Controllers\Category::$model
in APPPATH\Controllers\Category.php on line 39.
 1 APPPATH\Controllers\Category.php(39): CodeIgniter\Debug\Exceptions->errorHandler(2, 'Undefined property: App\\Controllers\\Category::$model', 'APPPATH\\Controllers\\Category.php', 39)
 2 SYSTEMPATH\CodeIgniter.php(898): App\Controllers\Category->categoryAjax()
 3 SYSTEMPATH\CodeIgniter.php(457): CodeIgniter\CodeIgniter->runController(Object(App\Controllers\Category))
 4 SYSTEMPATH\CodeIgniter.php(340): CodeIgniter\CodeIgniter->handleRequest(null, Object(Config\Cache), false)
 5 FCPATH\index.php(67): CodeIgniter\CodeIgniter->run()
