ERROR - 2022-10-03 03:52:44 --> An invalid name was submitted as the product name:  The name can only contain alpha-numeric characters, dashes, underscores, colons, and spaces
ERROR - 2022-10-03 03:58:25 --> Invalid product ID.  The product ID can only contain alpha-numeric characters, dashes, and underscores
ERROR - 2022-10-03 03:58:27 --> Invalid product ID.  The product ID can only contain alpha-numeric characters, dashes, and underscores
ERROR - 2022-10-03 03:58:30 --> Invalid product ID.  The product ID can only contain alpha-numeric characters, dashes, and underscores
ERROR - 2022-10-03 03:58:33 --> Invalid product ID.  The product ID can only contain alpha-numeric characters, dashes, and underscores
ERROR - 2022-10-03 03:58:35 --> Invalid product ID.  The product ID can only contain alpha-numeric characters, dashes, and underscores
ERROR - 2022-10-03 03:58:36 --> Invalid product ID.  The product ID can only contain alpha-numeric characters, dashes, and underscores
ERROR - 2022-10-03 03:58:56 --> Invalid product ID.  The product ID can only contain alpha-numeric characters, dashes, and underscores
ERROR - 2022-10-03 03:59:09 --> Invalid product ID.  The product ID can only contain alpha-numeric characters, dashes, and underscores
ERROR - 2022-10-03 03:59:12 --> Invalid product ID.  The product ID can only contain alpha-numeric characters, dashes, and underscores
ERROR - 2022-10-03 04:08:37 --> An invalid name was submitted as the product name:  The name can only contain alpha-numeric characters, dashes, underscores, colons, and spaces
ERROR - 2022-10-03 04:08:50 --> An invalid name was submitted as the product name:  The name can only contain alpha-numeric characters, dashes, underscores, colons, and spaces
ERROR - 2022-10-03 04:09:16 --> Invalid product ID.  The product ID can only contain alpha-numeric characters, dashes, and underscores
ERROR - 2022-10-03 04:12:52 --> An invalid name was submitted as the product name:  The name can only contain alpha-numeric characters, dashes, underscores, colons, and spaces
ERROR - 2022-10-03 04:12:57 --> Invalid product ID.  The product ID can only contain alpha-numeric characters, dashes, and underscores
ERROR - 2022-10-03 04:13:02 --> Invalid product ID.  The product ID can only contain alpha-numeric characters, dashes, and underscores
ERROR - 2022-10-03 04:22:18 --> Invalid product ID.  The product ID can only contain alpha-numeric characters, dashes, and underscores
ERROR - 2022-10-03 04:22:28 --> Invalid product ID.  The product ID can only contain alpha-numeric characters, dashes, and underscores
ERROR - 2022-10-03 04:23:35 --> Invalid product ID.  The product ID can only contain alpha-numeric characters, dashes, and underscores
ERROR - 2022-10-03 04:24:22 --> An invalid name was submitted as the product name:  The name can only contain alpha-numeric characters, dashes, underscores, colons, and spaces
ERROR - 2022-10-03 04:26:38 --> Invalid product ID.  The product ID can only contain alpha-numeric characters, dashes, and underscores
ERROR - 2022-10-03 04:26:48 --> Invalid product ID.  The product ID can only contain alpha-numeric characters, dashes, and underscores
ERROR - 2022-10-03 04:28:37 --> An invalid name was submitted as the product name:  The name can only contain alpha-numeric characters, dashes, underscores, colons, and spaces
ERROR - 2022-10-03 04:40:48 --> An invalid name was submitted as the product name:  The name can only contain alpha-numeric characters, dashes, underscores, colons, and spaces
ERROR - 2022-10-03 04:51:35 --> An invalid name was submitted as the product name:  The name can only contain alpha-numeric characters, dashes, underscores, colons, and spaces
ERROR - 2022-10-03 04:52:10 --> An invalid name was submitted as the product name:  The name can only contain alpha-numeric characters, dashes, underscores, colons, and spaces
ERROR - 2022-10-03 04:52:17 --> An invalid name was submitted as the product name:  The name can only contain alpha-numeric characters, dashes, underscores, colons, and spaces
ERROR - 2022-10-03 09:27:34 --> Invalid product ID.  The product ID can only contain alpha-numeric characters, dashes, and underscores
ERROR - 2022-10-03 09:27:36 --> Invalid product ID.  The product ID can only contain alpha-numeric characters, dashes, and underscores
ERROR - 2022-10-03 09:27:38 --> Invalid product ID.  The product ID can only contain alpha-numeric characters, dashes, and underscores
ERROR - 2022-10-03 09:30:30 --> Invalid product ID.  The product ID can only contain alpha-numeric characters, dashes, and underscores
ERROR - 2022-10-03 09:30:31 --> Invalid product ID.  The product ID can only contain alpha-numeric characters, dashes, and underscores
ERROR - 2022-10-03 09:30:33 --> Invalid product ID.  The product ID can only contain alpha-numeric characters, dashes, and underscores
ERROR - 2022-10-03 09:30:35 --> Invalid product ID.  The product ID can only contain alpha-numeric characters, dashes, and underscores
ERROR - 2022-10-03 09:32:12 --> An invalid name was submitted as the product name:  The name can only contain alpha-numeric characters, dashes, underscores, colons, and spaces
CRITICAL - 2022-10-03 21:12:02 --> str_replace(): Passing null to parameter #3 ($subject) of type array|string is deprecated
in APPPATH\Controllers\Selling.php on line 95.
 1 [internal function]: CodeIgniter\Debug\Exceptions->errorHandler(8192, 'str_replace(): Passing null to parameter #3 ($subject) of type array|string is deprecated', 'APPPATH\\Controllers\\Selling.php', 95)
 2 APPPATH\Controllers\Selling.php(95): str_replace(',', 'ROOTPATH\\public', null)
 3 SYSTEMPATH\CodeIgniter.php(898): App\Controllers\Selling->SaveTransaction()
 4 SYSTEMPATH\CodeIgniter.php(457): CodeIgniter\CodeIgniter->runController(Object(App\Controllers\Selling))
 5 SYSTEMPATH\CodeIgniter.php(340): CodeIgniter\CodeIgniter->handleRequest(null, Object(Config\Cache), false)
 6 FCPATH\index.php(67): CodeIgniter\CodeIgniter->run()
CRITICAL - 2022-10-03 21:17:46 --> str_replace(): Passing null to parameter #3 ($subject) of type array|string is deprecated
in APPPATH\Controllers\Selling.php on line 95.
 1 [internal function]: CodeIgniter\Debug\Exceptions->errorHandler(8192, 'str_replace(): Passing null to parameter #3 ($subject) of type array|string is deprecated', 'APPPATH\\Controllers\\Selling.php', 95)
 2 APPPATH\Controllers\Selling.php(95): str_replace(',', 'ROOTPATH\\public', null)
 3 SYSTEMPATH\CodeIgniter.php(898): App\Controllers\Selling->SaveTransaction()
 4 SYSTEMPATH\CodeIgniter.php(457): CodeIgniter\CodeIgniter->runController(Object(App\Controllers\Selling))
 5 SYSTEMPATH\CodeIgniter.php(340): CodeIgniter\CodeIgniter->handleRequest(null, Object(Config\Cache), false)
 6 FCPATH\index.php(67): CodeIgniter\CodeIgniter->run()
CRITICAL - 2022-10-03 21:21:16 --> Object of type App\Controllers\Selling is not callable
in APPPATH\Controllers\Selling.php on line 118.
 1 SYSTEMPATH\CodeIgniter.php(898): App\Controllers\Selling->SaveTransaction()
 2 SYSTEMPATH\CodeIgniter.php(457): CodeIgniter\CodeIgniter->runController(Object(App\Controllers\Selling))
 3 SYSTEMPATH\CodeIgniter.php(340): CodeIgniter\CodeIgniter->handleRequest(null, Object(Config\Cache), false)
 4 FCPATH\index.php(67): CodeIgniter\CodeIgniter->run()
CRITICAL - 2022-10-03 21:22:28 --> Object of type App\Controllers\Selling is not callable
in APPPATH\Controllers\Selling.php on line 118.
 1 SYSTEMPATH\CodeIgniter.php(898): App\Controllers\Selling->SaveTransaction()
 2 SYSTEMPATH\CodeIgniter.php(457): CodeIgniter\CodeIgniter->runController(Object(App\Controllers\Selling))
 3 SYSTEMPATH\CodeIgniter.php(340): CodeIgniter\CodeIgniter->handleRequest(null, Object(Config\Cache), false)
 4 FCPATH\index.php(67): CodeIgniter\CodeIgniter->run()
CRITICAL - 2022-10-03 21:28:19 --> Object of type App\Controllers\Selling is not callable
in APPPATH\Controllers\Selling.php on line 118.
 1 SYSTEMPATH\CodeIgniter.php(898): App\Controllers\Selling->SaveTransaction()
 2 SYSTEMPATH\CodeIgniter.php(457): CodeIgniter\CodeIgniter->runController(Object(App\Controllers\Selling))
 3 SYSTEMPATH\CodeIgniter.php(340): CodeIgniter\CodeIgniter->handleRequest(null, Object(Config\Cache), false)
 4 FCPATH\index.php(67): CodeIgniter\CodeIgniter->run()
ERROR - 2022-10-03 21:28:38 --> mysqli_sql_exception: Unknown column 'id_user' in 'field list' in C:\xampp\htdocs\kasir-ci4\system\Database\MySQLi\Connection.php:292
Stack trace:
#0 C:\xampp\htdocs\kasir-ci4\system\Database\MySQLi\Connection.php(292): mysqli->query('INSERT INTO `tb...', 0)
#1 C:\xampp\htdocs\kasir-ci4\system\Database\BaseConnection.php(693): CodeIgniter\Database\MySQLi\Connection->execute('INSERT INTO `tb...')
#2 C:\xampp\htdocs\kasir-ci4\system\Database\BaseConnection.php(620): CodeIgniter\Database\BaseConnection->simpleQuery('INSERT INTO `tb...')
#3 C:\xampp\htdocs\kasir-ci4\system\Database\BaseBuilder.php(1916): CodeIgniter\Database\BaseConnection->query('INSERT INTO `tb...', Array, false)
#4 C:\xampp\htdocs\kasir-ci4\app\Models\ModelSell.php(49): CodeIgniter\Database\BaseBuilder->insert(Array)
#5 C:\xampp\htdocs\kasir-ci4\app\Controllers\Selling.php(118): App\Models\ModelSell->InsertSell(Array)
#6 C:\xampp\htdocs\kasir-ci4\system\CodeIgniter.php(898): App\Controllers\Selling->SaveTransaction()
#7 C:\xampp\htdocs\kasir-ci4\system\CodeIgniter.php(457): CodeIgniter\CodeIgniter->runController(Object(App\Controllers\Selling))
#8 C:\xampp\htdocs\kasir-ci4\system\CodeIgniter.php(340): CodeIgniter\CodeIgniter->handleRequest(NULL, Object(Config\Cache), false)
#9 C:\xampp\htdocs\kasir-ci4\public\index.php(67): CodeIgniter\CodeIgniter->run()
#10 {main}
CRITICAL - 2022-10-03 21:28:38 --> Unknown column 'id_user' in 'field list'
in SYSTEMPATH\Database\MySQLi\Connection.php on line 292.
 1 SYSTEMPATH\Database\MySQLi\Connection.php(292): mysqli->query('INSERT INTO `tbl_sell` (`no_code`, `date_sell`, `hour`, `grand_total`, `buyed`, `refund`, `id_user`) VALUES (\'202210030001\', \'2022-10-03\', \'21:28:38\', 74100, \'80000\', \'5900\', \'1\')', 0)
 2 SYSTEMPATH\Database\BaseConnection.php(693): CodeIgniter\Database\MySQLi\Connection->execute('INSERT INTO `tbl_sell` (`no_code`, `date_sell`, `hour`, `grand_total`, `buyed`, `refund`, `id_user`) VALUES (\'202210030001\', \'2022-10-03\', \'21:28:38\', 74100, \'80000\', \'5900\', \'1\')')
 3 SYSTEMPATH\Database\BaseConnection.php(620): CodeIgniter\Database\BaseConnection->simpleQuery('INSERT INTO `tbl_sell` (`no_code`, `date_sell`, `hour`, `grand_total`, `buyed`, `refund`, `id_user`) VALUES (\'202210030001\', \'2022-10-03\', \'21:28:38\', 74100, \'80000\', \'5900\', \'1\')')
 4 SYSTEMPATH\Database\BaseBuilder.php(1916): CodeIgniter\Database\BaseConnection->query('INSERT INTO `tbl_sell` (`no_code`, `date_sell`, `hour`, `grand_total`, `buyed`, `refund`, `id_user`) VALUES (:no_code:, :date_sell:, :hour:, :grand_total:, :buyed:, :refund:, :id_user:)', [...], false)
 5 APPPATH\Models\ModelSell.php(49): CodeIgniter\Database\BaseBuilder->insert([...])
 6 APPPATH\Controllers\Selling.php(118): App\Models\ModelSell->InsertSell([...])
 7 SYSTEMPATH\CodeIgniter.php(898): App\Controllers\Selling->SaveTransaction()
 8 SYSTEMPATH\CodeIgniter.php(457): CodeIgniter\CodeIgniter->runController(Object(App\Controllers\Selling))
 9 SYSTEMPATH\CodeIgniter.php(340): CodeIgniter\CodeIgniter->handleRequest(null, Object(Config\Cache), false)
10 FCPATH\index.php(67): CodeIgniter\CodeIgniter->run()
CRITICAL - 2022-10-03 23:30:35 --> Undefined property: App\Controllers\Report::$ModelProduct
in APPPATH\Controllers\Report.php on line 25.
 1 APPPATH\Controllers\Report.php(25): CodeIgniter\Debug\Exceptions->errorHandler(2, 'Undefined property: App\\Controllers\\Report::$ModelProduct', 'APPPATH\\Controllers\\Report.php', 25)
 2 SYSTEMPATH\CodeIgniter.php(898): App\Controllers\Report->PrintDataProduct()
 3 SYSTEMPATH\CodeIgniter.php(457): CodeIgniter\CodeIgniter->runController(Object(App\Controllers\Report))
 4 SYSTEMPATH\CodeIgniter.php(340): CodeIgniter\CodeIgniter->handleRequest(null, Object(Config\Cache), false)
 5 FCPATH\index.php(67): CodeIgniter\CodeIgniter->run()
CRITICAL - 2022-10-03 23:31:54 --> Undefined property: App\Controllers\Report::$ModelProduct
in APPPATH\Controllers\Report.php on line 25.
 1 APPPATH\Controllers\Report.php(25): CodeIgniter\Debug\Exceptions->errorHandler(2, 'Undefined property: App\\Controllers\\Report::$ModelProduct', 'APPPATH\\Controllers\\Report.php', 25)
 2 SYSTEMPATH\CodeIgniter.php(898): App\Controllers\Report->PrintDataProduct()
 3 SYSTEMPATH\CodeIgniter.php(457): CodeIgniter\CodeIgniter->runController(Object(App\Controllers\Report))
 4 SYSTEMPATH\CodeIgniter.php(340): CodeIgniter\CodeIgniter->handleRequest(null, Object(Config\Cache), false)
 5 FCPATH\index.php(67): CodeIgniter\CodeIgniter->run()
CRITICAL - 2022-10-03 23:32:36 --> Array to string conversion
in APPPATH\Views\report\v_template_print_report.php on line 30.
 1 APPPATH\Views\report\v_template_print_report.php(30): CodeIgniter\Debug\Exceptions->errorHandler(2, 'Array to string conversion', 'APPPATH\\Views\\report\\v_template_print_report.php', 30)
 2 SYSTEMPATH\View\View.php(213): include('APPPATH\\Views\\report\\v_template_print_report.php')
 3 SYSTEMPATH\View\View.php(216): CodeIgniter\View\View->CodeIgniter\View\{closure}()
 4 SYSTEMPATH\Common.php(1137): CodeIgniter\View\View->render('report/v_template_print_report', [], true)
 5 APPPATH\Controllers\Report.php(28): view('report/v_template_print_report', [...])
 6 SYSTEMPATH\CodeIgniter.php(898): App\Controllers\Report->PrintDataProduct()
 7 SYSTEMPATH\CodeIgniter.php(457): CodeIgniter\CodeIgniter->runController(Object(App\Controllers\Report))
 8 SYSTEMPATH\CodeIgniter.php(340): CodeIgniter\CodeIgniter->handleRequest(null, Object(Config\Cache), false)
 9 FCPATH\index.php(67): CodeIgniter\CodeIgniter->run()
CRITICAL - 2022-10-03 23:32:40 --> Array to string conversion
in APPPATH\Views\report\v_template_print_report.php on line 30.
 1 APPPATH\Views\report\v_template_print_report.php(30): CodeIgniter\Debug\Exceptions->errorHandler(2, 'Array to string conversion', 'APPPATH\\Views\\report\\v_template_print_report.php', 30)
 2 SYSTEMPATH\View\View.php(213): include('APPPATH\\Views\\report\\v_template_print_report.php')
 3 SYSTEMPATH\View\View.php(216): CodeIgniter\View\View->CodeIgniter\View\{closure}()
 4 SYSTEMPATH\Common.php(1137): CodeIgniter\View\View->render('report/v_template_print_report', [], true)
 5 APPPATH\Controllers\Report.php(28): view('report/v_template_print_report', [...])
 6 SYSTEMPATH\CodeIgniter.php(898): App\Controllers\Report->PrintDataProduct()
 7 SYSTEMPATH\CodeIgniter.php(457): CodeIgniter\CodeIgniter->runController(Object(App\Controllers\Report))
 8 SYSTEMPATH\CodeIgniter.php(340): CodeIgniter\CodeIgniter->handleRequest(null, Object(Config\Cache), false)
 9 FCPATH\index.php(67): CodeIgniter\CodeIgniter->run()
