CRITICAL - 2022-09-29 01:23:21 --> syntax error, unexpected token ";", expecting ")"
in APPPATH\Controllers\Product.php on line 61.
 1 SYSTEMPATH\Router\Router.php(499): CodeIgniter\Router\AutoRouter->getRoute('Product')
 2 SYSTEMPATH\Router\Router.php(205): CodeIgniter\Router\Router->autoRoute('Product')
 3 SYSTEMPATH\CodeIgniter.php(773): CodeIgniter\Router\Router->handle('Product')
 4 SYSTEMPATH\CodeIgniter.php(406): CodeIgniter\CodeIgniter->tryToRouteIt(Object(CodeIgniter\Router\RouteCollection))
 5 SYSTEMPATH\CodeIgniter.php(340): CodeIgniter\CodeIgniter->handleRequest(null, Object(Config\Cache), false)
 6 FCPATH\index.php(67): CodeIgniter\CodeIgniter->run()
CRITICAL - 2022-09-29 01:31:15 --> Unclosed '{' on line 27
in APPPATH\Views\v_product.php on line 175.
 1 SYSTEMPATH\View\View.php(216): CodeIgniter\View\View->CodeIgniter\View\{closure}()
 2 SYSTEMPATH\Common.php(1137): CodeIgniter\View\View->render('v_product', [], true)
 3 APPPATH\Views\v_template.php(316): view('v_product')
 4 SYSTEMPATH\View\View.php(213): include('APPPATH\\Views\\v_template.php')
 5 SYSTEMPATH\View\View.php(216): CodeIgniter\View\View->CodeIgniter\View\{closure}()
 6 SYSTEMPATH\Common.php(1137): CodeIgniter\View\View->render('v_template', [], true)
 7 APPPATH\Controllers\Product.php(30): view('v_template', [...])
 8 SYSTEMPATH\CodeIgniter.php(898): App\Controllers\Product->index()
 9 SYSTEMPATH\CodeIgniter.php(457): CodeIgniter\CodeIgniter->runController(Object(App\Controllers\Product))
10 SYSTEMPATH\CodeIgniter.php(340): CodeIgniter\CodeIgniter->handleRequest(null, Object(Config\Cache), false)
11 FCPATH\index.php(67): CodeIgniter\CodeIgniter->run()
CRITICAL - 2022-09-29 01:31:32 --> Unclosed '{' on line 27
in APPPATH\Views\v_product.php on line 177.
 1 SYSTEMPATH\View\View.php(216): CodeIgniter\View\View->CodeIgniter\View\{closure}()
 2 SYSTEMPATH\Common.php(1137): CodeIgniter\View\View->render('v_product', [], true)
 3 APPPATH\Views\v_template.php(316): view('v_product')
 4 SYSTEMPATH\View\View.php(213): include('APPPATH\\Views\\v_template.php')
 5 SYSTEMPATH\View\View.php(216): CodeIgniter\View\View->CodeIgniter\View\{closure}()
 6 SYSTEMPATH\Common.php(1137): CodeIgniter\View\View->render('v_template', [], true)
 7 APPPATH\Controllers\Product.php(30): view('v_template', [...])
 8 SYSTEMPATH\CodeIgniter.php(898): App\Controllers\Product->index()
 9 SYSTEMPATH\CodeIgniter.php(457): CodeIgniter\CodeIgniter->runController(Object(App\Controllers\Product))
10 SYSTEMPATH\CodeIgniter.php(340): CodeIgniter\CodeIgniter->handleRequest(null, Object(Config\Cache), false)
11 FCPATH\index.php(67): CodeIgniter\CodeIgniter->run()
CRITICAL - 2022-09-29 01:32:18 --> Unclosed '{' on line 27
in APPPATH\Views\v_product.php on line 177.
 1 SYSTEMPATH\View\View.php(216): CodeIgniter\View\View->CodeIgniter\View\{closure}()
 2 SYSTEMPATH\Common.php(1137): CodeIgniter\View\View->render('v_product', [], true)
 3 APPPATH\Views\v_template.php(316): view('v_product')
 4 SYSTEMPATH\View\View.php(213): include('APPPATH\\Views\\v_template.php')
 5 SYSTEMPATH\View\View.php(216): CodeIgniter\View\View->CodeIgniter\View\{closure}()
 6 SYSTEMPATH\Common.php(1137): CodeIgniter\View\View->render('v_template', [], true)
 7 APPPATH\Controllers\Product.php(30): view('v_template', [...])
 8 SYSTEMPATH\CodeIgniter.php(898): App\Controllers\Product->index()
 9 SYSTEMPATH\CodeIgniter.php(457): CodeIgniter\CodeIgniter->runController(Object(App\Controllers\Product))
10 SYSTEMPATH\CodeIgniter.php(340): CodeIgniter\CodeIgniter->handleRequest(null, Object(Config\Cache), false)
11 FCPATH\index.php(67): CodeIgniter\CodeIgniter->run()
CRITICAL - 2022-09-29 01:32:21 --> Unclosed '{' on line 27
in APPPATH\Views\v_product.php on line 177.
 1 SYSTEMPATH\View\View.php(216): CodeIgniter\View\View->CodeIgniter\View\{closure}()
 2 SYSTEMPATH\Common.php(1137): CodeIgniter\View\View->render('v_product', [], true)
 3 APPPATH\Views\v_template.php(316): view('v_product')
 4 SYSTEMPATH\View\View.php(213): include('APPPATH\\Views\\v_template.php')
 5 SYSTEMPATH\View\View.php(216): CodeIgniter\View\View->CodeIgniter\View\{closure}()
 6 SYSTEMPATH\Common.php(1137): CodeIgniter\View\View->render('v_template', [], true)
 7 APPPATH\Controllers\Product.php(30): view('v_template', [...])
 8 SYSTEMPATH\CodeIgniter.php(898): App\Controllers\Product->index()
 9 SYSTEMPATH\CodeIgniter.php(457): CodeIgniter\CodeIgniter->runController(Object(App\Controllers\Product))
10 SYSTEMPATH\CodeIgniter.php(340): CodeIgniter\CodeIgniter->handleRequest(null, Object(Config\Cache), false)
11 FCPATH\index.php(67): CodeIgniter\CodeIgniter->run()
CRITICAL - 2022-09-29 01:32:26 --> Unclosed '{' on line 27
in APPPATH\Views\v_product.php on line 177.
 1 SYSTEMPATH\View\View.php(216): CodeIgniter\View\View->CodeIgniter\View\{closure}()
 2 SYSTEMPATH\Common.php(1137): CodeIgniter\View\View->render('v_product', [], true)
 3 APPPATH\Views\v_template.php(316): view('v_product')
 4 SYSTEMPATH\View\View.php(213): include('APPPATH\\Views\\v_template.php')
 5 SYSTEMPATH\View\View.php(216): CodeIgniter\View\View->CodeIgniter\View\{closure}()
 6 SYSTEMPATH\Common.php(1137): CodeIgniter\View\View->render('v_template', [], true)
 7 APPPATH\Controllers\Product.php(30): view('v_template', [...])
 8 SYSTEMPATH\CodeIgniter.php(898): App\Controllers\Product->index()
 9 SYSTEMPATH\CodeIgniter.php(457): CodeIgniter\CodeIgniter->runController(Object(App\Controllers\Product))
10 SYSTEMPATH\CodeIgniter.php(340): CodeIgniter\CodeIgniter->handleRequest(null, Object(Config\Cache), false)
11 FCPATH\index.php(67): CodeIgniter\CodeIgniter->run()
CRITICAL - 2022-09-29 01:32:36 --> Unclosed '{' on line 27
in APPPATH\Views\v_product.php on line 161.
 1 SYSTEMPATH\View\View.php(216): CodeIgniter\View\View->CodeIgniter\View\{closure}()
 2 SYSTEMPATH\Common.php(1137): CodeIgniter\View\View->render('v_product', [], true)
 3 APPPATH\Views\v_template.php(316): view('v_product')
 4 SYSTEMPATH\View\View.php(213): include('APPPATH\\Views\\v_template.php')
 5 SYSTEMPATH\View\View.php(216): CodeIgniter\View\View->CodeIgniter\View\{closure}()
 6 SYSTEMPATH\Common.php(1137): CodeIgniter\View\View->render('v_template', [], true)
 7 APPPATH\Controllers\Product.php(30): view('v_template', [...])
 8 SYSTEMPATH\CodeIgniter.php(898): App\Controllers\Product->index()
 9 SYSTEMPATH\CodeIgniter.php(457): CodeIgniter\CodeIgniter->runController(Object(App\Controllers\Product))
10 SYSTEMPATH\CodeIgniter.php(340): CodeIgniter\CodeIgniter->handleRequest(null, Object(Config\Cache), false)
11 FCPATH\index.php(67): CodeIgniter\CodeIgniter->run()
CRITICAL - 2022-09-29 01:32:51 --> Unclosed '{' on line 27
in APPPATH\Views\v_product.php on line 175.
 1 SYSTEMPATH\View\View.php(216): CodeIgniter\View\View->CodeIgniter\View\{closure}()
 2 SYSTEMPATH\Common.php(1137): CodeIgniter\View\View->render('v_product', [], true)
 3 APPPATH\Views\v_template.php(316): view('v_product')
 4 SYSTEMPATH\View\View.php(213): include('APPPATH\\Views\\v_template.php')
 5 SYSTEMPATH\View\View.php(216): CodeIgniter\View\View->CodeIgniter\View\{closure}()
 6 SYSTEMPATH\Common.php(1137): CodeIgniter\View\View->render('v_template', [], true)
 7 APPPATH\Controllers\Product.php(30): view('v_template', [...])
 8 SYSTEMPATH\CodeIgniter.php(898): App\Controllers\Product->index()
 9 SYSTEMPATH\CodeIgniter.php(457): CodeIgniter\CodeIgniter->runController(Object(App\Controllers\Product))
10 SYSTEMPATH\CodeIgniter.php(340): CodeIgniter\CodeIgniter->handleRequest(null, Object(Config\Cache), false)
11 FCPATH\index.php(67): CodeIgniter\CodeIgniter->run()
CRITICAL - 2022-09-29 01:33:04 --> Unclosed '{' on line 27
in APPPATH\Views\v_product.php on line 177.
 1 SYSTEMPATH\View\View.php(216): CodeIgniter\View\View->CodeIgniter\View\{closure}()
 2 SYSTEMPATH\Common.php(1137): CodeIgniter\View\View->render('v_product', [], true)
 3 APPPATH\Views\v_template.php(316): view('v_product')
 4 SYSTEMPATH\View\View.php(213): include('APPPATH\\Views\\v_template.php')
 5 SYSTEMPATH\View\View.php(216): CodeIgniter\View\View->CodeIgniter\View\{closure}()
 6 SYSTEMPATH\Common.php(1137): CodeIgniter\View\View->render('v_template', [], true)
 7 APPPATH\Controllers\Product.php(30): view('v_template', [...])
 8 SYSTEMPATH\CodeIgniter.php(898): App\Controllers\Product->index()
 9 SYSTEMPATH\CodeIgniter.php(457): CodeIgniter\CodeIgniter->runController(Object(App\Controllers\Product))
10 SYSTEMPATH\CodeIgniter.php(340): CodeIgniter\CodeIgniter->handleRequest(null, Object(Config\Cache), false)
11 FCPATH\index.php(67): CodeIgniter\CodeIgniter->run()
CRITICAL - 2022-09-29 01:33:07 --> Unclosed '{' on line 27
in APPPATH\Views\v_product.php on line 177.
 1 SYSTEMPATH\View\View.php(216): CodeIgniter\View\View->CodeIgniter\View\{closure}()
 2 SYSTEMPATH\Common.php(1137): CodeIgniter\View\View->render('v_product', [], true)
 3 APPPATH\Views\v_template.php(316): view('v_product')
 4 SYSTEMPATH\View\View.php(213): include('APPPATH\\Views\\v_template.php')
 5 SYSTEMPATH\View\View.php(216): CodeIgniter\View\View->CodeIgniter\View\{closure}()
 6 SYSTEMPATH\Common.php(1137): CodeIgniter\View\View->render('v_template', [], true)
 7 APPPATH\Controllers\Product.php(30): view('v_template', [...])
 8 SYSTEMPATH\CodeIgniter.php(898): App\Controllers\Product->index()
 9 SYSTEMPATH\CodeIgniter.php(457): CodeIgniter\CodeIgniter->runController(Object(App\Controllers\Product))
10 SYSTEMPATH\CodeIgniter.php(340): CodeIgniter\CodeIgniter->handleRequest(null, Object(Config\Cache), false)
11 FCPATH\index.php(67): CodeIgniter\CodeIgniter->run()
CRITICAL - 2022-09-29 01:33:09 --> Unclosed '{' on line 27
in APPPATH\Views\v_product.php on line 177.
 1 SYSTEMPATH\View\View.php(216): CodeIgniter\View\View->CodeIgniter\View\{closure}()
 2 SYSTEMPATH\Common.php(1137): CodeIgniter\View\View->render('v_product', [], true)
 3 APPPATH\Views\v_template.php(316): view('v_product')
 4 SYSTEMPATH\View\View.php(213): include('APPPATH\\Views\\v_template.php')
 5 SYSTEMPATH\View\View.php(216): CodeIgniter\View\View->CodeIgniter\View\{closure}()
 6 SYSTEMPATH\Common.php(1137): CodeIgniter\View\View->render('v_template', [], true)
 7 APPPATH\Controllers\Product.php(30): view('v_template', [...])
 8 SYSTEMPATH\CodeIgniter.php(898): App\Controllers\Product->index()
 9 SYSTEMPATH\CodeIgniter.php(457): CodeIgniter\CodeIgniter->runController(Object(App\Controllers\Product))
10 SYSTEMPATH\CodeIgniter.php(340): CodeIgniter\CodeIgniter->handleRequest(null, Object(Config\Cache), false)
11 FCPATH\index.php(67): CodeIgniter\CodeIgniter->run()
CRITICAL - 2022-09-29 01:44:51 --> Undefined variable $errors
in APPPATH\Views\v_product.php on line 31.
 1 APPPATH\Views\v_product.php(31): CodeIgniter\Debug\Exceptions->errorHandler(2, 'Undefined variable $errors', 'APPPATH\\Views\\v_product.php', 31)
 2 SYSTEMPATH\View\View.php(213): include('APPPATH\\Views\\v_product.php')
 3 SYSTEMPATH\View\View.php(216): CodeIgniter\View\View->CodeIgniter\View\{closure}()
 4 SYSTEMPATH\Common.php(1137): CodeIgniter\View\View->render('v_product', [], true)
 5 APPPATH\Views\v_template.php(316): view('v_product')
 6 SYSTEMPATH\View\View.php(213): include('APPPATH\\Views\\v_template.php')
 7 SYSTEMPATH\View\View.php(216): CodeIgniter\View\View->CodeIgniter\View\{closure}()
 8 SYSTEMPATH\Common.php(1137): CodeIgniter\View\View->render('v_template', [], true)
 9 APPPATH\Controllers\Product.php(30): view('v_template', [...])
10 SYSTEMPATH\CodeIgniter.php(898): App\Controllers\Product->index()
11 SYSTEMPATH\CodeIgniter.php(457): CodeIgniter\CodeIgniter->runController(Object(App\Controllers\Product))
12 SYSTEMPATH\CodeIgniter.php(340): CodeIgniter\CodeIgniter->handleRequest(null, Object(Config\Cache), false)
13 FCPATH\index.php(67): CodeIgniter\CodeIgniter->run()
ERROR - 2022-09-29 02:37:00 --> mysqli_sql_exception: Unknown column 'data' in 'field list' in C:\xampp\htdocs\kasir-ci4\system\Database\MySQLi\Connection.php:292
Stack trace:
#0 C:\xampp\htdocs\kasir-ci4\system\Database\MySQLi\Connection.php(292): mysqli->query('INSERT INTO `tb...', 0)
#1 C:\xampp\htdocs\kasir-ci4\system\Database\BaseConnection.php(693): CodeIgniter\Database\MySQLi\Connection->execute('INSERT INTO `tb...')
#2 C:\xampp\htdocs\kasir-ci4\system\Database\BaseConnection.php(620): CodeIgniter\Database\BaseConnection->simpleQuery('INSERT INTO `tb...')
#3 C:\xampp\htdocs\kasir-ci4\system\Database\BaseBuilder.php(1916): CodeIgniter\Database\BaseConnection->query('INSERT INTO `tb...', Array, false)
#4 C:\xampp\htdocs\kasir-ci4\app\Models\ModelProduct.php(21): CodeIgniter\Database\BaseBuilder->insert('data')
#5 C:\xampp\htdocs\kasir-ci4\app\Controllers\Product.php(70): App\Models\ModelProduct->InsertData('data')
#6 C:\xampp\htdocs\kasir-ci4\system\CodeIgniter.php(898): App\Controllers\Product->InsertData()
#7 C:\xampp\htdocs\kasir-ci4\system\CodeIgniter.php(457): CodeIgniter\CodeIgniter->runController(Object(App\Controllers\Product))
#8 C:\xampp\htdocs\kasir-ci4\system\CodeIgniter.php(340): CodeIgniter\CodeIgniter->handleRequest(NULL, Object(Config\Cache), false)
#9 C:\xampp\htdocs\kasir-ci4\public\index.php(67): CodeIgniter\CodeIgniter->run()
#10 {main}
CRITICAL - 2022-09-29 02:37:00 --> Unknown column 'data' in 'field list'
in SYSTEMPATH\Database\MySQLi\Connection.php on line 292.
 1 SYSTEMPATH\Database\MySQLi\Connection.php(292): mysqli->query('INSERT INTO `tbl_product` (`data`) VALUES (\'\')', 0)
 2 SYSTEMPATH\Database\BaseConnection.php(693): CodeIgniter\Database\MySQLi\Connection->execute('INSERT INTO `tbl_product` (`data`) VALUES (\'\')')
 3 SYSTEMPATH\Database\BaseConnection.php(620): CodeIgniter\Database\BaseConnection->simpleQuery('INSERT INTO `tbl_product` (`data`) VALUES (\'\')')
 4 SYSTEMPATH\Database\BaseBuilder.php(1916): CodeIgniter\Database\BaseConnection->query('INSERT INTO `tbl_product` (`data`) VALUES (:data:)', [...], false)
 5 APPPATH\Models\ModelProduct.php(21): CodeIgniter\Database\BaseBuilder->insert('data')
 6 APPPATH\Controllers\Product.php(70): App\Models\ModelProduct->InsertData('data')
 7 SYSTEMPATH\CodeIgniter.php(898): App\Controllers\Product->InsertData()
 8 SYSTEMPATH\CodeIgniter.php(457): CodeIgniter\CodeIgniter->runController(Object(App\Controllers\Product))
 9 SYSTEMPATH\CodeIgniter.php(340): CodeIgniter\CodeIgniter->handleRequest(null, Object(Config\Cache), false)
10 FCPATH\index.php(67): CodeIgniter\CodeIgniter->run()
CRITICAL - 2022-09-29 02:49:06 --> Array to string conversion
in APPPATH\Views\v_product.php on line 165.
 1 APPPATH\Views\v_product.php(165): CodeIgniter\Debug\Exceptions->errorHandler(2, 'Array to string conversion', 'APPPATH\\Views\\v_product.php', 165)
 2 SYSTEMPATH\View\View.php(213): include('APPPATH\\Views\\v_product.php')
 3 SYSTEMPATH\View\View.php(216): CodeIgniter\View\View->CodeIgniter\View\{closure}()
 4 SYSTEMPATH\Common.php(1137): CodeIgniter\View\View->render('v_product', [], true)
 5 APPPATH\Views\v_template.php(316): view('v_product')
 6 SYSTEMPATH\View\View.php(213): include('APPPATH\\Views\\v_template.php')
 7 SYSTEMPATH\View\View.php(216): CodeIgniter\View\View->CodeIgniter\View\{closure}()
 8 SYSTEMPATH\Common.php(1137): CodeIgniter\View\View->render('v_template', [], true)
 9 APPPATH\Controllers\Product.php(30): view('v_template', [...])
10 SYSTEMPATH\CodeIgniter.php(898): App\Controllers\Product->index()
11 SYSTEMPATH\CodeIgniter.php(457): CodeIgniter\CodeIgniter->runController(Object(App\Controllers\Product))
12 SYSTEMPATH\CodeIgniter.php(340): CodeIgniter\CodeIgniter->handleRequest(null, Object(Config\Cache), false)
13 FCPATH\index.php(67): CodeIgniter\CodeIgniter->run()
CRITICAL - 2022-09-29 04:08:41 --> Undefined variable $product
in APPPATH\Views\v_product.php on line 263.
 1 APPPATH\Views\v_product.php(263): CodeIgniter\Debug\Exceptions->errorHandler(2, 'Undefined variable $product', 'APPPATH\\Views\\v_product.php', 263)
 2 SYSTEMPATH\View\View.php(213): include('APPPATH\\Views\\v_product.php')
 3 SYSTEMPATH\View\View.php(216): CodeIgniter\View\View->CodeIgniter\View\{closure}()
 4 SYSTEMPATH\Common.php(1137): CodeIgniter\View\View->render('v_product', [], true)
 5 APPPATH\Views\v_template.php(365): view('v_product')
 6 SYSTEMPATH\View\View.php(213): include('APPPATH\\Views\\v_template.php')
 7 SYSTEMPATH\View\View.php(216): CodeIgniter\View\View->CodeIgniter\View\{closure}()
 8 SYSTEMPATH\Common.php(1137): CodeIgniter\View\View->render('v_template', [], true)
 9 APPPATH\Controllers\Product.php(30): view('v_template', [...])
10 SYSTEMPATH\CodeIgniter.php(898): App\Controllers\Product->index()
11 SYSTEMPATH\CodeIgniter.php(457): CodeIgniter\CodeIgniter->runController(Object(App\Controllers\Product))
12 SYSTEMPATH\CodeIgniter.php(340): CodeIgniter\CodeIgniter->handleRequest(null, Object(Config\Cache), false)
13 FCPATH\index.php(67): CodeIgniter\CodeIgniter->run()
ERROR - 2022-09-29 04:32:53 --> mysqli_sql_exception: Duplicate entry '4' for key 'PRIMARY' in C:\xampp\htdocs\kasir-ci4\system\Database\MySQLi\Connection.php:292
Stack trace:
#0 C:\xampp\htdocs\kasir-ci4\system\Database\MySQLi\Connection.php(292): mysqli->query('INSERT INTO `tb...', 0)
#1 C:\xampp\htdocs\kasir-ci4\system\Database\BaseConnection.php(693): CodeIgniter\Database\MySQLi\Connection->execute('INSERT INTO `tb...')
#2 C:\xampp\htdocs\kasir-ci4\system\Database\BaseConnection.php(620): CodeIgniter\Database\BaseConnection->simpleQuery('INSERT INTO `tb...')
#3 C:\xampp\htdocs\kasir-ci4\system\Database\BaseBuilder.php(1916): CodeIgniter\Database\BaseConnection->query('INSERT INTO `tb...', Array, false)
#4 C:\xampp\htdocs\kasir-ci4\app\Models\ModelProduct.php(21): CodeIgniter\Database\BaseBuilder->insert(Array)
#5 C:\xampp\htdocs\kasir-ci4\app\Controllers\Product.php(109): App\Models\ModelProduct->InsertData(Array)
#6 C:\xampp\htdocs\kasir-ci4\system\CodeIgniter.php(898): App\Controllers\Product->UpdateData('4')
#7 C:\xampp\htdocs\kasir-ci4\system\CodeIgniter.php(457): CodeIgniter\CodeIgniter->runController(Object(App\Controllers\Product))
#8 C:\xampp\htdocs\kasir-ci4\system\CodeIgniter.php(340): CodeIgniter\CodeIgniter->handleRequest(NULL, Object(Config\Cache), false)
#9 C:\xampp\htdocs\kasir-ci4\public\index.php(67): CodeIgniter\CodeIgniter->run()
#10 {main}
CRITICAL - 2022-09-29 04:32:53 --> Duplicate entry '4' for key 'PRIMARY'
in SYSTEMPATH\Database\MySQLi\Connection.php on line 292.
 1 SYSTEMPATH\Database\MySQLi\Connection.php(292): mysqli->query('INSERT INTO `tbl_product` (`id_product`, `name_product`, `id_category`, `id_unit`, `purchase_price`, `selling_price`, `stock`) VALUES (\'4\', \'Arduino\', \'7\', \'1\', \'85000\', \'90000\', \'100\')', 0)
 2 SYSTEMPATH\Database\BaseConnection.php(693): CodeIgniter\Database\MySQLi\Connection->execute('INSERT INTO `tbl_product` (`id_product`, `name_product`, `id_category`, `id_unit`, `purchase_price`, `selling_price`, `stock`) VALUES (\'4\', \'Arduino\', \'7\', \'1\', \'85000\', \'90000\', \'100\')')
 3 SYSTEMPATH\Database\BaseConnection.php(620): CodeIgniter\Database\BaseConnection->simpleQuery('INSERT INTO `tbl_product` (`id_product`, `name_product`, `id_category`, `id_unit`, `purchase_price`, `selling_price`, `stock`) VALUES (\'4\', \'Arduino\', \'7\', \'1\', \'85000\', \'90000\', \'100\')')
 4 SYSTEMPATH\Database\BaseBuilder.php(1916): CodeIgniter\Database\BaseConnection->query('INSERT INTO `tbl_product` (`id_product`, `name_product`, `id_category`, `id_unit`, `purchase_price`, `selling_price`, `stock`) VALUES (:id_product:, :name_product:, :id_category:, :id_unit:, :purchase_price:, :selling_price:, :stock:)', [...], false)
 5 APPPATH\Models\ModelProduct.php(21): CodeIgniter\Database\BaseBuilder->insert([...])
 6 APPPATH\Controllers\Product.php(109): App\Models\ModelProduct->InsertData([...])
 7 SYSTEMPATH\CodeIgniter.php(898): App\Controllers\Product->UpdateData('4')
 8 SYSTEMPATH\CodeIgniter.php(457): CodeIgniter\CodeIgniter->runController(Object(App\Controllers\Product))
 9 SYSTEMPATH\CodeIgniter.php(340): CodeIgniter\CodeIgniter->handleRequest(null, Object(Config\Cache), false)
10 FCPATH\index.php(67): CodeIgniter\CodeIgniter->run()
ERROR - 2022-09-29 04:38:46 --> mysqli_sql_exception: Duplicate entry '1' for key 'PRIMARY' in C:\xampp\htdocs\kasir-ci4\system\Database\MySQLi\Connection.php:292
Stack trace:
#0 C:\xampp\htdocs\kasir-ci4\system\Database\MySQLi\Connection.php(292): mysqli->query('INSERT INTO `tb...', 0)
#1 C:\xampp\htdocs\kasir-ci4\system\Database\BaseConnection.php(693): CodeIgniter\Database\MySQLi\Connection->execute('INSERT INTO `tb...')
#2 C:\xampp\htdocs\kasir-ci4\system\Database\BaseConnection.php(620): CodeIgniter\Database\BaseConnection->simpleQuery('INSERT INTO `tb...')
#3 C:\xampp\htdocs\kasir-ci4\system\Database\BaseBuilder.php(1916): CodeIgniter\Database\BaseConnection->query('INSERT INTO `tb...', Array, false)
#4 C:\xampp\htdocs\kasir-ci4\app\Models\ModelProduct.php(21): CodeIgniter\Database\BaseBuilder->insert(Array)
#5 C:\xampp\htdocs\kasir-ci4\app\Controllers\Product.php(109): App\Models\ModelProduct->InsertData(Array)
#6 C:\xampp\htdocs\kasir-ci4\system\CodeIgniter.php(898): App\Controllers\Product->UpdateData('1')
#7 C:\xampp\htdocs\kasir-ci4\system\CodeIgniter.php(457): CodeIgniter\CodeIgniter->runController(Object(App\Controllers\Product))
#8 C:\xampp\htdocs\kasir-ci4\system\CodeIgniter.php(340): CodeIgniter\CodeIgniter->handleRequest(NULL, Object(Config\Cache), false)
#9 C:\xampp\htdocs\kasir-ci4\public\index.php(67): CodeIgniter\CodeIgniter->run()
#10 {main}
CRITICAL - 2022-09-29 04:38:46 --> Duplicate entry '1' for key 'PRIMARY'
in SYSTEMPATH\Database\MySQLi\Connection.php on line 292.
 1 SYSTEMPATH\Database\MySQLi\Connection.php(292): mysqli->query('INSERT INTO `tbl_product` (`id_product`, `name_product`, `id_category`, `id_unit`, `purchase_price`, `selling_price`, `stock`) VALUES (\'1\', \'Bungkus Nasi Uduk\', \'1\', \'7\', \'5000\', \'7000\', \'9\')', 0)
 2 SYSTEMPATH\Database\BaseConnection.php(693): CodeIgniter\Database\MySQLi\Connection->execute('INSERT INTO `tbl_product` (`id_product`, `name_product`, `id_category`, `id_unit`, `purchase_price`, `selling_price`, `stock`) VALUES (\'1\', \'Bungkus Nasi Uduk\', \'1\', \'7\', \'5000\', \'7000\', \'9\')')
 3 SYSTEMPATH\Database\BaseConnection.php(620): CodeIgniter\Database\BaseConnection->simpleQuery('INSERT INTO `tbl_product` (`id_product`, `name_product`, `id_category`, `id_unit`, `purchase_price`, `selling_price`, `stock`) VALUES (\'1\', \'Bungkus Nasi Uduk\', \'1\', \'7\', \'5000\', \'7000\', \'9\')')
 4 SYSTEMPATH\Database\BaseBuilder.php(1916): CodeIgniter\Database\BaseConnection->query('INSERT INTO `tbl_product` (`id_product`, `name_product`, `id_category`, `id_unit`, `purchase_price`, `selling_price`, `stock`) VALUES (:id_product:, :name_product:, :id_category:, :id_unit:, :purchase_price:, :selling_price:, :stock:)', [...], false)
 5 APPPATH\Models\ModelProduct.php(21): CodeIgniter\Database\BaseBuilder->insert([...])
 6 APPPATH\Controllers\Product.php(109): App\Models\ModelProduct->InsertData([...])
 7 SYSTEMPATH\CodeIgniter.php(898): App\Controllers\Product->UpdateData('1')
 8 SYSTEMPATH\CodeIgniter.php(457): CodeIgniter\CodeIgniter->runController(Object(App\Controllers\Product))
 9 SYSTEMPATH\CodeIgniter.php(340): CodeIgniter\CodeIgniter->handleRequest(null, Object(Config\Cache), false)
10 FCPATH\index.php(67): CodeIgniter\CodeIgniter->run()
CRITICAL - 2022-09-29 20:49:27 --> Undefined variable $value
in APPPATH\Views\v_setting.php on line 27.
 1 APPPATH\Views\v_setting.php(27): CodeIgniter\Debug\Exceptions->errorHandler(2, 'Undefined variable $value', 'APPPATH\\Views\\v_setting.php', 27)
 2 SYSTEMPATH\View\View.php(213): include('APPPATH\\Views\\v_setting.php')
 3 SYSTEMPATH\View\View.php(216): CodeIgniter\View\View->CodeIgniter\View\{closure}()
 4 SYSTEMPATH\Common.php(1137): CodeIgniter\View\View->render('v_setting', [], true)
 5 APPPATH\Views\v_template.php(365): view('v_setting')
 6 SYSTEMPATH\View\View.php(213): include('APPPATH\\Views\\v_template.php')
 7 SYSTEMPATH\View\View.php(216): CodeIgniter\View\View->CodeIgniter\View\{closure}()
 8 SYSTEMPATH\Common.php(1137): CodeIgniter\View\View->render('v_template', [], true)
 9 APPPATH\Controllers\Admin.php(30): view('v_template', [...])
10 SYSTEMPATH\CodeIgniter.php(898): App\Controllers\Admin->Setting()
11 SYSTEMPATH\CodeIgniter.php(457): CodeIgniter\CodeIgniter->runController(Object(App\Controllers\Admin))
12 SYSTEMPATH\CodeIgniter.php(340): CodeIgniter\CodeIgniter->handleRequest(null, Object(Config\Cache), false)
13 FCPATH\index.php(67): CodeIgniter\CodeIgniter->run()
CRITICAL - 2022-09-29 21:27:38 --> Undefined variable $value
in APPPATH\Views\v_setting.php on line 27.
 1 APPPATH\Views\v_setting.php(27): CodeIgniter\Debug\Exceptions->errorHandler(2, 'Undefined variable $value', 'APPPATH\\Views\\v_setting.php', 27)
 2 SYSTEMPATH\View\View.php(213): include('APPPATH\\Views\\v_setting.php')
 3 SYSTEMPATH\View\View.php(216): CodeIgniter\View\View->CodeIgniter\View\{closure}()
 4 SYSTEMPATH\Common.php(1137): CodeIgniter\View\View->render('v_setting', [], true)
 5 APPPATH\Views\v_template.php(365): view('v_setting')
 6 SYSTEMPATH\View\View.php(213): include('APPPATH\\Views\\v_template.php')
 7 SYSTEMPATH\View\View.php(216): CodeIgniter\View\View->CodeIgniter\View\{closure}()
 8 SYSTEMPATH\Common.php(1137): CodeIgniter\View\View->render('v_template', [], true)
 9 APPPATH\Controllers\Admin.php(30): view('v_template', [...])
10 SYSTEMPATH\CodeIgniter.php(898): App\Controllers\Admin->Setting()
11 SYSTEMPATH\CodeIgniter.php(457): CodeIgniter\CodeIgniter->runController(Object(App\Controllers\Admin))
12 SYSTEMPATH\CodeIgniter.php(340): CodeIgniter\CodeIgniter->handleRequest(null, Object(Config\Cache), false)
13 FCPATH\index.php(67): CodeIgniter\CodeIgniter->run()
CRITICAL - 2022-09-29 22:36:13 --> Undefined variable $value
in APPPATH\Views\v_user.php on line 95.
 1 APPPATH\Views\v_user.php(95): CodeIgniter\Debug\Exceptions->errorHandler(2, 'Undefined variable $value', 'APPPATH\\Views\\v_user.php', 95)
 2 SYSTEMPATH\View\View.php(213): include('APPPATH\\Views\\v_user.php')
 3 SYSTEMPATH\View\View.php(216): CodeIgniter\View\View->CodeIgniter\View\{closure}()
 4 SYSTEMPATH\Common.php(1137): CodeIgniter\View\View->render('v_user', [], true)
 5 APPPATH\Views\v_template.php(365): view('v_user')
 6 SYSTEMPATH\View\View.php(213): include('APPPATH\\Views\\v_template.php')
 7 SYSTEMPATH\View\View.php(216): CodeIgniter\View\View->CodeIgniter\View\{closure}()
 8 SYSTEMPATH\Common.php(1137): CodeIgniter\View\View->render('v_template', [], true)
 9 APPPATH\Controllers\User.php(25): view('v_template', [...])
10 SYSTEMPATH\CodeIgniter.php(898): App\Controllers\User->index()
11 SYSTEMPATH\CodeIgniter.php(457): CodeIgniter\CodeIgniter->runController(Object(App\Controllers\User))
12 SYSTEMPATH\CodeIgniter.php(340): CodeIgniter\CodeIgniter->handleRequest(null, Object(Config\Cache), false)
13 FCPATH\index.php(67): CodeIgniter\CodeIgniter->run()
CRITICAL - 2022-09-29 22:38:35 --> Undefined array key "name_user"
in APPPATH\Views\v_user.php on line 41.
 1 APPPATH\Views\v_user.php(41): CodeIgniter\Debug\Exceptions->errorHandler(2, 'Undefined array key "name_user"', 'APPPATH\\Views\\v_user.php', 41)
 2 SYSTEMPATH\View\View.php(213): include('APPPATH\\Views\\v_user.php')
 3 SYSTEMPATH\View\View.php(216): CodeIgniter\View\View->CodeIgniter\View\{closure}()
 4 SYSTEMPATH\Common.php(1137): CodeIgniter\View\View->render('v_user', [], true)
 5 APPPATH\Views\v_template.php(365): view('v_user')
 6 SYSTEMPATH\View\View.php(213): include('APPPATH\\Views\\v_template.php')
 7 SYSTEMPATH\View\View.php(216): CodeIgniter\View\View->CodeIgniter\View\{closure}()
 8 SYSTEMPATH\Common.php(1137): CodeIgniter\View\View->render('v_template', [], true)
 9 APPPATH\Controllers\User.php(25): view('v_template', [...])
10 SYSTEMPATH\CodeIgniter.php(898): App\Controllers\User->index()
11 SYSTEMPATH\CodeIgniter.php(457): CodeIgniter\CodeIgniter->runController(Object(App\Controllers\User))
12 SYSTEMPATH\CodeIgniter.php(340): CodeIgniter\CodeIgniter->handleRequest(null, Object(Config\Cache), false)
13 FCPATH\index.php(67): CodeIgniter\CodeIgniter->run()
ERROR - 2022-09-29 22:41:08 --> mysqli_sql_exception: Unknown column 'name_unit' in 'field list' in C:\xampp\htdocs\kasir-ci4\system\Database\MySQLi\Connection.php:292
Stack trace:
#0 C:\xampp\htdocs\kasir-ci4\system\Database\MySQLi\Connection.php(292): mysqli->query('INSERT INTO `tb...', 0)
#1 C:\xampp\htdocs\kasir-ci4\system\Database\BaseConnection.php(693): CodeIgniter\Database\MySQLi\Connection->execute('INSERT INTO `tb...')
#2 C:\xampp\htdocs\kasir-ci4\system\Database\BaseConnection.php(620): CodeIgniter\Database\BaseConnection->simpleQuery('INSERT INTO `tb...')
#3 C:\xampp\htdocs\kasir-ci4\system\Database\BaseBuilder.php(1916): CodeIgniter\Database\BaseConnection->query('INSERT INTO `tb...', Array, false)
#4 C:\xampp\htdocs\kasir-ci4\app\Models\ModelUnit.php(18): CodeIgniter\Database\BaseBuilder->insert(Array)
#5 C:\xampp\htdocs\kasir-ci4\app\Controllers\Unit.php(31): App\Models\ModelUnit->InsertData(Array)
#6 C:\xampp\htdocs\kasir-ci4\system\CodeIgniter.php(898): App\Controllers\Unit->InsertData()
#7 C:\xampp\htdocs\kasir-ci4\system\CodeIgniter.php(457): CodeIgniter\CodeIgniter->runController(Object(App\Controllers\Unit))
#8 C:\xampp\htdocs\kasir-ci4\system\CodeIgniter.php(340): CodeIgniter\CodeIgniter->handleRequest(NULL, Object(Config\Cache), false)
#9 C:\xampp\htdocs\kasir-ci4\public\index.php(67): CodeIgniter\CodeIgniter->run()
#10 {main}
CRITICAL - 2022-09-29 22:41:08 --> Unknown column 'name_unit' in 'field list'
in SYSTEMPATH\Database\MySQLi\Connection.php on line 292.
 1 SYSTEMPATH\Database\MySQLi\Connection.php(292): mysqli->query('INSERT INTO `tbl_unit` (`name_unit`) VALUES (\'PCS\')', 0)
 2 SYSTEMPATH\Database\BaseConnection.php(693): CodeIgniter\Database\MySQLi\Connection->execute('INSERT INTO `tbl_unit` (`name_unit`) VALUES (\'PCS\')')
 3 SYSTEMPATH\Database\BaseConnection.php(620): CodeIgniter\Database\BaseConnection->simpleQuery('INSERT INTO `tbl_unit` (`name_unit`) VALUES (\'PCS\')')
 4 SYSTEMPATH\Database\BaseBuilder.php(1916): CodeIgniter\Database\BaseConnection->query('INSERT INTO `tbl_unit` (`name_unit`) VALUES (:name_unit:)', [...], false)
 5 APPPATH\Models\ModelUnit.php(18): CodeIgniter\Database\BaseBuilder->insert([...])
 6 APPPATH\Controllers\Unit.php(31): App\Models\ModelUnit->InsertData([...])
 7 SYSTEMPATH\CodeIgniter.php(898): App\Controllers\Unit->InsertData()
 8 SYSTEMPATH\CodeIgniter.php(457): CodeIgniter\CodeIgniter->runController(Object(App\Controllers\Unit))
 9 SYSTEMPATH\CodeIgniter.php(340): CodeIgniter\CodeIgniter->handleRequest(null, Object(Config\Cache), false)
10 FCPATH\index.php(67): CodeIgniter\CodeIgniter->run()
